[MASTER] 14:47:44.228 [pool-2-thread-1] WARN  TestSuiteSerialization - Cannot load tests because file does not exist: /home/rickecr/Documentos/fulano-de-sal/.evosuite/evosuite-seeds/br.com.marmitaria.persistence.service.GenericService.seed
[MASTER] 14:47:46.747 [pool-2-thread-1] WARN  TestChromosome - Functional mock problem: org.evosuite.ga.ConstructionFailedException: Have no generator for java.util.Optional<java.lang.Object> canUseFunctionalMocks=true, canBeMocked: false
[MASTER] 14:47:46.750 [pool-2-thread-1] WARN  TestChromosome - Functional mock problem: org.evosuite.ga.ConstructionFailedException: Have no generator for java.util.Optional<java.lang.Integer> canUseFunctionalMocks=true, canBeMocked: false
[MASTER] 14:47:46.807 [pool-2-thread-1] WARN  TestChromosome - Functional mock problem: org.evosuite.ga.ConstructionFailedException: Have no generator for java.util.Optional<java.lang.String> canUseFunctionalMocks=true, canBeMocked: false
[MASTER] 14:47:47.008 [pool-2-thread-1] WARN  TestFactory - Bounded variable issue when calling createVariable()
[MASTER] 14:47:47.008 [pool-2-thread-1] WARN  TestChromosome - Functional mock problem: org.evosuite.ga.ConstructionFailedException: No objects and generators for type br.com.marmitaria.persistence.service.GenericService<T>
[MASTER] 14:47:47.026 [pool-2-thread-1] WARN  TestChromosome - Functional mock problem: org.evosuite.ga.ConstructionFailedException: Error: VariableReference: Statement 6, type java.util.function.Function<java.lang.Object, java.util.Optional<java.lang.Object>> is not assignable to java.util.function.Function<? super java.lang.Object, ? extends java.util.Optional<java.lang.Integer>>
[MASTER] 14:47:47.200 [pool-2-thread-1] WARN  TestChromosome - Functional mock problem: org.evosuite.ga.ConstructionFailedException: Have no generator for java.util.Optional<java.lang.Integer> canUseFunctionalMocks=false, canBeMocked: false
[MASTER] 14:47:47.255 [pool-2-thread-1] WARN  TestChromosome - Functional mock problem: org.evosuite.ga.ConstructionFailedException: Failed to add constructor for org.springframework.data.util.Lazy due to org.evosuite.ga.ConstructionFailedException: Failed to add constructor for org.springframework.util.function.SingletonSupplier due to org.evosuite.ga.ConstructionFailedException: Max recursion depth reached
[MASTER] 14:47:47.401 [pool-2-thread-1] WARN  TestChromosome - Functional mock problem: org.evosuite.ga.ConstructionFailedException: Failed to add constructor for org.springframework.util.function.SingletonSupplier due to org.evosuite.ga.ConstructionFailedException: Max recursion depth reached
[MASTER] 14:47:47.568 [pool-2-thread-1] WARN  TestChromosome - Functional mock problem: org.evosuite.ga.ConstructionFailedException: Error: VariableReference: Statement 15, type java.util.function.Function<java.lang.Object, java.util.Optional<java.lang.Object>> is not assignable to java.util.function.Function<? super java.lang.Object, ? extends java.util.Optional<java.lang.Integer>>
[MASTER] 14:47:47.598 [pool-2-thread-1] WARN  TestChromosome - Functional mock problem: org.evosuite.ga.ConstructionFailedException: Have no generator for br.com.marmitaria.persistence.service.GenericService<java.lang.String> canUseFunctionalMocks=false, canBeMocked: false
[MASTER] 14:47:47.745 [pool-2-thread-1] WARN  TestChromosome - Functional mock problem: org.evosuite.ga.ConstructionFailedException: Error: VariableReference: Statement 8, type java.util.function.Function<java.lang.Object, java.util.Optional<java.lang.Object>> is not assignable to java.util.function.Function<? super java.lang.Object, ? extends java.util.Optional<java.lang.Integer>>
[MASTER] 14:47:47.782 [pool-2-thread-1] WARN  TestChromosome - Functional mock problem: org.evosuite.ga.ConstructionFailedException: Error: VariableReference: Statement 15, type java.util.function.Function<java.lang.Object, org.springframework.data.util.Lazy<java.util.Optional<java.lang.Object>>> is not assignable to java.util.function.Function<? super java.lang.Object, org.springframework.data.util.Lazy<?>>
[MASTER] 14:47:47.954 [pool-2-thread-1] WARN  TestChromosome - Functional mock problem: org.evosuite.ga.ConstructionFailedException: Error: VariableReference: Statement 23, type java.util.function.Function<java.lang.Object, org.springframework.data.util.Lazy<java.lang.String>> is not assignable to java.util.function.Function<? super java.lang.Object, org.springframework.data.util.Lazy<?>>
[MASTER] 14:47:48.132 [pool-2-thread-1] WARN  TestChromosome - Functional mock problem: org.evosuite.ga.ConstructionFailedException: Have no generator for class java.util.Locale$LanguageRange canUseFunctionalMocks=true, canBeMocked: false
[MASTER] 14:47:48.165 [pool-2-thread-1] WARN  TestChromosome - Functional mock problem: org.evosuite.ga.ConstructionFailedException: Error: VariableReference: Statement 5, type java.util.function.Function<java.lang.Object, java.util.Optional<java.lang.Object>> is not assignable to java.util.function.Function<? super java.lang.Object, ? extends java.util.Optional<java.lang.Integer>>
[MASTER] 14:47:48.178 [pool-2-thread-1] WARN  TestChromosome - Functional mock problem: org.evosuite.ga.ConstructionFailedException: Have no generator for java.util.Optional<java.util.Locale$LanguageRange> canUseFunctionalMocks=true, canBeMocked: false
[MASTER] 14:47:48.194 [pool-2-thread-1] WARN  TestChromosome - Functional mock problem: org.evosuite.ga.ConstructionFailedException: Error: VariableReference: Statement 7, type java.util.function.Function<java.lang.Object, java.util.Optional<java.lang.Object>> is not assignable to java.util.function.Function<? super java.lang.Object, ? extends java.util.Optional<java.lang.Integer>>
[MASTER] 14:47:48.237 [pool-2-thread-1] WARN  TestChromosome - Functional mock problem: org.evosuite.ga.ConstructionFailedException: Error: VariableReference: Statement 12, type java.util.function.Function<java.util.Optional<java.lang.Object>, org.springframework.data.util.Lazy<java.util.Optional<java.lang.Object>>> is not assignable to java.util.function.Function<? super java.util.Optional<java.lang.Object>, org.springframework.data.util.Lazy<? extends java.util.Optional<java.lang.Object>>>
[MASTER] 14:47:48.316 [pool-2-thread-1] WARN  TestChromosome - Functional mock problem: org.evosuite.ga.ConstructionFailedException: Error: VariableReference: Statement 27, type java.util.function.Function<java.lang.Object, org.springframework.data.util.Lazy<java.util.Optional<java.lang.Object>>> is not assignable to java.util.function.Function<? super java.util.Optional<java.lang.Object>, org.springframework.data.util.Lazy<? extends java.util.Optional<java.lang.Object>>>
[MASTER] 14:47:48.380 [pool-2-thread-1] WARN  TestChromosome - Functional mock problem: org.evosuite.ga.ConstructionFailedException: Error: VariableReference: Statement 23, type java.util.function.Function<java.lang.Object, org.springframework.data.util.Lazy<java.util.Optional<java.lang.Object>>> is not assignable to java.util.function.Function<? super java.lang.Object, ? extends org.springframework.data.util.Lazy<java.lang.String>>
[MASTER] 14:47:48.452 [pool-2-thread-1] WARN  TestChromosome - Functional mock problem: org.evosuite.ga.ConstructionFailedException: Failed to add constructor for br.com.marmitaria.persistence.service.GenericService due to org.evosuite.ga.ConstructionFailedException: Max recursion depth reached
[MASTER] 14:47:48.631 [pool-2-thread-1] WARN  TestChromosome - Functional mock problem: org.evosuite.ga.ConstructionFailedException: Error: VariableReference: Statement 26, type java.util.function.Function<java.lang.Object, org.springframework.data.util.Lazy<org.springframework.data.domain.ExampleMatcher$NullHandler>> is not assignable to java.util.function.Function<? super java.lang.Object, org.springframework.data.util.Lazy<?>>
[MASTER] 14:47:48.693 [pool-2-thread-1] WARN  TestChromosome - Functional mock problem: org.evosuite.ga.ConstructionFailedException: Error: VariableReference: Statement 8, type java.util.function.Function<java.util.Optional<java.lang.Object>, org.springframework.data.util.Lazy<java.util.Optional<java.lang.Object>>> is not assignable to java.util.function.Function<? super java.util.Optional<java.lang.Object>, org.springframework.data.util.Lazy<? extends java.util.Optional<java.lang.Object>>>
[MASTER] 14:47:48.774 [pool-2-thread-1] WARN  TestChromosome - Functional mock problem: org.evosuite.ga.ConstructionFailedException: Error: VariableReference: Statement 7, type java.util.function.Function<java.util.Optional<java.lang.Object>, org.springframework.data.util.Lazy<java.util.Optional<java.lang.Object>>> is not assignable to java.util.function.Function<? super java.util.Optional<java.lang.Object>, org.springframework.data.util.Lazy<? extends java.util.Optional<java.lang.Object>>>
[MASTER] 14:47:48.869 [pool-2-thread-1] WARN  TestChromosome - Functional mock problem: org.evosuite.ga.ConstructionFailedException: Max recursion depth reached
[MASTER] 14:47:48.928 [pool-2-thread-1] WARN  TestChromosome - Functional mock problem: org.evosuite.ga.ConstructionFailedException: Have no generator for java.util.Optional<org.springframework.data.domain.ExampleMatcher$NullHandler> canUseFunctionalMocks=true, canBeMocked: false
[MASTER] 14:47:48.987 [pool-2-thread-1] WARN  TestChromosome - Functional mock problem: org.evosuite.ga.ConstructionFailedException: Error: VariableReference: Statement 24, type java.util.function.Function<java.lang.Object, org.springframework.data.util.Lazy<java.util.Optional<java.lang.Object>>> is not assignable to java.util.function.Function<? super java.lang.Object, ? extends org.springframework.data.util.Lazy<java.sql.SQLTransientConnectionException>>
[MASTER] 14:47:49.017 [pool-2-thread-1] WARN  TestChromosome - Functional mock problem: org.evosuite.ga.ConstructionFailedException: Error: VariableReference: Statement 8, type java.util.function.Function<java.lang.Object, java.util.Optional<java.lang.Object>> is not assignable to java.util.function.Function<? super java.lang.Object, ? extends java.util.Optional<java.util.Optional<java.lang.Object>>>
[MASTER] 14:47:49.098 [pool-2-thread-1] WARN  TestChromosome - Functional mock problem: org.evosuite.ga.ConstructionFailedException: Have no generator for br.com.marmitaria.persistence.service.GenericService<java.util.Locale$LanguageRange> canUseFunctionalMocks=false, canBeMocked: false
[MASTER] 14:47:49.183 [pool-2-thread-1] WARN  TestChromosome - Functional mock problem: org.evosuite.ga.ConstructionFailedException: Error: VariableReference: Statement 15, type java.util.function.Function<java.util.Optional<java.lang.Object>, org.springframework.data.util.Lazy<java.util.Optional<java.lang.Object>>> is not assignable to java.util.function.Function<? super java.util.Optional<java.lang.Object>, org.springframework.data.util.Lazy<? extends java.util.Optional<java.lang.Object>>>
[MASTER] 14:47:49.198 [pool-2-thread-1] WARN  TestChromosome - Functional mock problem: org.evosuite.ga.ConstructionFailedException: Failed to add constructor for org.springframework.data.util.Lazy due to org.evosuite.ga.ConstructionFailedException: Failed to add constructor for br.com.marmitaria.persistence.service.GenericService due to org.evosuite.ga.ConstructionFailedException: Max recursion depth reached
[MASTER] 14:47:49.207 [pool-2-thread-1] WARN  TestChromosome - Functional mock problem: org.evosuite.ga.ConstructionFailedException: Error: VariableReference: Statement 9, type java.util.function.Function<java.lang.Object, org.springframework.data.util.Lazy<java.util.Optional<java.lang.Object>>> is not assignable to java.util.function.Function<? super java.util.Optional<java.lang.Object>, org.springframework.data.util.Lazy<? extends java.util.Optional<java.lang.Object>>>
[MASTER] 14:47:49.220 [pool-2-thread-1] WARN  TestChromosome - Functional mock problem: org.evosuite.ga.ConstructionFailedException: Error: VariableReference: Statement 16, type java.util.function.Function<java.lang.Object, java.util.Optional<java.lang.Object>> is not assignable to java.util.function.Function<? super java.lang.Object, ? extends java.util.Optional<java.lang.Integer>>
[MASTER] 14:47:49.244 [pool-2-thread-1] WARN  TestChromosome - Functional mock problem: org.evosuite.ga.ConstructionFailedException: Have no generator for java.util.Optional<java.util.Optional<java.lang.Object>> canUseFunctionalMocks=true, canBeMocked: false
[MASTER] 14:47:49.253 [pool-2-thread-1] WARN  TestChromosome - Functional mock problem: org.evosuite.ga.ConstructionFailedException: Failed to add constructor for org.springframework.data.util.Lazy due to org.evosuite.ga.ConstructionFailedException: Have no generator for org.springframework.data.util.Lazy<java.lang.Integer> canUseFunctionalMocks=false, canBeMocked: true
[MASTER] 14:47:49.340 [pool-2-thread-1] WARN  TestChromosome - Functional mock problem: org.evosuite.ga.ConstructionFailedException: Have no generator for br.com.marmitaria.persistence.service.GenericService<org.springframework.data.domain.ExampleMatcher$NullHandler> canUseFunctionalMocks=false, canBeMocked: false
[MASTER] 14:47:49.551 [pool-2-thread-1] WARN  TestChromosome - Functional mock problem: org.evosuite.ga.ConstructionFailedException: Error: VariableReference: Statement 10, type java.util.function.Function<java.lang.Object, org.springframework.data.util.Lazy<java.util.Optional<java.lang.Object>>> is not assignable to java.util.function.Function<? super java.util.Optional<java.lang.Object>, org.springframework.data.util.Lazy<? extends java.util.Optional<java.lang.Object>>>
[MASTER] 14:47:49.633 [pool-2-thread-1] WARN  TestChromosome - Functional mock problem: org.evosuite.ga.ConstructionFailedException: Error: VariableReference: Statement 4, type java.util.function.Function<java.lang.Object, java.util.Optional<java.lang.Object>> is not assignable to java.util.function.Function<? super java.lang.Object, ? extends java.util.Optional<java.lang.Integer>>
[MASTER] 14:47:49.658 [pool-2-thread-1] WARN  TestChromosome - Functional mock problem: org.evosuite.ga.ConstructionFailedException: Error: VariableReference: Statement 10, type java.util.function.Function<java.lang.Object, java.util.Optional<java.lang.Object>> is not assignable to java.util.function.Function<? super java.lang.Object, ? extends java.util.Optional<java.lang.Integer>>
[MASTER] 14:47:49.729 [pool-2-thread-1] WARN  TestChromosome - Functional mock problem: org.evosuite.ga.ConstructionFailedException: Error: VariableReference: Statement 18, type java.util.function.Function<java.lang.Object, java.util.Optional<java.lang.Object>> is not assignable to java.util.function.Function<? super java.lang.Object, ? extends java.util.Optional<java.lang.Integer>>
[MASTER] 14:47:49.839 [pool-2-thread-1] WARN  TestChromosome - Functional mock problem: org.evosuite.ga.ConstructionFailedException: Failed to add constructor for org.springframework.data.util.Lazy due to org.evosuite.ga.ConstructionFailedException: Failed to add constructor for org.springframework.util.function.SingletonSupplier due to org.evosuite.ga.ConstructionFailedException: Failed to add constructor for org.springframework.util.function.SingletonSupplier due to org.evosuite.ga.ConstructionFailedException: Max recursion depth reached
[MASTER] 14:47:49.870 [pool-2-thread-1] WARN  TestChromosome - Functional mock problem: org.evosuite.ga.ConstructionFailedException: Error: VariableReference: Statement 8, type java.util.function.Function<java.lang.Object, org.springframework.data.util.Lazy<org.springframework.data.domain.ExampleMatcher$NullHandler>> is not assignable to java.util.function.Function<? super java.lang.Object, org.springframework.data.util.Lazy<?>>
[MASTER] 14:47:49.981 [pool-2-thread-1] WARN  TestChromosome - Functional mock problem: org.evosuite.ga.ConstructionFailedException: Failed to add constructor for java.sql.SQLTransientConnectionException due to org.evosuite.ga.ConstructionFailedException: Failed to add constructor for java.sql.SQLTransactionRollbackException due to org.evosuite.ga.ConstructionFailedException: Failed to add constructor for java.sql.SQLInvalidAuthorizationSpecException due to org.evosuite.ga.ConstructionFailedException: Failed to add constructor for java.sql.SQLTransactionRollbackException due to org.evosuite.ga.ConstructionFailedException: Failed to add constructor for java.sql.SQLTransactionRollbackException due to org.evosuite.ga.ConstructionFailedException: Max recursion depth reached
[MASTER] 14:47:50.218 [pool-2-thread-1] WARN  TestChromosome - Functional mock problem: org.evosuite.ga.ConstructionFailedException: Failed to add constructor for org.springframework.data.util.Lazy due to org.evosuite.ga.ConstructionFailedException: Error: VariableReference: Statement 9, type java.util.function.Function<java.lang.Object, org.springframework.data.util.Lazy<java.util.Optional<java.lang.Object>>> is not assignable to java.util.function.Function<? super java.util.Optional<java.lang.Object>, org.springframework.data.util.Lazy<? extends java.util.Optional<java.lang.Object>>>
[MASTER] 14:47:50.245 [pool-2-thread-1] WARN  TestChromosome - Functional mock problem: org.evosuite.ga.ConstructionFailedException: Failed to add constructor for java.sql.SQLTransientConnectionException due to org.evosuite.ga.ConstructionFailedException: Failed to add constructor for java.sql.SQLNonTransientException due to org.evosuite.ga.ConstructionFailedException: Failed to add constructor for java.sql.SQLClientInfoException due to org.evosuite.ga.ConstructionFailedException: Failed to add constructor for java.sql.SQLTimeoutException due to org.evosuite.ga.ConstructionFailedException: Failed to add constructor for java.sql.SQLSyntaxErrorException due to org.evosuite.ga.ConstructionFailedException: Max recursion depth reached
[MASTER] 14:47:50.248 [pool-2-thread-1] WARN  TestChromosome - Functional mock problem: org.evosuite.ga.ConstructionFailedException: Error: VariableReference: Statement 12, type java.util.function.Function<java.lang.Object, org.springframework.data.util.Lazy<java.util.Optional<java.lang.Object>>> is not assignable to java.util.function.Function<? super java.util.Optional<java.lang.Object>, org.springframework.data.util.Lazy<? extends java.util.Optional<java.lang.Object>>>
[MASTER] 14:47:50.253 [pool-2-thread-1] WARN  TestChromosome - Functional mock problem: org.evosuite.ga.ConstructionFailedException: Have no generator for org.springframework.data.util.Lazy<java.lang.Object> canUseFunctionalMocks=false, canBeMocked: true
[MASTER] 14:47:50.287 [pool-2-thread-1] WARN  TestChromosome - Functional mock problem: org.evosuite.ga.ConstructionFailedException: Have no generator for java.util.function.UnaryOperator<java.lang.Object> canUseFunctionalMocks=false, canBeMocked: true
[MASTER] 14:47:50.354 [pool-2-thread-1] WARN  TestChromosome - Functional mock problem: org.evosuite.ga.ConstructionFailedException: Have no generator for java.util.Optional<java.util.Optional<java.lang.Object>> canUseFunctionalMocks=false, canBeMocked: false
[MASTER] 14:47:50.430 [pool-2-thread-1] WARN  TestChromosome - Functional mock problem: org.evosuite.ga.ConstructionFailedException: Have no generator for java.util.function.UnaryOperator<java.lang.String> canUseFunctionalMocks=false, canBeMocked: true
[MASTER] 14:47:50.484 [pool-2-thread-1] WARN  TestChromosome - Functional mock problem: org.evosuite.ga.ConstructionFailedException: Error: VariableReference: Statement 9, type java.util.function.Function<java.lang.Object, org.springframework.data.util.Lazy<java.util.Optional<java.lang.Object>>> is not assignable to java.util.function.Function<? super java.lang.Object, ? extends org.springframework.data.util.Lazy<java.sql.SQLTransientConnectionException>>
[MASTER] 14:47:50.512 [pool-2-thread-1] WARN  TestChromosome - Functional mock problem: org.evosuite.ga.ConstructionFailedException: Error: VariableReference: Statement 13, type java.util.function.Function<java.lang.Object, java.util.Optional<java.lang.Object>> is not assignable to java.util.function.Function<? super java.lang.Object, ? extends java.util.Optional<java.lang.Integer>>
[MASTER] 14:47:50.528 [pool-2-thread-1] WARN  TestChromosome - Functional mock problem: org.evosuite.ga.ConstructionFailedException: Failed to add constructor for org.springframework.data.util.Lazy due to org.evosuite.ga.ConstructionFailedException: Error: VariableReference: Statement 6, type java.util.function.Function<java.util.Optional<java.lang.Object>, org.springframework.data.util.Lazy<java.util.Optional<java.lang.Object>>> is not assignable to java.util.function.Function<? super java.util.Optional<java.lang.Object>, org.springframework.data.util.Lazy<? extends java.util.Optional<java.lang.Object>>>
[MASTER] 14:47:50.620 [pool-2-thread-1] WARN  TestChromosome - Functional mock problem: org.evosuite.ga.ConstructionFailedException: Failed to add constructor for org.springframework.util.function.SingletonSupplier due to org.evosuite.ga.ConstructionFailedException: Failed to add constructor for org.springframework.util.function.SingletonSupplier due to org.evosuite.ga.ConstructionFailedException: Max recursion depth reached
[MASTER] 14:47:50.698 [pool-2-thread-1] WARN  TestChromosome - Functional mock problem: org.evosuite.ga.ConstructionFailedException: Failed to add constructor for java.sql.SQLTransientConnectionException due to org.evosuite.ga.ConstructionFailedException: Failed to add constructor for java.sql.SQLDataException due to org.evosuite.ga.ConstructionFailedException: Max recursion depth reached
[MASTER] 14:47:50.719 [pool-2-thread-1] WARN  TestChromosome - Functional mock problem: org.evosuite.ga.ConstructionFailedException: Error: VariableReference: Statement 15, type java.util.function.Function<java.lang.Object, org.springframework.data.util.Lazy<java.util.Optional<java.lang.Object>>> is not assignable to java.util.function.Function<? super java.util.Optional<java.lang.Object>, org.springframework.data.util.Lazy<? extends java.util.Optional<java.lang.Object>>>
[MASTER] 14:47:50.759 [pool-2-thread-1] WARN  TestChromosome - Functional mock problem: org.evosuite.ga.ConstructionFailedException: Failed to add constructor for org.springframework.data.util.Lazy due to org.evosuite.ga.ConstructionFailedException: Failed to add constructor for org.springframework.util.function.SingletonSupplier due to org.evosuite.ga.ConstructionFailedException: Failed to add constructor for java.sql.SQLTransientConnectionException due to org.evosuite.ga.ConstructionFailedException: Max recursion depth reached
[MASTER] 14:47:50.850 [pool-2-thread-1] WARN  TestChromosome - Functional mock problem: org.evosuite.ga.ConstructionFailedException: Failed to add constructor for org.springframework.data.util.Lazy due to org.evosuite.ga.ConstructionFailedException: Error: VariableReference: Statement 10, type java.util.function.Function<java.lang.Object, org.springframework.data.util.Lazy<java.util.Optional<java.lang.Object>>> is not assignable to java.util.function.Function<? super java.util.Optional<java.lang.Object>, org.springframework.data.util.Lazy<? extends java.util.Optional<java.lang.Object>>>
[MASTER] 14:47:50.904 [pool-2-thread-1] WARN  TestChromosome - Functional mock problem: org.evosuite.ga.ConstructionFailedException: Error: VariableReference: Statement 8, type java.util.function.Function<java.lang.Integer, org.springframework.data.util.Lazy<java.lang.Integer>> is not assignable to java.util.function.Function<? super java.lang.Integer, org.springframework.data.util.Lazy<? extends java.lang.Integer>>
[MASTER] 14:47:50.908 [pool-2-thread-1] WARN  TestChromosome - Functional mock problem: org.evosuite.ga.ConstructionFailedException: Have no generator for java.util.Optional<java.lang.String> canUseFunctionalMocks=false, canBeMocked: false
[MASTER] 14:47:51.199 [pool-2-thread-1] WARN  TestChromosome - Functional mock problem: org.evosuite.ga.ConstructionFailedException: Error: VariableReference: Statement 11, type java.util.function.Function<java.lang.Object, org.springframework.data.util.Lazy<java.util.Optional<java.lang.Object>>> is not assignable to java.util.function.Function<? super java.lang.Object, ? extends org.springframework.data.util.Lazy<java.lang.String>>
[MASTER] 14:47:51.274 [pool-2-thread-1] WARN  TestChromosome - Functional mock problem: org.evosuite.ga.ConstructionFailedException: Error: VariableReference: Statement 7, type java.util.function.Function<java.lang.Object, org.springframework.data.util.Lazy<java.lang.Integer>> is not assignable to java.util.function.Function<? super java.lang.Integer, org.springframework.data.util.Lazy<? extends java.lang.Integer>>
[MASTER] 14:47:51.390 [pool-2-thread-1] WARN  TestChromosome - Functional mock problem: org.evosuite.ga.ConstructionFailedException: Error: VariableReference: Statement 8, type java.util.function.Function<java.lang.Object, org.springframework.data.util.Lazy<org.springframework.data.domain.ExampleMatcher$NullHandler>> is not assignable to java.util.function.Function<? super org.springframework.data.domain.ExampleMatcher$NullHandler, org.springframework.data.util.Lazy<? extends org.springframework.data.domain.ExampleMatcher$NullHandler>>
[MASTER] 14:47:51.459 [pool-2-thread-1] WARN  TestChromosome - Functional mock problem: org.evosuite.ga.ConstructionFailedException: Failed to add constructor for org.springframework.data.util.Lazy due to org.evosuite.ga.ConstructionFailedException: Error: VariableReference: Statement 2, type java.util.function.Function<java.util.Optional<java.lang.Object>, org.springframework.data.util.Lazy<java.util.Optional<java.lang.Object>>> is not assignable to java.util.function.Function<? super java.util.Optional<java.lang.Object>, org.springframework.data.util.Lazy<? extends java.util.Optional<java.lang.Object>>>
[MASTER] 14:47:51.651 [pool-2-thread-1] WARN  TestChromosome - Functional mock problem: org.evosuite.ga.ConstructionFailedException: Error: VariableReference: Statement 4, type java.util.function.Function<java.lang.Object, org.springframework.data.util.Lazy<java.sql.SQLTransientConnectionException>> is not assignable to java.util.function.Function<? super java.lang.Object, org.springframework.data.util.Lazy<?>>
[MASTER] 14:47:51.957 [pool-2-thread-1] WARN  TestChromosome - Functional mock problem: org.evosuite.ga.ConstructionFailedException: Error: VariableReference: Statement 4, type java.util.function.Function<java.lang.Object, org.springframework.data.util.Lazy<java.lang.Integer>> is not assignable to java.util.function.Function<? super java.lang.Object, org.springframework.data.util.Lazy<?>>
[MASTER] 14:47:52.201 [pool-2-thread-1] WARN  TestChromosome - Functional mock problem: org.evosuite.ga.ConstructionFailedException: Error: VariableReference: Statement 3, type java.util.function.Function<java.lang.Object, java.util.Optional<java.lang.Object>> is not assignable to java.util.function.Function<? super java.lang.Object, ? extends java.util.Optional<java.lang.Integer>>
[MASTER] 14:47:52.222 [pool-2-thread-1] WARN  TestChromosome - Functional mock problem: org.evosuite.ga.ConstructionFailedException: Error: VariableReference: Statement 9, type java.util.function.Function<java.lang.Object, java.util.Optional<java.lang.Object>> is not assignable to java.util.function.Function<? super java.lang.Object, ? extends java.util.Optional<java.lang.Integer>>
[MASTER] 14:47:52.703 [pool-2-thread-1] WARN  TestChromosome - Functional mock problem: org.evosuite.ga.ConstructionFailedException: No objects and generators for type br.com.marmitaria.persistence.service.GenericService<java.lang.String>
[MASTER] 14:47:52.783 [pool-2-thread-1] WARN  TestChromosome - Functional mock problem: org.evosuite.ga.ConstructionFailedException: Failed to add constructor for java.sql.SQLTransientConnectionException due to org.evosuite.ga.ConstructionFailedException: Failed to add constructor for java.sql.SQLNonTransientException due to org.evosuite.ga.ConstructionFailedException: Failed to add constructor for java.sql.SQLIntegrityConstraintViolationException due to org.evosuite.ga.ConstructionFailedException: Failed to add constructor for java.sql.SQLSyntaxErrorException due to org.evosuite.ga.ConstructionFailedException: Max recursion depth reached
[MASTER] 14:47:53.067 [pool-2-thread-1] WARN  TestChromosome - Functional mock problem: org.evosuite.ga.ConstructionFailedException: Failed to add constructor for org.springframework.util.function.SingletonSupplier due to org.evosuite.ga.ConstructionFailedException: Failed to add constructor for org.springframework.data.util.Lazy due to org.evosuite.ga.ConstructionFailedException: Max recursion depth reached
[MASTER] 14:47:53.093 [pool-2-thread-1] WARN  TestChromosome - Functional mock problem: org.evosuite.ga.ConstructionFailedException: Failed to add constructor for org.springframework.data.util.Lazy due to org.evosuite.ga.ConstructionFailedException: Error: VariableReference: Statement 7, type java.util.function.Function<java.util.Optional<java.lang.Object>, org.springframework.data.util.Lazy<java.util.Optional<java.lang.Object>>> is not assignable to java.util.function.Function<? super java.util.Optional<java.lang.Object>, org.springframework.data.util.Lazy<? extends java.util.Optional<java.lang.Object>>>
[MASTER] 14:47:53.132 [pool-2-thread-1] WARN  TestChromosome - Functional mock problem: org.evosuite.ga.ConstructionFailedException: Error: VariableReference: Statement 14, type java.util.function.Function<java.lang.Object, java.util.Optional<java.lang.Object>> is not assignable to java.util.function.Function<? super java.lang.Object, ? extends java.util.Optional<java.lang.Integer>>
[MASTER] 14:47:53.651 [pool-2-thread-1] WARN  TestChromosome - Functional mock problem: org.evosuite.ga.ConstructionFailedException: Error: VariableReference: Statement 11, type java.util.function.Function<java.lang.Object, java.util.Optional<java.lang.Object>> is not assignable to java.util.function.Function<? super java.lang.Object, ? extends java.util.Optional<java.lang.Integer>>
[MASTER] 14:47:53.907 [pool-2-thread-1] WARN  TestChromosome - Functional mock problem: org.evosuite.ga.ConstructionFailedException: Error: VariableReference: Statement 9, type java.util.function.Function<java.util.Optional<java.lang.Object>, org.springframework.data.util.Lazy<java.util.Optional<java.lang.Object>>> is not assignable to java.util.function.Function<? super java.util.Optional<java.lang.Object>, org.springframework.data.util.Lazy<? extends java.util.Optional<java.lang.Object>>>
[MASTER] 14:47:54.205 [pool-2-thread-1] WARN  TestChromosome - Functional mock problem: org.evosuite.ga.ConstructionFailedException: Failed to add constructor for org.springframework.data.util.Lazy due to org.evosuite.ga.ConstructionFailedException: Max recursion depth reached
[MASTER] 14:47:55.595 [pool-2-thread-1] WARN  TestChromosome - Functional mock problem: org.evosuite.ga.ConstructionFailedException: Failed to add constructor for org.springframework.data.util.Lazy due to org.evosuite.ga.ConstructionFailedException: Error: VariableReference: Statement 14, type java.util.function.Function<java.lang.Object, org.springframework.data.util.Lazy<java.util.Optional<java.lang.Object>>> is not assignable to java.util.function.Function<? super java.util.Optional<java.lang.Object>, org.springframework.data.util.Lazy<? extends java.util.Optional<java.lang.Object>>>
[MASTER] 14:47:57.174 [pool-2-thread-1] WARN  TestChromosome - Functional mock problem: org.evosuite.ga.ConstructionFailedException: Error: VariableReference: Statement 12, type java.util.function.Function<java.lang.Object, java.util.Optional<java.lang.Object>> is not assignable to java.util.function.Function<? super java.lang.Object, ? extends java.util.Optional<java.lang.Integer>>
[MASTER] 14:47:58.022 [pool-2-thread-1] WARN  TestChromosome - Functional mock problem: org.evosuite.ga.ConstructionFailedException: Error: VariableReference: Statement 17, type java.util.function.Function<java.lang.Object, java.util.Optional<java.lang.Object>> is not assignable to java.util.function.Function<? super java.lang.Object, ? extends java.util.Optional<java.lang.Integer>>
[MASTER] 14:47:59.425 [pool-2-thread-1] WARN  TestChromosome - Functional mock problem: org.evosuite.ga.ConstructionFailedException: Error: VariableReference: Statement 9, type java.util.function.Function<java.sql.SQLTransientConnectionException, java.util.Optional<java.lang.Object>> is not assignable to java.util.function.Function<? super java.sql.SQLTransientConnectionException, ? extends java.util.Optional<java.sql.SQLTransientConnectionException>>
[MASTER] 14:48:05.049 [pool-2-thread-1] WARN  TestChromosome - Functional mock problem: org.evosuite.ga.ConstructionFailedException: Error: VariableReference: Statement 8, type java.util.function.Function<java.lang.Object, org.springframework.data.util.Lazy<java.util.Optional<java.lang.Object>>> is not assignable to java.util.function.Function<? super java.lang.Object, ? extends org.springframework.data.util.Lazy<org.springframework.data.util.Lazy<java.util.Optional<java.lang.Object>>>>
[MASTER] 14:48:05.232 [pool-2-thread-1] WARN  TestChromosome - Functional mock problem: org.evosuite.ga.ConstructionFailedException: Error: VariableReference: Statement 11, type org.springframework.util.function.SingletonSupplier<java.util.Optional<java.lang.Object>> is not assignable to java.util.function.Supplier<? extends java.util.Optional<org.springframework.data.util.Lazy<java.util.Optional<java.lang.Object>>>>
[MASTER] 14:48:08.639 [pool-2-thread-1] WARN  TestChromosome - Functional mock problem: org.evosuite.ga.ConstructionFailedException: Error: VariableReference: Statement 14, type java.util.function.Function<java.lang.Object, org.springframework.data.util.Lazy<java.util.Optional<java.lang.Object>>> is not assignable to java.util.function.Function<? super java.util.Optional<java.lang.Object>, org.springframework.data.util.Lazy<? extends java.util.Optional<java.lang.Object>>>
[MASTER] 14:48:09.595 [pool-2-thread-1] WARN  TestChromosome - Functional mock problem: org.evosuite.ga.ConstructionFailedException: Error: VariableReference: Statement 5, type java.util.function.Function<java.lang.Object, org.springframework.data.util.Lazy<java.util.Optional<java.lang.Object>>> is not assignable to java.util.function.Function<? super java.lang.String, ? extends org.springframework.data.util.Lazy<java.lang.String>>
[MASTER] 14:48:11.385 [pool-2-thread-1] WARN  TestChromosome - Functional mock problem: org.evosuite.ga.ConstructionFailedException: Failed to add constructor for java.sql.SQLTransientConnectionException due to org.evosuite.ga.ConstructionFailedException: Failed to add constructor for java.sql.SQLWarning due to org.evosuite.ga.ConstructionFailedException: Failed to add constructor for java.sql.SQLFeatureNotSupportedException due to org.evosuite.ga.ConstructionFailedException: Failed to add constructor for java.sql.SQLClientInfoException due to org.evosuite.ga.ConstructionFailedException: Max recursion depth reached
[MASTER] 14:48:17.930 [pool-2-thread-1] WARN  TestChromosome - Functional mock problem: org.evosuite.ga.ConstructionFailedException: Failed to add constructor for java.sql.SQLTransientConnectionException due to org.evosuite.ga.ConstructionFailedException: Failed to add constructor for java.sql.SQLException due to org.evosuite.ga.ConstructionFailedException: Failed to add constructor for java.sql.SQLClientInfoException due to org.evosuite.ga.ConstructionFailedException: Max recursion depth reached
[MASTER] 14:48:19.298 [pool-2-thread-1] WARN  TestChromosome - Functional mock problem: org.evosuite.ga.ConstructionFailedException: Error: VariableReference: Statement 12, type java.util.function.Function<java.lang.Object, org.springframework.data.util.Lazy<java.util.Optional<java.lang.Object>>> is not assignable to java.util.function.Function<? super java.lang.Object, org.springframework.data.util.Lazy<?>>
[MASTER] 14:48:21.623 [pool-2-thread-1] WARN  TestChromosome - Functional mock problem: org.evosuite.ga.ConstructionFailedException: Error: VariableReference: Statement 3, type java.util.function.Function<java.lang.Object, org.springframework.data.util.Lazy<java.util.Optional<java.lang.Object>>> is not assignable to java.util.function.Function<? super java.lang.Object, org.springframework.data.util.Lazy<?>>
