[MASTER] 14:40:32.530 [pool-2-thread-1] WARN  TestSuiteSerialization - Cannot load tests because file does not exist: /home/rickecr/Documentos/fulano-de-sal/.evosuite/evosuite-seeds/br.com.marmitaria.rest.controller.MarmitaController.seed
[MASTER] 14:40:34.875 [pool-2-thread-1] WARN  TestChromosome - Functional mock problem: org.evosuite.ga.ConstructionFailedException: Error: VariableReference: Statement 8, type java.util.function.Function<java.lang.Object, org.springframework.data.util.Lazy<br.com.marmitaria.persistence.model.Marmita>> is not assignable to java.util.function.Function<? super java.lang.Object, org.springframework.data.util.Lazy<?>>
[MASTER] 14:40:34.892 [pool-2-thread-1] WARN  TestFactory - Bounded variable issue when calling createVariable()
[MASTER] 14:40:34.892 [pool-2-thread-1] WARN  TestChromosome - Functional mock problem: org.evosuite.ga.ConstructionFailedException: No objects and generators for type class br.com.marmitaria.persistence.service.MarmitaService
[MASTER] 14:40:34.981 [pool-2-thread-1] WARN  TestChromosome - Functional mock problem: org.evosuite.ga.ConstructionFailedException: Failed to add constructor for java.sql.BatchUpdateException due to org.evosuite.ga.ConstructionFailedException: Failed to add constructor for java.sql.BatchUpdateException due to org.evosuite.ga.ConstructionFailedException: Failed to add constructor for java.sql.SQLNonTransientException due to org.evosuite.ga.ConstructionFailedException: Max recursion depth reached
[MASTER] 14:40:35.003 [pool-2-thread-1] WARN  TestChromosome - Functional mock problem: org.evosuite.ga.ConstructionFailedException: Failed to add constructor for org.springframework.util.function.SingletonSupplier due to org.evosuite.ga.ConstructionFailedException: Max recursion depth reached
[MASTER] 14:40:36.518 [pool-2-thread-1] WARN  TestChromosome - Functional mock problem: org.evosuite.ga.ConstructionFailedException: Error: VariableReference: Statement 5, type java.util.function.Function<java.lang.Object, java.util.Optional<java.lang.Integer>> is not assignable to java.util.function.Function<? super java.lang.Object, ? extends java.util.Optional<br.com.marmitaria.persistence.model.Marmita>>
[MASTER] 14:40:36.521 [pool-2-thread-1] WARN  TestChromosome - Functional mock problem: org.evosuite.ga.ConstructionFailedException: Error: VariableReference: Statement 10, type java.util.function.Function<java.lang.Object, java.util.Optional<java.lang.Integer>> is not assignable to java.util.function.Function<? super java.lang.Object, ? extends java.util.Optional<br.com.marmitaria.persistence.model.Marmita>>
[MASTER] 14:40:36.706 [pool-2-thread-1] WARN  TestChromosome - Functional mock problem: org.evosuite.ga.ConstructionFailedException: Failed to add constructor for org.springframework.data.util.Lazy due to org.evosuite.ga.ConstructionFailedException: Failed to add constructor for org.springframework.util.function.SingletonSupplier due to org.evosuite.ga.ConstructionFailedException: Failed to add constructor for org.springframework.util.function.SingletonSupplier due to org.evosuite.ga.ConstructionFailedException: Max recursion depth reached
[MASTER] 14:40:37.238 [pool-2-thread-1] WARN  TestChromosome - Functional mock problem: org.evosuite.ga.ConstructionFailedException: Have no generator for java.util.Optional<br.com.marmitaria.persistence.model.TipoMarmita> canUseFunctionalMocks=false, canBeMocked: false
[MASTER] 14:40:37.426 [pool-2-thread-1] WARN  TestChromosome - Functional mock problem: org.evosuite.ga.ConstructionFailedException: Failed to add constructor for org.springframework.data.util.Lazy due to org.evosuite.ga.ConstructionFailedException: Error: VariableReference: Statement 9, type java.util.function.Function<java.lang.Object, org.springframework.data.util.Lazy<java.sql.BatchUpdateException>> is not assignable to java.util.function.Function<? super java.sql.BatchUpdateException, org.springframework.data.util.Lazy<? extends java.sql.BatchUpdateException>>
[MASTER] 14:40:37.591 [pool-2-thread-1] WARN  TestChromosome - Functional mock problem: org.evosuite.ga.ConstructionFailedException: Failed to add constructor for java.sql.BatchUpdateException due to org.evosuite.ga.ConstructionFailedException: Max recursion depth reached
[MASTER] 14:40:37.656 [pool-2-thread-1] WARN  TestChromosome - Functional mock problem: org.evosuite.ga.ConstructionFailedException: Have no generator for java.util.Optional<br.com.marmitaria.persistence.model.TipoMarmita> canUseFunctionalMocks=true, canBeMocked: false
[MASTER] 14:40:37.985 [pool-2-thread-1] WARN  TestChromosome - Functional mock problem: org.evosuite.ga.ConstructionFailedException: Have no generator for java.util.Optional<java.lang.Integer> canUseFunctionalMocks=false, canBeMocked: false
[MASTER] 14:40:38.313 [pool-2-thread-1] WARN  TestChromosome - Functional mock problem: org.evosuite.ga.ConstructionFailedException: Failed to add constructor for org.springframework.data.util.Lazy due to org.evosuite.ga.ConstructionFailedException: Failed to add constructor for org.springframework.util.function.SingletonSupplier due to org.evosuite.ga.ConstructionFailedException: Max recursion depth reached
[MASTER] 14:40:38.326 [pool-2-thread-1] WARN  TestChromosome - Functional mock problem: org.evosuite.ga.ConstructionFailedException: Error: VariableReference: Statement 19, type java.util.function.Function<java.sql.BatchUpdateException, org.springframework.data.util.Lazy<java.lang.String>> is not assignable to java.util.function.Function<? super java.sql.BatchUpdateException, org.springframework.data.util.Lazy<? extends java.lang.String>>
[MASTER] 14:40:38.404 [pool-2-thread-1] WARN  TestChromosome - Functional mock problem: org.evosuite.ga.ConstructionFailedException: Failed to add constructor for org.springframework.util.function.SingletonSupplier due to org.evosuite.ga.ConstructionFailedException: Failed to add constructor for java.sql.BatchUpdateException due to org.evosuite.ga.ConstructionFailedException: Max recursion depth reached
[MASTER] 14:40:39.068 [pool-2-thread-1] WARN  TestChromosome - Functional mock problem: org.evosuite.ga.ConstructionFailedException: Failed to add constructor for java.sql.BatchUpdateException due to org.evosuite.ga.ConstructionFailedException: Failed to add constructor for java.sql.SQLException due to org.evosuite.ga.ConstructionFailedException: Failed to add constructor for java.sql.SQLRecoverableException due to org.evosuite.ga.ConstructionFailedException: Max recursion depth reached
[MASTER] 14:40:39.339 [pool-2-thread-1] WARN  TestChromosome - Functional mock problem: org.evosuite.ga.ConstructionFailedException: Have no generator for java.util.Optional<java.lang.Integer> canUseFunctionalMocks=true, canBeMocked: false
[MASTER] 14:40:41.179 [pool-2-thread-1] WARN  TestChromosome - Functional mock problem: org.evosuite.ga.ConstructionFailedException: Have no generator for java.util.function.UnaryOperator<java.lang.Object> canUseFunctionalMocks=false, canBeMocked: true
[MASTER] 14:40:42.309 [pool-2-thread-1] WARN  TestChromosome - Functional mock problem: org.evosuite.ga.ConstructionFailedException: Failed to add constructor for java.sql.BatchUpdateException due to org.evosuite.ga.ConstructionFailedException: Failed to add constructor for java.sql.SQLException due to org.evosuite.ga.ConstructionFailedException: Failed to add constructor for java.sql.SQLTransientConnectionException due to org.evosuite.ga.ConstructionFailedException: Max recursion depth reached
[MASTER] 14:40:43.344 [pool-2-thread-1] WARN  TestChromosome - Functional mock problem: org.evosuite.ga.ConstructionFailedException: Error: VariableReference: Statement 7, type java.util.function.Function<java.lang.Object, org.springframework.data.util.Lazy<java.sql.BatchUpdateException>> is not assignable to java.util.function.Function<? super java.lang.Object, ? extends org.springframework.data.util.Lazy<org.springframework.data.util.Lazy<java.sql.BatchUpdateException>>>
[MASTER] 14:40:43.745 [pool-2-thread-1] WARN  TestChromosome - Functional mock problem: org.evosuite.ga.ConstructionFailedException: Error: VariableReference: Statement 11, type java.util.function.Function<java.lang.Object, org.springframework.data.util.Lazy<java.lang.String>> is not assignable to java.util.function.Function<? super java.lang.Object, org.springframework.data.util.Lazy<?>>
[MASTER] 14:40:43.879 [pool-2-thread-1] WARN  TestChromosome - Functional mock problem: org.evosuite.ga.ConstructionFailedException: Failed to add constructor for org.springframework.data.util.Lazy due to org.evosuite.ga.ConstructionFailedException: Error: VariableReference: Statement 8, type java.util.function.Function<java.lang.Object, org.springframework.data.util.Lazy<java.lang.Integer>> is not assignable to java.util.function.Function<? super java.lang.Integer, org.springframework.data.util.Lazy<? extends java.lang.Integer>>
[MASTER] 14:40:43.933 [pool-2-thread-1] WARN  TestChromosome - Functional mock problem: org.evosuite.ga.ConstructionFailedException: Failed to add constructor for java.sql.BatchUpdateException due to org.evosuite.ga.ConstructionFailedException: Failed to add constructor for java.sql.SQLSyntaxErrorException due to org.evosuite.ga.ConstructionFailedException: Failed to add constructor for java.sql.SQLNonTransientConnectionException due to org.evosuite.ga.ConstructionFailedException: Failed to add constructor for java.sql.SQLTransientException due to org.evosuite.ga.ConstructionFailedException: Max recursion depth reached
[MASTER] 14:40:43.981 [pool-2-thread-1] WARN  TestChromosome - Functional mock problem: org.evosuite.ga.ConstructionFailedException: Max recursion depth reached
[MASTER] 14:40:44.339 [pool-2-thread-1] WARN  TestChromosome - Functional mock problem: org.evosuite.ga.ConstructionFailedException: Error: VariableReference: Statement 6, type java.util.function.Function<java.lang.Object, org.springframework.data.util.Lazy<java.sql.BatchUpdateException>> is not assignable to java.util.function.Function<? super java.lang.Object, ? extends org.springframework.data.util.Lazy<org.springframework.data.util.Lazy<java.sql.BatchUpdateException>>>
[MASTER] 14:40:44.350 [pool-2-thread-1] WARN  TestChromosome - Functional mock problem: org.evosuite.ga.ConstructionFailedException: Have no generator for java.util.Optional<java.lang.Object> canUseFunctionalMocks=true, canBeMocked: false
[MASTER] 14:40:44.630 [pool-2-thread-1] WARN  TestChromosome - Functional mock problem: org.evosuite.ga.ConstructionFailedException: Error: VariableReference: Statement 5, type java.util.function.Function<java.lang.Object, org.springframework.data.util.Lazy<java.util.Optional<java.lang.Integer>>> is not assignable to java.util.function.Function<? super java.lang.Object, org.springframework.data.util.Lazy<?>>
[MASTER] 14:40:44.685 [pool-2-thread-1] WARN  TestChromosome - Functional mock problem: org.evosuite.ga.ConstructionFailedException: Error: VariableReference: Statement 5, type java.util.function.Function<java.lang.Object, org.springframework.data.util.Lazy<java.lang.Object>> is not assignable to java.util.function.Function<? super java.lang.Object, org.springframework.data.util.Lazy<?>>
[MASTER] 14:40:44.802 [pool-2-thread-1] WARN  TestChromosome - Functional mock problem: org.evosuite.ga.ConstructionFailedException: Error: VariableReference: Statement 13, type java.util.function.Function<java.lang.Object, org.springframework.data.util.Lazy<java.lang.String>> is not assignable to java.util.function.Function<? super java.sql.BatchUpdateException, org.springframework.data.util.Lazy<? extends java.lang.String>>
[MASTER] 14:40:44.813 [pool-2-thread-1] WARN  TestChromosome - Functional mock problem: org.evosuite.ga.ConstructionFailedException: Error: VariableReference: Statement 4, type java.util.function.Function<java.lang.Object, org.springframework.data.util.Lazy<java.lang.String>> is not assignable to java.util.function.Function<? super java.sql.BatchUpdateException, org.springframework.data.util.Lazy<? extends java.lang.String>>
[MASTER] 14:40:44.827 [pool-2-thread-1] WARN  TestChromosome - Functional mock problem: org.evosuite.ga.ConstructionFailedException: Error: VariableReference: Statement 6, type java.util.function.Function<java.lang.Object, org.springframework.data.util.Lazy<java.lang.Object>> is not assignable to java.util.function.Function<? super java.lang.Object, org.springframework.data.util.Lazy<?>>
[MASTER] 14:40:45.054 [pool-2-thread-1] WARN  TestChromosome - Functional mock problem: org.evosuite.ga.ConstructionFailedException: Failed to add constructor for org.springframework.data.util.Lazy due to org.evosuite.ga.ConstructionFailedException: Failed to add constructor for org.springframework.util.function.SingletonSupplier due to org.evosuite.ga.ConstructionFailedException: Failed to add constructor for java.sql.BatchUpdateException due to org.evosuite.ga.ConstructionFailedException: Failed to add constructor for java.sql.SQLIntegrityConstraintViolationException due to org.evosuite.ga.ConstructionFailedException: Max recursion depth reached
[MASTER] 14:40:45.248 [pool-2-thread-1] WARN  TestChromosome - Functional mock problem: org.evosuite.ga.ConstructionFailedException: Failed to add constructor for org.springframework.data.util.Lazy due to org.evosuite.ga.ConstructionFailedException: Max recursion depth reached
[MASTER] 14:40:45.554 [pool-2-thread-1] WARN  TestChromosome - Functional mock problem: org.evosuite.ga.ConstructionFailedException: Failed to add constructor for org.springframework.data.util.Lazy due to org.evosuite.ga.ConstructionFailedException: Failed to add constructor for org.springframework.util.function.SingletonSupplier due to org.evosuite.ga.ConstructionFailedException: Failed to add constructor for java.sql.BatchUpdateException due to org.evosuite.ga.ConstructionFailedException: Failed to add constructor for java.sql.SQLDataException due to org.evosuite.ga.ConstructionFailedException: Failed to add constructor for java.sql.SQLNonTransientConnectionException due to org.evosuite.ga.ConstructionFailedException: Max recursion depth reached
[MASTER] 14:40:45.584 [pool-2-thread-1] WARN  TestChromosome - Functional mock problem: org.evosuite.ga.ConstructionFailedException: Failed to add constructor for org.springframework.data.util.Lazy due to org.evosuite.ga.ConstructionFailedException: Error: VariableReference: Statement 23, type java.util.function.Function<java.lang.Object, org.springframework.data.util.Lazy<java.sql.BatchUpdateException>> is not assignable to java.util.function.Function<? super java.sql.BatchUpdateException, org.springframework.data.util.Lazy<? extends java.sql.BatchUpdateException>>
[MASTER] 14:40:45.999 [pool-2-thread-1] WARN  TestChromosome - Functional mock problem: org.evosuite.ga.ConstructionFailedException: Error: VariableReference: Statement 8, type java.util.function.Function<java.lang.Object, org.springframework.data.util.Lazy<java.sql.BatchUpdateException>> is not assignable to java.util.function.Function<? super java.sql.BatchUpdateException, org.springframework.data.util.Lazy<? extends java.sql.BatchUpdateException>>
[MASTER] 14:40:46.222 [pool-2-thread-1] WARN  TestChromosome - Functional mock problem: org.evosuite.ga.ConstructionFailedException: Error: VariableReference: Statement 8, type java.util.function.Function<java.lang.Object, org.springframework.data.util.Lazy<java.lang.Object>> is not assignable to java.util.function.Function<? super java.lang.Object, org.springframework.data.util.Lazy<?>>
[MASTER] 14:40:46.325 [pool-2-thread-1] WARN  TestChromosome - Functional mock problem: org.evosuite.ga.ConstructionFailedException: Error: VariableReference: Statement 31, type java.util.function.Function<java.sql.BatchUpdateException, org.springframework.data.util.Lazy<java.sql.BatchUpdateException>> is not assignable to java.util.function.Function<? super java.sql.BatchUpdateException, org.springframework.data.util.Lazy<? extends java.sql.BatchUpdateException>>
[MASTER] 14:40:46.689 [pool-2-thread-1] WARN  TestChromosome - Functional mock problem: org.evosuite.ga.ConstructionFailedException: Error: VariableReference: Statement 9, type java.util.function.Function<java.lang.Object, org.springframework.data.util.Lazy<java.lang.Integer>> is not assignable to java.util.function.Function<? super java.lang.Object, org.springframework.data.util.Lazy<?>>
[MASTER] 14:40:47.120 [pool-2-thread-1] WARN  TestChromosome - Functional mock problem: org.evosuite.ga.ConstructionFailedException: Error: VariableReference: Statement 9, type java.util.function.Function<java.lang.Object, org.springframework.data.util.Lazy<java.lang.String>> is not assignable to java.util.function.Function<? super java.lang.String, org.springframework.data.util.Lazy<? extends java.lang.String>>
[MASTER] 14:40:47.567 [pool-2-thread-1] WARN  TestChromosome - Functional mock problem: org.evosuite.ga.ConstructionFailedException: Error: VariableReference: Statement 4, type java.util.function.Function<java.sql.BatchUpdateException, org.springframework.data.util.Lazy<java.sql.BatchUpdateException>> is not assignable to java.util.function.Function<? super java.sql.BatchUpdateException, org.springframework.data.util.Lazy<? extends java.sql.BatchUpdateException>>
[MASTER] 14:40:47.731 [pool-2-thread-1] WARN  TestChromosome - Functional mock problem: org.evosuite.ga.ConstructionFailedException: Error: VariableReference: Statement 9, type java.util.function.Function<br.com.marmitaria.persistence.model.Marmita, org.springframework.data.util.Lazy<br.com.marmitaria.persistence.model.Marmita>> is not assignable to java.util.function.Function<? super br.com.marmitaria.persistence.model.Marmita, org.springframework.data.util.Lazy<? extends br.com.marmitaria.persistence.model.Marmita>>
[MASTER] 14:40:48.525 [pool-2-thread-1] WARN  TestChromosome - Functional mock problem: org.evosuite.ga.ConstructionFailedException: Error: VariableReference: Statement 4, type java.util.function.Function<java.lang.Object, org.springframework.data.util.Lazy<br.com.marmitaria.persistence.model.Marmita>> is not assignable to java.util.function.Function<? super java.lang.Object, org.springframework.data.util.Lazy<?>>
[MASTER] 14:40:48.843 [pool-2-thread-1] WARN  TestChromosome - Functional mock problem: org.evosuite.ga.ConstructionFailedException: Have no generator for java.util.Optional<br.com.marmitaria.persistence.model.Marmita> canUseFunctionalMocks=true, canBeMocked: false
[MASTER] 14:40:49.750 [pool-2-thread-1] WARN  TestChromosome - Functional mock problem: org.evosuite.ga.ConstructionFailedException: Failed to add constructor for org.springframework.data.util.Lazy due to org.evosuite.ga.ConstructionFailedException: Error: VariableReference: Statement 11, type java.util.function.Function<java.lang.Object, org.springframework.data.util.Lazy<java.sql.BatchUpdateException>> is not assignable to java.util.function.Function<? super java.lang.Object, ? extends org.springframework.data.util.Lazy<br.com.marmitaria.persistence.model.TipoMarmita>>
[MASTER] 14:40:49.869 [pool-2-thread-1] WARN  TestChromosome - Functional mock problem: org.evosuite.ga.ConstructionFailedException: Failed to add constructor for java.sql.BatchUpdateException due to org.evosuite.ga.ConstructionFailedException: Failed to add constructor for java.sql.SQLDataException due to org.evosuite.ga.ConstructionFailedException: Failed to add constructor for java.sql.SQLDataException due to org.evosuite.ga.ConstructionFailedException: Max recursion depth reached
[MASTER] 14:40:50.021 [pool-2-thread-1] WARN  TestChromosome - Functional mock problem: org.evosuite.ga.ConstructionFailedException: Error: VariableReference: Statement 7, type java.util.function.Function<java.sql.BatchUpdateException, org.springframework.data.util.Lazy<java.sql.BatchUpdateException>> is not assignable to java.util.function.Function<? super java.sql.BatchUpdateException, org.springframework.data.util.Lazy<? extends java.sql.BatchUpdateException>>
[MASTER] 14:40:50.495 [pool-2-thread-1] WARN  TestChromosome - Functional mock problem: org.evosuite.ga.ConstructionFailedException: Error: VariableReference: Statement 24, type java.util.function.Function<java.lang.Object, org.springframework.data.util.Lazy<java.sql.BatchUpdateException>> is not assignable to java.util.function.Function<? super java.sql.BatchUpdateException, org.springframework.data.util.Lazy<? extends java.sql.BatchUpdateException>>
[MASTER] 14:40:50.893 [pool-2-thread-1] WARN  TestChromosome - Functional mock problem: org.evosuite.ga.ConstructionFailedException: Failed to add constructor for java.sql.BatchUpdateException due to org.evosuite.ga.ConstructionFailedException: Failed to add constructor for java.sql.SQLTransientConnectionException due to org.evosuite.ga.ConstructionFailedException: Failed to add constructor for java.sql.SQLException due to org.evosuite.ga.ConstructionFailedException: Failed to add constructor for java.sql.SQLException due to org.evosuite.ga.ConstructionFailedException: Max recursion depth reached
[MASTER] 14:40:51.134 [pool-2-thread-1] WARN  TestChromosome - Functional mock problem: org.evosuite.ga.ConstructionFailedException: Error: VariableReference: Statement 12, type java.util.function.Function<java.lang.Object, org.springframework.data.util.Lazy<java.sql.BatchUpdateException>> is not assignable to java.util.function.Function<? super java.lang.Object, ? extends org.springframework.data.util.Lazy<br.com.marmitaria.persistence.model.TipoMarmita>>
[MASTER] 14:40:52.264 [pool-2-thread-1] WARN  TestChromosome - Functional mock problem: org.evosuite.ga.ConstructionFailedException: Failed to add constructor for java.sql.BatchUpdateException due to org.evosuite.ga.ConstructionFailedException: Failed to add constructor for java.sql.SQLDataException due to org.evosuite.ga.ConstructionFailedException: Failed to add constructor for java.sql.SQLWarning due to org.evosuite.ga.ConstructionFailedException: Max recursion depth reached
[MASTER] 14:40:52.692 [pool-2-thread-1] WARN  TestChromosome - Functional mock problem: org.evosuite.ga.ConstructionFailedException: Error: VariableReference: Statement 6, type java.util.function.Function<java.lang.Object, org.springframework.data.util.Lazy<br.com.marmitaria.persistence.model.Marmita>> is not assignable to java.util.function.Function<? super java.lang.Object, org.springframework.data.util.Lazy<?>>
[MASTER] 14:40:53.218 [pool-2-thread-1] WARN  TestChromosome - Functional mock problem: org.evosuite.ga.ConstructionFailedException: Failed to add constructor for java.sql.BatchUpdateException due to org.evosuite.ga.ConstructionFailedException: Failed to add constructor for java.sql.SQLTimeoutException due to org.evosuite.ga.ConstructionFailedException: Max recursion depth reached
[MASTER] 14:40:53.348 [pool-2-thread-1] WARN  TestChromosome - Functional mock problem: org.evosuite.ga.ConstructionFailedException: Error: VariableReference: Statement 14, type java.util.function.Function<java.lang.Object, org.springframework.data.util.Lazy<java.lang.Integer>> is not assignable to java.util.function.Function<? super java.sql.BatchUpdateException, org.springframework.data.util.Lazy<? extends java.lang.Integer>>
[MASTER] 14:40:58.521 [pool-2-thread-1] WARN  TestChromosome - Functional mock problem: org.evosuite.ga.ConstructionFailedException: Error: VariableReference: Statement 9, type java.util.function.Function<java.lang.Object, java.util.Optional<java.lang.Integer>> is not assignable to java.util.function.Function<? super java.lang.Object, ? extends java.util.Optional<br.com.marmitaria.persistence.model.Marmita>>
[MASTER] 14:40:59.801 [pool-2-thread-1] WARN  TestChromosome - Functional mock problem: org.evosuite.ga.ConstructionFailedException: Failed to add constructor for org.springframework.data.util.Lazy due to org.evosuite.ga.ConstructionFailedException: Failed to add constructor for org.springframework.util.function.SingletonSupplier due to org.evosuite.ga.ConstructionFailedException: Failed to add constructor for java.sql.BatchUpdateException due to org.evosuite.ga.ConstructionFailedException: Failed to add constructor for java.sql.SQLClientInfoException due to org.evosuite.ga.ConstructionFailedException: Max recursion depth reached
[MASTER] 14:41:03.047 [pool-2-thread-1] WARN  TestChromosome - Functional mock problem: org.evosuite.ga.ConstructionFailedException: Error: VariableReference: Statement 9, type java.util.function.Function<java.lang.Object, org.springframework.data.util.Lazy<java.sql.BatchUpdateException>> is not assignable to java.util.function.Function<? super java.lang.Object, org.springframework.data.util.Lazy<?>>
[MASTER] 14:41:07.708 [pool-2-thread-1] WARN  TestChromosome - Functional mock problem: org.evosuite.ga.ConstructionFailedException: Error: VariableReference: Statement 7, type java.util.function.Function<java.lang.Object, java.util.Optional<java.lang.Integer>> is not assignable to java.util.function.Function<? super java.lang.Object, ? extends java.util.Optional<br.com.marmitaria.persistence.model.Marmita>>
[MASTER] 14:41:33.528 [pool-2-thread-1] WARN  TestChromosome - Functional mock problem: org.evosuite.ga.ConstructionFailedException: Error: VariableReference: Statement 14, type java.util.function.Function<java.lang.Object, java.util.Optional<java.lang.Integer>> is not assignable to java.util.function.Function<? super java.lang.Object, ? extends java.util.Optional<br.com.marmitaria.persistence.model.Marmita>>
[MASTER] 14:41:38.515 [pool-2-thread-1] WARN  TestChromosome - Functional mock problem: org.evosuite.ga.ConstructionFailedException: Error: VariableReference: Statement 20, type java.util.function.Function<java.lang.Object, org.springframework.data.util.Lazy<java.sql.BatchUpdateException>> is not assignable to java.util.function.Function<? super java.sql.BatchUpdateException, org.springframework.data.util.Lazy<? extends java.sql.BatchUpdateException>>
[MASTER] 14:41:38.564 [pool-2-thread-1] WARN  TestChromosome - Functional mock problem: org.evosuite.ga.ConstructionFailedException: Failed to add constructor for java.util.Vector due to org.evosuite.ga.ConstructionFailedException: No objects and generators for type class br.com.marmitaria.persistence.service.MarmitaService
[MASTER] 14:41:39.505 [pool-2-thread-1] WARN  TestChromosome - Functional mock problem: org.evosuite.ga.ConstructionFailedException: Error: VariableReference: Statement 11, type java.util.function.Function<java.lang.Object, java.util.Optional<java.lang.Integer>> is not assignable to java.util.function.Function<? super java.lang.Object, ? extends java.util.Optional<br.com.marmitaria.persistence.model.Marmita>>
[MASTER] 14:41:49.303 [pool-2-thread-1] WARN  TestChromosome - Functional mock problem: org.evosuite.ga.ConstructionFailedException: Error: VariableReference: Statement 5, type java.util.function.Function<java.sql.BatchUpdateException, org.springframework.data.util.Lazy<br.com.marmitaria.persistence.model.Marmita>> is not assignable to java.util.function.Function<? super java.sql.BatchUpdateException, org.springframework.data.util.Lazy<? extends br.com.marmitaria.persistence.model.Marmita>>
[MASTER] 14:41:52.448 [pool-2-thread-1] WARN  TestChromosome - Functional mock problem: org.evosuite.ga.ConstructionFailedException: Error: VariableReference: Statement 5, type java.util.function.Function<java.lang.Object, java.util.LinkedList<java.lang.String>> is not assignable to java.util.function.Function<? super java.lang.Integer, ? extends java.util.LinkedList<br.com.marmitaria.persistence.model.TipoMarmita>>
[MASTER] 14:41:56.145 [pool-2-thread-1] WARN  TestChromosome - Functional mock problem: org.evosuite.ga.ConstructionFailedException: Error: VariableReference: Statement 3, type java.util.function.Function<java.util.Optional<java.lang.Integer>, org.springframework.data.util.Lazy<java.util.Optional<java.lang.Integer>>> is not assignable to java.util.function.Function<? super java.util.Optional<java.lang.Integer>, org.springframework.data.util.Lazy<? extends java.util.Optional<java.lang.Integer>>>
[MASTER] 14:42:03.046 [pool-2-thread-1] WARN  JUnitAnalyzer - Found unstable test named test0 -> class java.lang.LinkageError: loader constraint violation: when resolving method "br.com.marmitaria.persistence.model.Marmita.<init>(FLbr/com/marmitaria/persistence/model/TipoMarmita;Ljava/lang/String;I)V" the class loader (instance of org/evosuite/instrumentation/NonInstrumentingClassLoader) of the current class, br/com/marmitaria/rest/controller/MarmitaController_16_tmp__ESTest, and the class loader (instance of org/evosuite/instrumentation/InstrumentingClassLoader) for the method's defining class, br/com/marmitaria/persistence/model/Marmita, have different Class objects for the type br/com/marmitaria/persistence/model/TipoMarmita used in the signature
[MASTER] 14:42:03.047 [pool-2-thread-1] WARN  JUnitAnalyzer - Failing test:
 MarmitaController marmitaController0 = new MarmitaController();
MarmitaService marmitaService0 = new MarmitaService();
Integer integer0 = new Integer(0);
Optional<Integer> optional0 = Optional.ofNullable(integer0);
JpaRepository<Integer, Object> jpaRepository0 = (JpaRepository<Integer, Object>) mock(JpaRepository.class, new ViolatedAssumptionAnswer());
doReturn(optional0).when(jpaRepository0).findById(any());
Injector.inject(marmitaService0, (Class<?>) GenericService.class, "dao", (Object) jpaRepository0);
Injector.validateBean(marmitaService0, (Class<?>) MarmitaService.class);
Injector.inject(marmitaController0, (Class<?>) MarmitaController.class, "marmitaService", (Object) marmitaService0);
Injector.validateBean(marmitaController0, (Class<?>) MarmitaController.class);
TipoMarmita tipoMarmita0 = TipoMarmita.TRADICIONAL;
Marmita marmita0 = new Marmita((-2543.3523F), tipoMarmita0, "n;Tw=I/__", 0);
Long long0 = new Long((-1L));
marmita0.setIdMarmita(long0);
marmitaController0.atualizar(marmita0);

[MASTER] 14:42:03.438 [pool-2-thread-1] WARN  JUnitAnalyzer - Found unstable test named test0 -> class java.lang.LinkageError: loader constraint violation: when resolving method "br.com.marmitaria.persistence.model.Marmita.<init>(FLbr/com/marmitaria/persistence/model/TipoMarmita;Ljava/lang/String;I)V" the class loader (instance of org/evosuite/instrumentation/NonInstrumentingClassLoader) of the current class, br/com/marmitaria/rest/controller/MarmitaController_18_tmp__ESTest, and the class loader (instance of org/evosuite/instrumentation/InstrumentingClassLoader) for the method's defining class, br/com/marmitaria/persistence/model/Marmita, have different Class objects for the type br/com/marmitaria/persistence/model/TipoMarmita used in the signature
[MASTER] 14:42:03.439 [pool-2-thread-1] WARN  JUnitAnalyzer - Failing test:
 MarmitaController marmitaController0 = new MarmitaController();
MarmitaService marmitaService0 = new MarmitaService();
JpaRepository<TipoMarmita, Object> jpaRepository0 = (JpaRepository<TipoMarmita, Object>) mock(JpaRepository.class, new ViolatedAssumptionAnswer());
Injector.inject(marmitaService0, (Class<?>) GenericService.class, "dao", (Object) jpaRepository0);
Injector.validateBean(marmitaService0, (Class<?>) MarmitaService.class);
Injector.inject(marmitaController0, (Class<?>) MarmitaController.class, "marmitaService", (Object) marmitaService0);
Injector.validateBean(marmitaController0, (Class<?>) MarmitaController.class);
TipoMarmita tipoMarmita0 = TipoMarmita.DIVISORIA;
Marmita marmita0 = new Marmita(1.0F, tipoMarmita0, (String) null, (-2726));
marmitaController0.atualizar(marmita0);

