[MASTER] 14:34:50.531 [pool-2-thread-1] WARN  TestSuiteSerialization - Cannot load tests because file does not exist: /home/rickecr/Documentos/fulano-de-sal/.evosuite/evosuite-seeds/br.com.marmitaria.rest.controller.ProdutoController.seed
[MASTER] 14:34:52.947 [pool-2-thread-1] WARN  TestFactory - Bounded variable issue when calling createVariable()
[MASTER] 14:34:52.948 [pool-2-thread-1] WARN  TestChromosome - Functional mock problem: org.evosuite.ga.ConstructionFailedException: No objects and generators for type class br.com.marmitaria.persistence.service.CategoriaService
[MASTER] 14:34:53.314 [pool-2-thread-1] WARN  TestChromosome - Functional mock problem: org.evosuite.ga.ConstructionFailedException: Have no generator for class br.com.marmitaria.persistence.service.ProdutoService canUseFunctionalMocks=false, canBeMocked: true
[MASTER] 14:34:53.696 [pool-2-thread-1] WARN  TestChromosome - Functional mock problem: org.evosuite.ga.ConstructionFailedException: Have no generator for java.util.Optional<java.lang.String> canUseFunctionalMocks=false, canBeMocked: false
[MASTER] 14:34:53.994 [pool-2-thread-1] WARN  TestChromosome - Functional mock problem: org.evosuite.ga.ConstructionFailedException: Have no generator for java.util.Optional<java.lang.String> canUseFunctionalMocks=true, canBeMocked: false
[MASTER] 14:34:54.327 [pool-2-thread-1] WARN  TestChromosome - Functional mock problem: org.evosuite.ga.ConstructionFailedException: Have no generator for java.util.Optional<br.com.marmitaria.persistence.model.Categoria> canUseFunctionalMocks=false, canBeMocked: false
[MASTER] 14:34:54.339 [pool-2-thread-1] WARN  TestChromosome - Functional mock problem: org.evosuite.ga.ConstructionFailedException: Error: VariableReference: Statement 14, type java.util.function.Function<java.lang.Object, java.util.Optional<br.com.marmitaria.persistence.model.Categoria>> is not assignable to java.util.function.Function<? super java.lang.Object, ? extends java.util.Optional<br.com.marmitaria.persistence.model.Produto>>
[MASTER] 14:34:54.461 [pool-2-thread-1] WARN  TestChromosome - Functional mock problem: org.evosuite.ga.ConstructionFailedException: Have no generator for java.util.Optional<br.com.marmitaria.persistence.model.Produto> canUseFunctionalMocks=true, canBeMocked: false
[MASTER] 14:34:54.736 [pool-2-thread-1] WARN  TestChromosome - Functional mock problem: org.evosuite.ga.ConstructionFailedException: No objects and generators for type class br.com.marmitaria.persistence.service.ProdutoService
[MASTER] 14:34:54.773 [pool-2-thread-1] WARN  TestChromosome - Functional mock problem: org.evosuite.ga.ConstructionFailedException: Have no generator for java.util.Optional<java.lang.Integer> canUseFunctionalMocks=false, canBeMocked: false
[MASTER] 14:34:55.213 [pool-2-thread-1] WARN  TestChromosome - Functional mock problem: org.evosuite.ga.ConstructionFailedException: Have no generator for java.util.Optional<java.lang.Object> canUseFunctionalMocks=false, canBeMocked: false
[MASTER] 14:34:55.214 [pool-2-thread-1] WARN  TestChromosome - Functional mock problem: org.evosuite.ga.ConstructionFailedException: Have no generator for java.util.Optional<java.lang.Object> canUseFunctionalMocks=true, canBeMocked: false
[MASTER] 14:34:57.682 [pool-2-thread-1] WARN  TestChromosome - Functional mock problem: org.evosuite.ga.ConstructionFailedException: Have no generator for java.util.Optional<br.com.marmitaria.persistence.model.Categoria> canUseFunctionalMocks=true, canBeMocked: false
[MASTER] 14:34:58.339 [pool-2-thread-1] WARN  TestChromosome - Functional mock problem: org.evosuite.ga.ConstructionFailedException: Have no generator for class br.com.marmitaria.persistence.model.Produto canUseFunctionalMocks=false, canBeMocked: true
[MASTER] 14:34:58.572 [pool-2-thread-1] WARN  TestChromosome - Functional mock problem: org.evosuite.ga.ConstructionFailedException: Error: VariableReference: Statement 7, type java.util.function.Function<java.lang.Object, java.util.Optional<br.com.marmitaria.persistence.model.Categoria>> is not assignable to java.util.function.Function<? super br.com.marmitaria.persistence.model.Categoria, ? extends java.util.Optional<java.lang.Object>>
[MASTER] 14:34:58.709 [pool-2-thread-1] WARN  TestChromosome - Functional mock problem: org.evosuite.ga.ConstructionFailedException: Error: VariableReference: Statement 20, type java.util.function.Function<java.lang.Object, java.util.Optional<br.com.marmitaria.persistence.model.Categoria>> is not assignable to java.util.function.Function<? super java.lang.Object, ? extends java.util.Optional<br.com.marmitaria.persistence.model.Produto>>
[MASTER] 14:34:58.880 [pool-2-thread-1] WARN  TestChromosome - Functional mock problem: org.evosuite.ga.ConstructionFailedException: Error: VariableReference: Statement 14, type java.util.function.Function<java.lang.Object, java.util.Optional<br.com.marmitaria.persistence.model.Categoria>> is not assignable to java.util.function.Function<? super java.lang.String, ? extends java.util.Optional<java.lang.String>>
[MASTER] 14:34:59.020 [pool-2-thread-1] WARN  TestChromosome - Functional mock problem: org.evosuite.ga.ConstructionFailedException: Error: VariableReference: Statement 21, type java.util.function.Function<java.lang.Object, java.util.Optional<br.com.marmitaria.persistence.model.Categoria>> is not assignable to java.util.function.Function<? super java.lang.Object, ? extends java.util.Optional<br.com.marmitaria.persistence.model.Produto>>
[MASTER] 14:34:59.543 [pool-2-thread-1] WARN  TestChromosome - Functional mock problem: org.evosuite.ga.ConstructionFailedException: Error: VariableReference: Statement 14, type java.util.function.Function<java.lang.String, java.util.Optional<br.com.marmitaria.persistence.model.Categoria>> is not assignable to java.util.function.Function<? super java.lang.String, ? extends java.util.Optional<java.lang.String>>
[MASTER] 14:34:59.995 [pool-2-thread-1] WARN  TestChromosome - Functional mock problem: org.evosuite.ga.ConstructionFailedException: Have no generator for java.util.function.UnaryOperator<java.lang.Object> canUseFunctionalMocks=false, canBeMocked: true
[MASTER] 14:35:00.082 [pool-2-thread-1] WARN  TestChromosome - Functional mock problem: org.evosuite.ga.ConstructionFailedException: Have no generator for java.util.Optional<br.com.marmitaria.persistence.model.Produto> canUseFunctionalMocks=false, canBeMocked: false
[MASTER] 14:35:00.185 [pool-2-thread-1] WARN  TestChromosome - Functional mock problem: org.evosuite.ga.ConstructionFailedException: Failed to add constructor for org.evosuite.runtime.mock.java.lang.MockThrowable due to org.evosuite.ga.ConstructionFailedException: Failed to add constructor for java.sql.SQLNonTransientException due to org.evosuite.ga.ConstructionFailedException: Failed to add constructor for java.sql.SQLException due to org.evosuite.ga.ConstructionFailedException: Failed to add constructor for java.sql.SQLDataException due to org.evosuite.ga.ConstructionFailedException: Max recursion depth reached
[MASTER] 14:35:00.565 [pool-2-thread-1] WARN  TestChromosome - Functional mock problem: org.evosuite.ga.ConstructionFailedException: Failed to add constructor for org.evosuite.runtime.mock.java.lang.MockThrowable due to org.evosuite.ga.ConstructionFailedException: Failed to add constructor for java.sql.SQLTransactionRollbackException due to org.evosuite.ga.ConstructionFailedException: Failed to add constructor for java.sql.SQLIntegrityConstraintViolationException due to org.evosuite.ga.ConstructionFailedException: Failed to add constructor for java.sql.BatchUpdateException due to org.evosuite.ga.ConstructionFailedException: Max recursion depth reached
[MASTER] 14:35:00.950 [pool-2-thread-1] WARN  TestChromosome - Functional mock problem: org.evosuite.ga.ConstructionFailedException: Error: VariableReference: Statement 13, type java.util.function.Function<java.lang.Object, java.util.Optional<br.com.marmitaria.persistence.model.Categoria>> is not assignable to java.util.function.Function<? super java.lang.String, ? extends java.util.Optional<java.lang.String>>
[MASTER] 14:35:01.981 [pool-2-thread-1] WARN  TestChromosome - Functional mock problem: org.evosuite.ga.ConstructionFailedException: Error: VariableReference: Statement 22, type java.util.function.Function<java.lang.Object, java.util.Optional<br.com.marmitaria.persistence.model.Categoria>> is not assignable to java.util.function.Function<? super java.lang.Object, ? extends java.util.Optional<br.com.marmitaria.persistence.model.Produto>>
[MASTER] 14:35:02.654 [pool-2-thread-1] WARN  TestChromosome - Functional mock problem: org.evosuite.ga.ConstructionFailedException: Error: VariableReference: Statement 19, type java.util.function.Function<java.lang.Object, java.util.Optional<br.com.marmitaria.persistence.model.Categoria>> is not assignable to java.util.function.Function<? super java.lang.Object, ? extends java.util.Optional<br.com.marmitaria.persistence.model.Produto>>
[MASTER] 14:35:04.214 [pool-2-thread-1] WARN  TestChromosome - Functional mock problem: org.evosuite.ga.ConstructionFailedException: Error: VariableReference: Statement 14, type java.util.function.Function<br.com.marmitaria.persistence.model.Categoria, java.util.LinkedList<java.lang.String>> is not assignable to java.util.function.Function<? super br.com.marmitaria.persistence.model.Categoria, ? extends java.util.LinkedList<br.com.marmitaria.persistence.model.Produto>>
[MASTER] 14:35:04.688 [pool-2-thread-1] WARN  TestChromosome - Functional mock problem: org.evosuite.ga.ConstructionFailedException: Failed to add constructor for org.evosuite.runtime.mock.java.lang.MockThrowable due to org.evosuite.ga.ConstructionFailedException: Failed to add constructor for java.sql.SQLClientInfoException due to org.evosuite.ga.ConstructionFailedException: Max recursion depth reached
[MASTER] 14:35:04.814 [pool-2-thread-1] WARN  TestChromosome - Functional mock problem: org.evosuite.ga.ConstructionFailedException: Error: VariableReference: Statement 13, type java.util.function.Function<java.lang.String, java.util.Optional<br.com.marmitaria.persistence.model.Categoria>> is not assignable to java.util.function.Function<? super java.lang.String, ? extends java.util.Optional<java.lang.String>>
[MASTER] 14:35:06.386 [pool-2-thread-1] WARN  TestChromosome - Functional mock problem: org.evosuite.ga.ConstructionFailedException: Error: VariableReference: Statement 17, type java.util.function.Function<java.lang.Object, java.util.Optional<br.com.marmitaria.persistence.model.Categoria>> is not assignable to java.util.function.Function<? super java.lang.Object, ? extends java.util.Optional<br.com.marmitaria.persistence.model.Produto>>
[MASTER] 14:35:07.384 [pool-2-thread-1] WARN  TestChromosome - Functional mock problem: org.evosuite.ga.ConstructionFailedException: Error: VariableReference: Statement 18, type java.util.function.Function<java.lang.Object, java.util.Optional<br.com.marmitaria.persistence.model.Categoria>> is not assignable to java.util.function.Function<? super java.lang.Object, ? extends java.util.Optional<br.com.marmitaria.persistence.model.Produto>>
[MASTER] 14:35:07.413 [pool-2-thread-1] WARN  TestChromosome - Functional mock problem: org.evosuite.ga.ConstructionFailedException: Failed to add constructor for br.com.marmitaria.persistence.service.ProdutoService due to org.evosuite.ga.ConstructionFailedException: Max recursion depth reached
[MASTER] 14:35:20.999 [pool-2-thread-1] WARN  TestChromosome - Functional mock problem: org.evosuite.ga.ConstructionFailedException: Error: VariableReference: Statement 26, type java.util.function.Function<java.lang.Object, java.util.Optional<br.com.marmitaria.persistence.model.Categoria>> is not assignable to java.util.function.Function<? super java.lang.Object, ? extends java.util.Optional<br.com.marmitaria.persistence.model.Produto>>
[MASTER] 14:35:22.806 [pool-2-thread-1] WARN  TestChromosome - Functional mock problem: org.evosuite.ga.ConstructionFailedException: Failed to add constructor for org.evosuite.runtime.mock.java.lang.MockThrowable due to org.evosuite.ga.ConstructionFailedException: Failed to add constructor for java.sql.BatchUpdateException due to org.evosuite.ga.ConstructionFailedException: Max recursion depth reached
[MASTER] 14:35:23.882 [pool-2-thread-1] WARN  TestChromosome - Functional mock problem: org.evosuite.ga.ConstructionFailedException: Have no generator for class br.com.marmitaria.rest.request.ProdutoRequest canUseFunctionalMocks=false, canBeMocked: true
[MASTER] 14:35:26.274 [pool-2-thread-1] WARN  TestChromosome - Functional mock problem: org.evosuite.ga.ConstructionFailedException: Have no generator for java.util.function.UnaryOperator<br.com.marmitaria.persistence.model.Produto> canUseFunctionalMocks=false, canBeMocked: true
[MASTER] 14:35:26.452 [pool-2-thread-1] WARN  TestChromosome - Functional mock problem: org.evosuite.ga.ConstructionFailedException: Error: VariableReference: Statement 15, type java.util.function.Function<java.lang.Object, java.util.Optional<br.com.marmitaria.persistence.model.Categoria>> is not assignable to java.util.function.Function<? super java.lang.Object, ? extends java.util.Optional<br.com.marmitaria.persistence.model.Produto>>
[MASTER] 14:35:30.842 [pool-2-thread-1] WARN  TestChromosome - Functional mock problem: org.evosuite.ga.ConstructionFailedException: Error: VariableReference: Statement 24, type java.util.function.Function<java.lang.Object, java.util.Optional<br.com.marmitaria.persistence.model.Categoria>> is not assignable to java.util.function.Function<? super java.lang.Object, ? extends java.util.Optional<br.com.marmitaria.persistence.model.Produto>>
[MASTER] 14:35:34.778 [pool-2-thread-1] WARN  TestChromosome - Functional mock problem: org.evosuite.ga.ConstructionFailedException: Error: VariableReference: Statement 23, type java.util.function.Function<java.lang.Object, java.util.Optional<br.com.marmitaria.persistence.model.Categoria>> is not assignable to java.util.function.Function<? super java.lang.Object, ? extends java.util.Optional<br.com.marmitaria.persistence.model.Produto>>
[MASTER] 14:35:51.902 [pool-2-thread-1] WARN  TestChromosome - Functional mock problem: org.evosuite.ga.ConstructionFailedException: Error: VariableReference: Statement 27, type java.util.function.Function<java.lang.Object, java.util.Optional<java.util.LinkedList<java.util.LinkedList<java.lang.Object>>>> is not assignable to java.util.function.Function<? super br.com.marmitaria.persistence.model.Categoria, java.util.Optional<java.util.LinkedList<java.util.LinkedList<?>>>>
[MASTER] 14:36:00.742 [pool-2-thread-1] WARN  TestChromosome - Functional mock problem: org.evosuite.ga.ConstructionFailedException: Error: VariableReference: Statement 31, type java.util.function.Function<java.lang.Object, java.util.Optional<br.com.marmitaria.persistence.model.Categoria>> is not assignable to java.util.function.Function<? super br.com.marmitaria.persistence.model.Categoria, ? extends java.util.Optional<java.lang.Object>>
[MASTER] 14:36:11.516 [pool-2-thread-1] WARN  TestChromosome - Functional mock problem: org.evosuite.ga.ConstructionFailedException: Error: VariableReference: Statement 13, type java.util.function.Function<java.lang.Object, java.util.Optional<br.com.marmitaria.persistence.model.Categoria>> is not assignable to java.util.function.Function<? super java.lang.Object, ? extends java.util.Optional<br.com.marmitaria.persistence.model.Produto>>
[MASTER] 14:36:15.398 [pool-2-thread-1] WARN  TestChromosome - Functional mock problem: org.evosuite.ga.ConstructionFailedException: Error: VariableReference: Statement 26, type java.util.function.Function<java.lang.Object, java.util.Optional<br.com.marmitaria.persistence.model.Categoria>> is not assignable to java.util.function.Function<? super java.lang.String, ? extends java.util.Optional<java.lang.String>>
[MASTER] 14:36:22.655 [pool-2-thread-1] WARN  TestChromosome - Functional mock problem: org.evosuite.ga.ConstructionFailedException: Error: VariableReference: Statement 20, type java.util.function.Function<br.com.marmitaria.persistence.model.Categoria, java.util.Optional<br.com.marmitaria.persistence.model.Categoria>> is not assignable to java.util.function.Function<? super br.com.marmitaria.persistence.model.Categoria, ? extends java.util.Optional<br.com.marmitaria.persistence.model.Produto>>
[MASTER] 14:36:24.879 [pool-2-thread-1] WARN  TestChromosome - Functional mock problem: org.evosuite.ga.ConstructionFailedException: Error: VariableReference: Statement 21, type java.util.function.Function<java.util.Optional<br.com.marmitaria.persistence.model.Categoria>, java.util.Optional<java.util.Optional<java.lang.Integer>>> is not assignable to java.util.function.Function<? super java.util.Optional<java.lang.Integer>, java.util.Optional<java.util.Optional<java.lang.Integer>>>
[MASTER] 14:36:25.000 [pool-2-thread-1] WARN  TestChromosome - Functional mock problem: org.evosuite.ga.ConstructionFailedException: Error: VariableReference: Statement 18, type java.util.function.Function<br.com.marmitaria.persistence.model.Categoria, java.util.LinkedList<java.lang.String>> is not assignable to java.util.function.Function<? super br.com.marmitaria.persistence.model.Categoria, ? extends java.util.LinkedList<br.com.marmitaria.persistence.model.Categoria>>
[MASTER] 14:36:27.343 [pool-2-thread-1] WARN  TestChromosome - Functional mock problem: org.evosuite.ga.ConstructionFailedException: Failed to add constructor for org.evosuite.runtime.mock.java.lang.MockThrowable due to org.evosuite.ga.ConstructionFailedException: Failed to add constructor for java.sql.SQLTimeoutException due to org.evosuite.ga.ConstructionFailedException: Failed to add constructor for java.sql.SQLIntegrityConstraintViolationException due to org.evosuite.ga.ConstructionFailedException: Max recursion depth reached
[MASTER] 14:36:43.688 [pool-2-thread-1] WARN  TestChromosome - Functional mock problem: org.evosuite.ga.ConstructionFailedException: Error: VariableReference: Statement 25, type java.util.function.Function<java.lang.Object, java.util.Optional<br.com.marmitaria.persistence.model.Categoria>> is not assignable to java.util.function.Function<? super java.lang.Object, ? extends java.util.Optional<br.com.marmitaria.persistence.model.Produto>>
[MASTER] 14:36:45.832 [pool-2-thread-1] WARN  TestChromosome - Functional mock problem: org.evosuite.ga.ConstructionFailedException: Error: VariableReference: Statement 7, type java.util.function.Function<java.lang.Object, java.util.Optional<br.com.marmitaria.persistence.model.Categoria>> is not assignable to java.util.function.Function<? super java.lang.Object, ? extends java.util.Optional<br.com.marmitaria.persistence.model.Produto>>
