[MASTER] 14:21:17.458 [pool-2-thread-1] WARN  TestSuiteSerialization - Cannot load tests because file does not exist: /home/rickecr/Documentos/fulano-de-sal/.evosuite/evosuite-seeds/br.com.marmitaria.rest.controller.PublicoCotroller.seed
[MASTER] 14:21:20.391 [pool-2-thread-1] WARN  TestChromosome - Functional mock problem: org.evosuite.ga.ConstructionFailedException: Have no generator for java.util.function.UnaryOperator<br.com.marmitaria.persistence.model.Usuario> canUseFunctionalMocks=false, canBeMocked: true
[MASTER] 14:21:20.720 [pool-2-thread-1] WARN  TestFactory - Bounded variable issue when calling createVariable()
[MASTER] 14:21:20.720 [pool-2-thread-1] WARN  TestChromosome - Functional mock problem: org.evosuite.ga.ConstructionFailedException: No objects and generators for type class br.com.marmitaria.persistence.service.ClienteService
[MASTER] 14:21:22.248 [pool-2-thread-1] WARN  TestChromosome - Functional mock problem: org.evosuite.ga.ConstructionFailedException: Error: VariableReference: Statement 6, type java.util.function.Function<java.lang.Object, java.util.Optional<java.lang.String>> is not assignable to java.util.function.Function<? super java.lang.Object, ? extends java.util.Optional<br.com.marmitaria.rest.reponse.UsuarioResponse>>
[MASTER] 14:21:22.686 [pool-2-thread-1] WARN  TestChromosome - Functional mock problem: org.evosuite.ga.ConstructionFailedException: Error: VariableReference: Statement 22, type java.util.function.Function<java.lang.Object, java.util.Optional<java.lang.String>> is not assignable to java.util.function.Function<? super java.lang.Object, ? extends java.util.Optional<java.lang.Integer>>
[MASTER] 14:21:24.463 [pool-2-thread-1] WARN  TestChromosome - Functional mock problem: org.evosuite.ga.ConstructionFailedException: Error: VariableReference: Statement 16, type java.util.function.Function<java.lang.Object, java.util.Optional<java.lang.String>> is not assignable to java.util.function.Function<? super br.com.marmitaria.rest.reponse.UsuarioResponse, ? extends java.util.Optional<br.com.marmitaria.rest.reponse.UsuarioResponse>>
[MASTER] 14:21:26.260 [pool-2-thread-1] WARN  TestChromosome - Functional mock problem: org.evosuite.ga.ConstructionFailedException: Error: VariableReference: Statement 6, type java.util.function.Function<br.com.marmitaria.rest.reponse.UsuarioResponse, java.util.Optional<java.lang.String>> is not assignable to java.util.function.Function<? super br.com.marmitaria.rest.reponse.UsuarioResponse, ? extends java.util.Optional<br.com.marmitaria.rest.reponse.UsuarioResponse>>
[MASTER] 14:21:26.474 [pool-2-thread-1] WARN  TestChromosome - Functional mock problem: org.evosuite.ga.ConstructionFailedException: Error: VariableReference: Statement 10, type java.util.function.Function<java.lang.Object, java.util.Optional<java.lang.String>> is not assignable to java.util.function.Function<? super java.lang.Object, ? extends java.util.Optional<br.com.marmitaria.rest.reponse.UsuarioResponse>>
[MASTER] 14:21:26.588 [pool-2-thread-1] WARN  TestChromosome - Functional mock problem: org.evosuite.ga.ConstructionFailedException: Error: VariableReference: Statement 10, type java.util.function.Function<br.com.marmitaria.rest.reponse.UsuarioResponse, java.util.Optional<java.lang.String>> is not assignable to java.util.function.Function<? super br.com.marmitaria.rest.reponse.UsuarioResponse, ? extends java.util.Optional<br.com.marmitaria.rest.reponse.UsuarioResponse>>
[MASTER] 14:21:29.569 [pool-2-thread-1] WARN  TestChromosome - Functional mock problem: org.evosuite.ga.ConstructionFailedException: Error: VariableReference: Statement 8, type java.util.function.Function<java.lang.Object, java.util.Optional<java.lang.String>> is not assignable to java.util.function.Function<? super java.lang.Object, ? extends java.util.Optional<java.lang.Integer>>
[MASTER] 14:21:35.952 [pool-2-thread-1] WARN  TestChromosome - Functional mock problem: org.evosuite.ga.ConstructionFailedException: Have no generator for java.util.Optional<java.lang.Boolean> canUseFunctionalMocks=true, canBeMocked: false
[MASTER] 14:21:37.761 [pool-2-thread-1] WARN  TestChromosome - Functional mock problem: org.evosuite.ga.ConstructionFailedException: Failed to add constructor for java.sql.SQLTransactionRollbackException due to org.evosuite.ga.ConstructionFailedException: Failed to add constructor for java.sql.SQLClientInfoException due to org.evosuite.ga.ConstructionFailedException: Max recursion depth reached
[MASTER] 14:21:37.893 [pool-2-thread-1] WARN  TestChromosome - Functional mock problem: org.evosuite.ga.ConstructionFailedException: Error: VariableReference: Statement 6, type java.util.function.Function<java.lang.Object, java.util.Optional<java.lang.String>> is not assignable to java.util.function.Function<? super java.lang.Object, ? extends java.util.Optional<java.lang.Integer>>
[MASTER] 14:21:38.378 [pool-2-thread-1] WARN  TestChromosome - Functional mock problem: org.evosuite.ga.ConstructionFailedException: Error: VariableReference: Statement 7, type java.util.function.Function<java.lang.Object, java.util.Optional<java.lang.String>> is not assignable to java.util.function.Function<? super java.lang.Object, ? extends java.util.Optional<java.lang.Integer>>
[MASTER] 14:21:39.444 [pool-2-thread-1] WARN  TestChromosome - Functional mock problem: org.evosuite.ga.ConstructionFailedException: Have no generator for java.util.function.UnaryOperator<java.lang.Object> canUseFunctionalMocks=false, canBeMocked: true
[MASTER] 14:21:40.248 [pool-2-thread-1] WARN  TestChromosome - Functional mock problem: org.evosuite.ga.ConstructionFailedException: Error: VariableReference: Statement 12, type java.util.function.Function<java.lang.Object, java.util.Optional<java.lang.String>> is not assignable to java.util.function.Function<? super java.lang.Object, ? extends java.util.Optional<java.lang.Integer>>
[MASTER] 14:21:47.623 [pool-2-thread-1] WARN  TestChromosome - Functional mock problem: org.evosuite.ga.ConstructionFailedException: Error: VariableReference: Statement 11, type java.util.function.Function<java.lang.Object, java.util.Optional<java.lang.String>> is not assignable to java.util.function.Function<? super java.lang.Object, ? extends java.util.Optional<java.lang.Integer>>
[MASTER] 14:21:48.526 [pool-2-thread-1] WARN  TestChromosome - Functional mock problem: org.evosuite.ga.ConstructionFailedException: Error: VariableReference: Statement 9, type java.util.function.Function<java.lang.Object, java.util.Optional<java.lang.String>> is not assignable to java.util.function.Function<? super java.lang.Object, ? extends java.util.Optional<java.lang.Integer>>
[MASTER] 14:21:50.938 [pool-2-thread-1] WARN  TestChromosome - Functional mock problem: org.evosuite.ga.ConstructionFailedException: Error: VariableReference: Statement 13, type java.util.function.Function<java.lang.Object, java.util.Optional<java.lang.String>> is not assignable to java.util.function.Function<? super java.lang.Object, ? extends java.util.Optional<java.lang.Integer>>
[MASTER] 14:22:09.871 [pool-2-thread-1] WARN  TestChromosome - Functional mock problem: org.evosuite.ga.ConstructionFailedException: Error: VariableReference: Statement 10, type java.util.function.Function<java.lang.Object, java.util.Optional<java.lang.String>> is not assignable to java.util.function.Function<? super java.lang.Object, ? extends java.util.Optional<java.lang.Integer>>
[MASTER] 14:22:18.176 [pool-2-thread-1] WARN  TestChromosome - Functional mock problem: org.evosuite.ga.ConstructionFailedException: Failed to add constructor for java.sql.SQLRecoverableException due to org.evosuite.ga.ConstructionFailedException: Failed to add constructor for java.sql.SQLNonTransientConnectionException due to org.evosuite.ga.ConstructionFailedException: Max recursion depth reached
[MASTER] 14:22:33.045 [pool-2-thread-1] WARN  TestChromosome - Functional mock problem: org.evosuite.ga.ConstructionFailedException: Have no generator for java.util.Optional<java.lang.Object> canUseFunctionalMocks=true, canBeMocked: false
[MASTER] 14:22:34.239 [pool-2-thread-1] WARN  TestChromosome - Functional mock problem: org.evosuite.ga.ConstructionFailedException: Error: VariableReference: Statement 25, type java.util.function.Function<java.lang.Object, java.util.Optional<java.lang.String>> is not assignable to java.util.function.Function<? super java.lang.Object, ? extends java.util.Optional<java.lang.Integer>>
[MASTER] 14:22:36.421 [pool-2-thread-1] WARN  TestChromosome - Functional mock problem: org.evosuite.ga.ConstructionFailedException: Have no generator for java.util.Optional<java.lang.Object> canUseFunctionalMocks=false, canBeMocked: false
[MASTER] 14:22:45.256 [pool-2-thread-1] WARN  TestChromosome - Functional mock problem: org.evosuite.ga.ConstructionFailedException: Error: VariableReference: Statement 25, type java.util.function.Function<java.lang.Object, java.util.Optional<java.lang.String>> is not assignable to java.util.function.Function<? super java.lang.Object, ? extends java.util.Optional<br.com.marmitaria.rest.reponse.UsuarioResponse>>
[MASTER] 14:22:45.323 [pool-2-thread-1] WARN  TestChromosome - Functional mock problem: org.evosuite.ga.ConstructionFailedException: Have no generator for java.util.Optional<java.lang.String> canUseFunctionalMocks=true, canBeMocked: false
[MASTER] 14:22:47.833 [pool-2-thread-1] WARN  TestChromosome - Functional mock problem: org.evosuite.ga.ConstructionFailedException: Have no generator for java.util.Optional<java.lang.String> canUseFunctionalMocks=false, canBeMocked: false
[MASTER] 14:22:56.350 [pool-2-thread-1] WARN  TestChromosome - Functional mock problem: org.evosuite.ga.ConstructionFailedException: Have no generator for java.util.Optional<org.springframework.data.geo.Metrics> canUseFunctionalMocks=false, canBeMocked: false
[MASTER] 14:23:02.501 [pool-2-thread-1] WARN  TestChromosome - Functional mock problem: org.evosuite.ga.ConstructionFailedException: No objects and generators for type class br.com.marmitaria.persistence.service.UsuarioService
[MASTER] 14:23:02.603 [pool-2-thread-1] WARN  TestChromosome - Functional mock problem: org.evosuite.ga.ConstructionFailedException: Failed to add constructor for java.sql.SQLFeatureNotSupportedException due to org.evosuite.ga.ConstructionFailedException: Failed to add constructor for java.sql.SQLTransactionRollbackException due to org.evosuite.ga.ConstructionFailedException: Failed to add constructor for java.sql.SQLSyntaxErrorException due to org.evosuite.ga.ConstructionFailedException: Failed to add constructor for java.sql.BatchUpdateException due to org.evosuite.ga.ConstructionFailedException: Failed to add constructor for java.sql.SQLSyntaxErrorException due to org.evosuite.ga.ConstructionFailedException: Max recursion depth reached
[MASTER] 14:23:03.333 [pool-2-thread-1] WARN  TestChromosome - Functional mock problem: org.evosuite.ga.ConstructionFailedException: Have no generator for java.util.Optional<org.springframework.data.geo.Metrics> canUseFunctionalMocks=true, canBeMocked: false
[MASTER] 14:23:04.367 [pool-2-thread-1] WARN  TestChromosome - Functional mock problem: org.evosuite.ga.ConstructionFailedException: Failed to add constructor for java.sql.SQLTransientException due to org.evosuite.ga.ConstructionFailedException: Failed to add constructor for java.sql.SQLClientInfoException due to org.evosuite.ga.ConstructionFailedException: Failed to add constructor for java.sql.SQLClientInfoException due to org.evosuite.ga.ConstructionFailedException: Max recursion depth reached
[MASTER] 14:23:09.532 [pool-2-thread-1] WARN  TestChromosome - Functional mock problem: org.evosuite.ga.ConstructionFailedException: Error: VariableReference: Statement 23, type java.util.function.Function<java.lang.Object, java.util.Optional<java.lang.String>> is not assignable to java.util.function.Function<? super br.com.marmitaria.rest.reponse.UsuarioResponse, ? extends java.util.Optional<br.com.marmitaria.rest.reponse.UsuarioResponse>>
[MASTER] 14:23:33.810 [pool-2-thread-1] WARN  TestChromosome - Functional mock problem: org.evosuite.ga.ConstructionFailedException: Failed to add constructor for java.sql.SQLTimeoutException due to org.evosuite.ga.ConstructionFailedException: Failed to add constructor for java.sql.SQLException due to org.evosuite.ga.ConstructionFailedException: Failed to add constructor for java.sql.SQLIntegrityConstraintViolationException due to org.evosuite.ga.ConstructionFailedException: Failed to add constructor for java.sql.SQLException due to org.evosuite.ga.ConstructionFailedException: Failed to add constructor for java.sql.SQLNonTransientException due to org.evosuite.ga.ConstructionFailedException: Max recursion depth reached
[MASTER] 14:23:58.103 [pool-2-thread-1] WARN  TestChromosome - Functional mock problem: org.evosuite.ga.ConstructionFailedException: Error: VariableReference: Statement 23, type java.util.function.Function<java.util.Optional<java.lang.String>, org.springframework.data.util.Lazy<java.util.Optional<java.lang.String>>> is not assignable to java.util.function.Function<? super java.util.Optional<java.lang.String>, org.springframework.data.util.Lazy<? extends java.util.Optional<java.lang.String>>>
[MASTER] 14:23:59.522 [pool-2-thread-1] WARN  TestChromosome - Functional mock problem: org.evosuite.ga.ConstructionFailedException: Failed to add constructor for java.sql.SQLClientInfoException due to org.evosuite.ga.ConstructionFailedException: Failed to add constructor for java.sql.SQLClientInfoException due to org.evosuite.ga.ConstructionFailedException: Failed to add constructor for java.sql.SQLClientInfoException due to org.evosuite.ga.ConstructionFailedException: Failed to add constructor for java.sql.SQLClientInfoException due to org.evosuite.ga.ConstructionFailedException: Max recursion depth reached
[MASTER] 14:24:03.632 [pool-2-thread-1] WARN  TestChromosome - Functional mock problem: org.evosuite.ga.ConstructionFailedException: Error: VariableReference: Statement 8, type java.util.function.Function<java.lang.Object, org.springframework.data.util.Lazy<java.lang.String>> is not assignable to java.util.function.Function<? super br.com.marmitaria.persistence.model.Usuario, org.springframework.data.util.Lazy<? extends java.lang.String>>
[MASTER] 14:24:05.630 [pool-2-thread-1] WARN  TestChromosome - Functional mock problem: org.evosuite.ga.ConstructionFailedException: Error: VariableReference: Statement 28, type java.util.function.Function<java.lang.Object, org.springframework.data.util.Lazy<br.com.marmitaria.persistence.model.Usuario>> is not assignable to java.util.function.Function<? super br.com.marmitaria.persistence.model.Usuario, org.springframework.data.util.Lazy<? extends br.com.marmitaria.persistence.model.Usuario>>
[MASTER] 14:24:14.204 [pool-2-thread-1] WARN  TestChromosome - Functional mock problem: org.evosuite.ga.ConstructionFailedException: Have no generator for java.util.Optional<br.com.marmitaria.persistence.model.Usuario> canUseFunctionalMocks=true, canBeMocked: false
[MASTER] 14:24:14.973 [pool-2-thread-1] WARN  TestChromosome - Functional mock problem: org.evosuite.ga.ConstructionFailedException: Error: VariableReference: Statement 21, type java.util.function.Function<java.util.Optional<java.lang.String>, org.springframework.data.util.Lazy<java.util.Optional<java.lang.String>>> is not assignable to java.util.function.Function<? super java.util.Optional<java.lang.String>, org.springframework.data.util.Lazy<? extends java.util.Optional<java.lang.String>>>
[MASTER] 14:24:16.317 [pool-2-thread-1] WARN  TestChromosome - Functional mock problem: org.evosuite.ga.ConstructionFailedException: Error: VariableReference: Statement 28, type java.util.function.Function<br.com.marmitaria.persistence.model.Usuario, org.springframework.data.util.Lazy<br.com.marmitaria.persistence.model.Usuario>> is not assignable to java.util.function.Function<? super br.com.marmitaria.persistence.model.Usuario, org.springframework.data.util.Lazy<? extends br.com.marmitaria.persistence.model.Usuario>>
[MASTER] 14:24:17.414 [pool-2-thread-1] WARN  TestChromosome - Functional mock problem: org.evosuite.ga.ConstructionFailedException: Have no generator for java.util.function.UnaryOperator<br.com.marmitaria.persistence.model.Cliente> canUseFunctionalMocks=false, canBeMocked: true
[MASTER] 14:24:21.652 [pool-2-thread-1] WARN  TestChromosome - Functional mock problem: org.evosuite.ga.ConstructionFailedException: Error: VariableReference: Statement 26, type java.util.function.Function<br.com.marmitaria.persistence.model.Usuario, org.springframework.data.util.Lazy<br.com.marmitaria.persistence.model.Cliente>> is not assignable to java.util.function.Function<? super br.com.marmitaria.persistence.model.Usuario, org.springframework.data.util.Lazy<? extends br.com.marmitaria.persistence.model.Usuario>>
[MASTER] 14:24:27.284 [pool-2-thread-1] WARN  TestChromosome - Functional mock problem: org.evosuite.ga.ConstructionFailedException: Error: VariableReference: Statement 21, type java.util.function.Function<java.lang.Object, org.springframework.data.util.Lazy<java.util.Locale$LanguageRange>> is not assignable to java.util.function.Function<? super java.lang.Object, org.springframework.data.util.Lazy<?>>
[MASTER] 14:24:29.402 [pool-2-thread-1] WARN  TestChromosome - Functional mock problem: org.evosuite.ga.ConstructionFailedException: Failed to add constructor for java.sql.SQLRecoverableException due to org.evosuite.ga.ConstructionFailedException: Failed to add constructor for java.sql.SQLClientInfoException due to org.evosuite.ga.ConstructionFailedException: Failed to add constructor for java.sql.SQLClientInfoException due to org.evosuite.ga.ConstructionFailedException: Max recursion depth reached
[MASTER] 14:24:36.197 [pool-2-thread-1] WARN  TestChromosome - Functional mock problem: org.evosuite.ga.ConstructionFailedException: Have no generator for java.util.Optional<br.com.marmitaria.persistence.model.Usuario> canUseFunctionalMocks=false, canBeMocked: false
[MASTER] 14:24:39.698 [pool-2-thread-1] WARN  TestChromosome - Functional mock problem: org.evosuite.ga.ConstructionFailedException: Error: VariableReference: Statement 21, type java.util.function.Function<java.lang.Object, org.springframework.data.util.Lazy<br.com.marmitaria.persistence.model.Usuario>> is not assignable to java.util.function.Function<? super br.com.marmitaria.persistence.model.Usuario, org.springframework.data.util.Lazy<? extends br.com.marmitaria.persistence.model.Usuario>>
[MASTER] 14:24:46.782 [pool-2-thread-1] WARN  TestChromosome - Functional mock problem: org.evosuite.ga.ConstructionFailedException: Error: VariableReference: Statement 7, type java.util.function.Function<java.lang.Object, java.util.LinkedList<java.lang.String>> is not assignable to java.util.function.Function<? super java.lang.String, ? extends java.util.LinkedList<br.com.marmitaria.persistence.model.Usuario>>
[MASTER] 14:24:51.034 [pool-2-thread-1] WARN  TestChromosome - Functional mock problem: org.evosuite.ga.ConstructionFailedException: Failed to add constructor for java.sql.SQLTimeoutException due to org.evosuite.ga.ConstructionFailedException: Failed to add constructor for java.sql.SQLRecoverableException due to org.evosuite.ga.ConstructionFailedException: Failed to add constructor for org.evosuite.runtime.mock.java.lang.MockThrowable due to org.evosuite.ga.ConstructionFailedException: Max recursion depth reached
[MASTER] 14:24:52.253 [pool-2-thread-1] WARN  TestChromosome - Functional mock problem: org.evosuite.ga.ConstructionFailedException: Error: VariableReference: Statement 24, type java.util.function.Function<br.com.marmitaria.persistence.model.Usuario, org.springframework.data.util.Lazy<br.com.marmitaria.persistence.model.Usuario>> is not assignable to java.util.function.Function<? super br.com.marmitaria.persistence.model.Usuario, org.springframework.data.util.Lazy<? extends br.com.marmitaria.persistence.model.Usuario>>
[MASTER] 14:24:54.334 [pool-2-thread-1] WARN  TestChromosome - Functional mock problem: org.evosuite.ga.ConstructionFailedException: Error: VariableReference: Statement 30, type java.util.function.Function<java.lang.Integer, org.springframework.data.util.Lazy<java.lang.Integer>> is not assignable to java.util.function.Function<? super java.lang.Integer, org.springframework.data.util.Lazy<? extends java.lang.Integer>>
[MASTER] 14:24:56.474 [pool-2-thread-1] WARN  TestChromosome - Functional mock problem: org.evosuite.ga.ConstructionFailedException: Error: VariableReference: Statement 31, type java.util.function.Function<java.sql.SQLException, org.springframework.data.util.Lazy<java.sql.SQLException>> is not assignable to java.util.function.Function<? super java.sql.SQLException, org.springframework.data.util.Lazy<? extends java.sql.SQLException>>
[MASTER] 14:24:58.168 [pool-2-thread-1] WARN  TestChromosome - Functional mock problem: org.evosuite.ga.ConstructionFailedException: Error: VariableReference: Statement 22, type java.util.function.Function<java.lang.Object, org.springframework.data.util.Lazy<br.com.marmitaria.persistence.model.Cliente>> is not assignable to java.util.function.Function<? super br.com.marmitaria.persistence.model.Cliente, org.springframework.data.util.Lazy<? extends br.com.marmitaria.persistence.model.Cliente>>
[MASTER] 14:25:02.427 [pool-2-thread-1] WARN  TestChromosome - Functional mock problem: org.evosuite.ga.ConstructionFailedException: Error: VariableReference: Statement 24, type java.util.function.Function<br.com.marmitaria.persistence.model.Usuario, org.springframework.data.util.Lazy<br.com.marmitaria.persistence.model.Cliente>> is not assignable to java.util.function.Function<? super br.com.marmitaria.persistence.model.Usuario, org.springframework.data.util.Lazy<? extends br.com.marmitaria.persistence.model.Usuario>>
[MASTER] 14:25:08.584 [pool-2-thread-1] WARN  TestChromosome - Functional mock problem: org.evosuite.ga.ConstructionFailedException: Error: VariableReference: Statement 32, type java.util.function.Function<java.lang.Object, org.springframework.data.util.Lazy<br.com.marmitaria.persistence.model.Cliente>> is not assignable to java.util.function.Function<? super br.com.marmitaria.persistence.model.Usuario, org.springframework.data.util.Lazy<? extends br.com.marmitaria.persistence.model.Usuario>>
[MASTER] 14:25:12.734 [pool-2-thread-1] WARN  TestChromosome - Functional mock problem: org.evosuite.ga.ConstructionFailedException: Error: VariableReference: Statement 33, type java.util.function.Function<java.lang.Object, org.springframework.data.util.Lazy<org.springframework.data.geo.Metrics>> is not assignable to java.util.function.Function<? super org.springframework.data.geo.Metrics, org.springframework.data.util.Lazy<? extends org.springframework.data.geo.Metrics>>
[MASTER] 14:25:13.329 [pool-2-thread-1] WARN  TestChromosome - Functional mock problem: org.evosuite.ga.ConstructionFailedException: Error: VariableReference: Statement 25, type java.util.function.Function<java.lang.Object, org.springframework.data.util.Lazy<br.com.marmitaria.persistence.model.Usuario>> is not assignable to java.util.function.Function<? super br.com.marmitaria.persistence.model.Usuario, org.springframework.data.util.Lazy<? extends br.com.marmitaria.persistence.model.Usuario>>
[MASTER] 14:25:18.790 [pool-2-thread-1] WARN  TestChromosome - Functional mock problem: org.evosuite.ga.ConstructionFailedException: Error: VariableReference: Statement 6, type java.util.function.Function<br.com.marmitaria.persistence.model.Usuario, org.springframework.data.util.Lazy<java.lang.Integer>> is not assignable to java.util.function.Function<? super br.com.marmitaria.persistence.model.Usuario, org.springframework.data.util.Lazy<? extends java.lang.Integer>>
[MASTER] 14:25:21.423 [pool-2-thread-1] WARN  TestChromosome - Functional mock problem: org.evosuite.ga.ConstructionFailedException: Error: VariableReference: Statement 28, type java.util.function.Function<java.lang.Object, java.util.Optional<java.lang.String>> is not assignable to java.util.function.Function<? super java.lang.Object, ? extends java.util.Optional<br.com.marmitaria.rest.reponse.UsuarioResponse>>
[MASTER] 14:25:21.954 [pool-2-thread-1] WARN  TestChromosome - Functional mock problem: org.evosuite.ga.ConstructionFailedException: Error: VariableReference: Statement 23, type java.util.function.Function<java.sql.SQLException, org.springframework.data.util.Lazy<java.sql.SQLException>> is not assignable to java.util.function.Function<? super java.sql.SQLException, org.springframework.data.util.Lazy<? extends java.sql.SQLException>>
[MASTER] 14:25:23.223 [pool-2-thread-1] WARN  TestChromosome - Functional mock problem: org.evosuite.ga.ConstructionFailedException: Failed to add constructor for org.springframework.data.util.Lazy due to org.evosuite.ga.ConstructionFailedException: Failed to add constructor for org.springframework.util.function.SingletonSupplier due to org.evosuite.ga.ConstructionFailedException: Failed to add constructor for org.springframework.util.function.SingletonSupplier due to org.evosuite.ga.ConstructionFailedException: Max recursion depth reached
[MASTER] 14:25:25.547 [pool-2-thread-1] WARN  TestChromosome - Functional mock problem: org.evosuite.ga.ConstructionFailedException: Error: VariableReference: Statement 29, type java.util.function.Function<br.com.marmitaria.persistence.model.Usuario, org.springframework.data.util.Lazy<br.com.marmitaria.persistence.model.Usuario>> is not assignable to java.util.function.Function<? super br.com.marmitaria.persistence.model.Usuario, org.springframework.data.util.Lazy<? extends br.com.marmitaria.persistence.model.Usuario>>
[MASTER] 14:25:31.894 [pool-2-thread-1] WARN  TestChromosome - Functional mock problem: org.evosuite.ga.ConstructionFailedException: Failed to add constructor for java.sql.SQLClientInfoException due to org.evosuite.ga.ConstructionFailedException: Failed to add constructor for java.sql.SQLClientInfoException due to org.evosuite.ga.ConstructionFailedException: Max recursion depth reached
[MASTER] 14:25:31.917 [pool-2-thread-1] WARN  TestChromosome - Functional mock problem: org.evosuite.ga.ConstructionFailedException: Error: VariableReference: Statement 27, type java.util.function.Function<java.lang.Object, org.springframework.data.util.Lazy<br.com.marmitaria.persistence.model.Usuario>> is not assignable to java.util.function.Function<? super br.com.marmitaria.persistence.model.Usuario, org.springframework.data.util.Lazy<? extends br.com.marmitaria.persistence.model.Usuario>>
[MASTER] 14:25:33.917 [pool-2-thread-1] WARN  TestChromosome - Functional mock problem: org.evosuite.ga.ConstructionFailedException: Error: VariableReference: Statement 25, type java.util.function.Function<java.lang.Object, org.springframework.data.util.Lazy<java.util.Locale$LanguageRange>> is not assignable to java.util.function.Function<? super java.util.Locale$LanguageRange, org.springframework.data.util.Lazy<? extends java.util.Locale$LanguageRange>>
[MASTER] 14:25:34.389 [pool-2-thread-1] WARN  TestChromosome - Functional mock problem: org.evosuite.ga.ConstructionFailedException: Failed to add constructor for java.sql.SQLNonTransientConnectionException due to org.evosuite.ga.ConstructionFailedException: Failed to add constructor for java.sql.SQLSyntaxErrorException due to org.evosuite.ga.ConstructionFailedException: Failed to add constructor for java.sql.DataTruncation due to org.evosuite.ga.ConstructionFailedException: Failed to add constructor for java.sql.SQLRecoverableException due to org.evosuite.ga.ConstructionFailedException: Failed to add constructor for java.sql.SQLNonTransientConnectionException due to org.evosuite.ga.ConstructionFailedException: Max recursion depth reached
[MASTER] 14:25:34.938 [pool-2-thread-1] WARN  TestChromosome - Functional mock problem: org.evosuite.ga.ConstructionFailedException: Failed to add constructor for java.sql.SQLClientInfoException due to org.evosuite.ga.ConstructionFailedException: Failed to add constructor for java.sql.SQLTransactionRollbackException due to org.evosuite.ga.ConstructionFailedException: Failed to add constructor for java.sql.SQLTransientException due to org.evosuite.ga.ConstructionFailedException: Failed to add constructor for java.sql.DataTruncation due to org.evosuite.ga.ConstructionFailedException: Failed to add constructor for java.sql.SQLTransientException due to org.evosuite.ga.ConstructionFailedException: Max recursion depth reached
[MASTER] 14:25:35.252 [pool-2-thread-1] WARN  TestChromosome - Functional mock problem: org.evosuite.ga.ConstructionFailedException: Failed to add constructor for org.springframework.data.util.Lazy due to org.evosuite.ga.ConstructionFailedException: Max recursion depth reached
[MASTER] 14:25:37.756 [pool-2-thread-1] WARN  TestChromosome - Functional mock problem: org.evosuite.ga.ConstructionFailedException: Error: VariableReference: Statement 29, type java.util.function.Function<java.lang.Object, org.springframework.data.util.Lazy<java.util.Locale$LanguageRange>> is not assignable to java.util.function.Function<? super java.util.Locale$LanguageRange, org.springframework.data.util.Lazy<? extends java.util.Locale$LanguageRange>>
[MASTER] 14:25:39.476 [pool-2-thread-1] WARN  TestChromosome - Functional mock problem: org.evosuite.ga.ConstructionFailedException: Error: VariableReference: Statement 27, type java.util.function.Function<java.lang.Object, org.springframework.data.util.Lazy<java.sql.SQLException>> is not assignable to java.util.function.Function<? super java.lang.Object, org.springframework.data.util.Lazy<?>>
[MASTER] 14:25:40.455 [pool-2-thread-1] WARN  TestChromosome - Functional mock problem: org.evosuite.ga.ConstructionFailedException: Error: VariableReference: Statement 26, type java.util.function.Function<java.lang.Object, org.springframework.data.util.Lazy<java.lang.String>> is not assignable to java.util.function.Function<? super java.lang.String, org.springframework.data.util.Lazy<? extends java.lang.String>>
[MASTER] 14:25:46.999 [pool-2-thread-1] WARN  TestChromosome - Functional mock problem: org.evosuite.ga.ConstructionFailedException: Error: VariableReference: Statement 14, type java.util.function.Function<java.lang.Object, org.springframework.data.util.Lazy<java.lang.Integer>> is not assignable to java.util.function.Function<? super br.com.marmitaria.persistence.model.Usuario, org.springframework.data.util.Lazy<? extends java.lang.Integer>>
[MASTER] 14:25:50.465 [pool-2-thread-1] WARN  TestChromosome - Functional mock problem: org.evosuite.ga.ConstructionFailedException: Error: VariableReference: Statement 28, type java.util.function.Function<java.lang.Object, org.springframework.data.util.Lazy<java.lang.Integer>> is not assignable to java.util.function.Function<? super java.lang.Integer, org.springframework.data.util.Lazy<? extends java.lang.Integer>>
[MASTER] 14:25:53.410 [pool-2-thread-1] WARN  TestChromosome - Functional mock problem: org.evosuite.ga.ConstructionFailedException: Error: VariableReference: Statement 30, type java.util.function.Function<java.lang.Object, org.springframework.data.util.Lazy<java.lang.String>> is not assignable to java.util.function.Function<? super java.lang.String, org.springframework.data.util.Lazy<? extends java.lang.String>>
[MASTER] 14:26:01.450 [pool-2-thread-1] WARN  TestChromosome - Functional mock problem: org.evosuite.ga.ConstructionFailedException: Error: VariableReference: Statement 27, type java.util.function.Function<java.sql.SQLException, org.springframework.data.util.Lazy<java.sql.SQLException>> is not assignable to java.util.function.Function<? super java.sql.SQLException, org.springframework.data.util.Lazy<? extends java.sql.SQLException>>
[MASTER] 14:26:03.566 [pool-2-thread-1] WARN  TestChromosome - Functional mock problem: org.evosuite.ga.ConstructionFailedException: Error: VariableReference: Statement 22, type java.util.function.Function<java.lang.Object, org.springframework.data.util.Lazy<br.com.marmitaria.persistence.model.Cliente>> is not assignable to java.util.function.Function<? super br.com.marmitaria.persistence.model.Usuario, org.springframework.data.util.Lazy<? extends br.com.marmitaria.persistence.model.Usuario>>
[MASTER] 14:26:04.674 [pool-2-thread-1] WARN  TestChromosome - Functional mock problem: org.evosuite.ga.ConstructionFailedException: Error: VariableReference: Statement 25, type java.util.function.Function<java.lang.Object, org.springframework.data.util.Lazy<java.lang.Integer>> is not assignable to java.util.function.Function<? super java.lang.Integer, org.springframework.data.util.Lazy<? extends java.lang.Integer>>
[MASTER] 14:26:12.714 [pool-2-thread-1] WARN  JUnitAnalyzer - Found unstable test named test0 -> class java.lang.LinkageError: loader constraint violation: when resolving method "br.com.marmitaria.persistence.model.Cliente.<init>(Lbr/com/marmitaria/rest/request/ClienteRequest;)V" the class loader (instance of org/evosuite/instrumentation/NonInstrumentingClassLoader) of the current class, br/com/marmitaria/rest/controller/PublicoCotroller_28_tmp__ESTest, and the class loader (instance of org/evosuite/instrumentation/InstrumentingClassLoader) for the method's defining class, br/com/marmitaria/persistence/model/Cliente, have different Class objects for the type br/com/marmitaria/rest/request/ClienteRequest used in the signature
[MASTER] 14:26:12.715 [pool-2-thread-1] WARN  JUnitAnalyzer - Failing test:
 PublicoCotroller publicoCotroller0 = new PublicoCotroller();
ClienteService clienteService0 = new ClienteService();
ClienteDAO clienteDAO0 = mock(ClienteDAO.class, new ViolatedAssumptionAnswer());
Injector.inject(clienteService0, (Class<?>) ClienteService.class, "dao", (Object) clienteDAO0);
JpaRepository<String, String> jpaRepository0 = (JpaRepository<String, String>) mock(JpaRepository.class, new ViolatedAssumptionAnswer());
Injector.inject(clienteService0, (Class<?>) GenericService.class, "dao", (Object) jpaRepository0);
Injector.validateBean(clienteService0, (Class<?>) ClienteService.class);
Injector.inject(publicoCotroller0, (Class<?>) PublicoCotroller.class, "clienteService", (Object) clienteService0);
RecuperacaoService recuperacaoService0 = new RecuperacaoService();
Recuperacao recuperacao0 = mock(Recuperacao.class, new ViolatedAssumptionAnswer());
doReturn("lowerBound is marked @NonNull but is null").when(recuperacao0).getCodigo();
RecuperacaoDAO recuperacaoDAO0 = mock(RecuperacaoDAO.class, new ViolatedAssumptionAnswer());
doReturn(recuperacao0).when(recuperacaoDAO0).findByUsuario(any(br.com.marmitaria.persistence.model.Usuario.class));
Injector.inject(recuperacaoService0, (Class<?>) RecuperacaoService.class, "dao", (Object) recuperacaoDAO0);
JpaRepository<Object, Cliente> jpaRepository1 = (JpaRepository<Object, Cliente>) mock(JpaRepository.class, new ViolatedAssumptionAnswer());
Injector.inject(recuperacaoService0, (Class<?>) GenericService.class, "dao", (Object) jpaRepository1);
Injector.validateBean(recuperacaoService0, (Class<?>) RecuperacaoService.class);
Injector.inject(publicoCotroller0, (Class<?>) PublicoCotroller.class, "recuperacaoService", (Object) recuperacaoService0);
UsuarioService usuarioService0 = new UsuarioService();
ClienteRequest clienteRequest0 = new ClienteRequest();
Cliente cliente0 = new Cliente(clienteRequest0);
UsuarioDAO usuarioDAO0 = mock(UsuarioDAO.class, new ViolatedAssumptionAnswer());
doReturn(cliente0).when(usuarioDAO0).findByEmail(anyString());
Injector.inject(usuarioService0, (Class<?>) UsuarioService.class, "dao", (Object) usuarioDAO0);
JpaRepository<Object, Object> jpaRepository2 = (JpaRepository<Object, Object>) mock(JpaRepository.class, new ViolatedAssumptionAnswer());
Injector.inject(usuarioService0, (Class<?>) GenericService.class, "dao", (Object) jpaRepository2);
Injector.validateBean(usuarioService0, (Class<?>) UsuarioService.class);
Injector.inject(publicoCotroller0, (Class<?>) PublicoCotroller.class, "usuarioService", (Object) usuarioService0);
Injector.validateBean(publicoCotroller0, (Class<?>) PublicoCotroller.class);
ConfirmacaoDeCodigoRequest confirmacaoDeCodigoRequest0 = new ConfirmacaoDeCodigoRequest();
confirmacaoDeCodigoRequest0.setEmail("lowerBound is marked @NonNull but is null");
confirmacaoDeCodigoRequest0.setCodigo("lowerBound is marked @NonNull but is null");
ResponseEntity<Boolean> responseEntity0 = publicoCotroller0.confirmaCodigoRecuperacao(confirmacaoDeCodigoRequest0);
assertEquals(200, responseEntity0.getStatusCodeValue());


[MASTER] 14:26:12.967 [pool-2-thread-1] WARN  JUnitAnalyzer - Found unstable test named test0 -> class java.lang.LinkageError: loader constraint violation: when resolving method "br.com.marmitaria.persistence.model.Cliente.<init>(Lbr/com/marmitaria/rest/request/ClienteRequest;)V" the class loader (instance of org/evosuite/instrumentation/NonInstrumentingClassLoader) of the current class, br/com/marmitaria/rest/controller/PublicoCotroller_29_tmp__ESTest, and the class loader (instance of org/evosuite/instrumentation/InstrumentingClassLoader) for the method's defining class, br/com/marmitaria/persistence/model/Cliente, have different Class objects for the type br/com/marmitaria/rest/request/ClienteRequest used in the signature
[MASTER] 14:26:12.969 [pool-2-thread-1] WARN  JUnitAnalyzer - Failing test:
 PublicoCotroller publicoCotroller0 = new PublicoCotroller();
ClienteService clienteService0 = new ClienteService();
ClienteDAO clienteDAO0 = mock(ClienteDAO.class, new ViolatedAssumptionAnswer());
Injector.inject(clienteService0, (Class<?>) ClienteService.class, "dao", (Object) clienteDAO0);
JpaRepository<UsuarioResponse, Metrics> jpaRepository0 = (JpaRepository<UsuarioResponse, Metrics>) mock(JpaRepository.class, new ViolatedAssumptionAnswer());
Injector.inject(clienteService0, (Class<?>) GenericService.class, "dao", (Object) jpaRepository0);
Injector.validateBean(clienteService0, (Class<?>) ClienteService.class);
Injector.inject(publicoCotroller0, (Class<?>) PublicoCotroller.class, "clienteService", (Object) clienteService0);
RecuperacaoService recuperacaoService0 = new RecuperacaoService();
Recuperacao recuperacao0 = mock(Recuperacao.class, new ViolatedAssumptionAnswer());
RecuperacaoDAO recuperacaoDAO0 = mock(RecuperacaoDAO.class, new ViolatedAssumptionAnswer());
doReturn((Recuperacao) null).when(recuperacaoDAO0).findByUsuario(any(br.com.marmitaria.persistence.model.Usuario.class));
Injector.inject(recuperacaoService0, (Class<?>) RecuperacaoService.class, "dao", (Object) recuperacaoDAO0);
JpaRepository<Usuario, Boolean> jpaRepository1 = (JpaRepository<Usuario, Boolean>) mock(JpaRepository.class, new ViolatedAssumptionAnswer());
Injector.inject(recuperacaoService0, (Class<?>) GenericService.class, "dao", (Object) jpaRepository1);
Injector.validateBean(recuperacaoService0, (Class<?>) RecuperacaoService.class);
ClienteRequest clienteRequest0 = new ClienteRequest();
Cliente cliente0 = new Cliente(clienteRequest0);
Injector.inject(publicoCotroller0, (Class<?>) PublicoCotroller.class, "recuperacaoService", (Object) recuperacaoService0);
UsuarioService usuarioService0 = new UsuarioService();
UsuarioDAO usuarioDAO0 = mock(UsuarioDAO.class, new ViolatedAssumptionAnswer());
doReturn(cliente0).when(usuarioDAO0).findByEmail(anyString());
Injector.inject(usuarioService0, (Class<?>) UsuarioService.class, "dao", (Object) usuarioDAO0);
JpaRepository<Cliente, String> jpaRepository2 = (JpaRepository<Cliente, String>) mock(JpaRepository.class, new ViolatedAssumptionAnswer());
Injector.inject(usuarioService0, (Class<?>) GenericService.class, "dao", (Object) jpaRepository2);
Injector.validateBean(usuarioService0, (Class<?>) UsuarioService.class);
Injector.inject(publicoCotroller0, (Class<?>) PublicoCotroller.class, "usuarioService", (Object) usuarioService0);
Injector.validateBean(publicoCotroller0, (Class<?>) PublicoCotroller.class);
RecuperacaoRequest recuperacaoRequest0 = new RecuperacaoRequest();
recuperacaoRequest0.setSenha("uI@jpP");
recuperacaoRequest0.setEmail("] does not exist in enum type ");
publicoCotroller0.recuperarSenha(recuperacaoRequest0);

[MASTER] 14:26:13.458 [pool-2-thread-1] WARN  JUnitAnalyzer - Found unstable test named test0 -> class java.lang.LinkageError: loader constraint violation: when resolving method "br.com.marmitaria.persistence.model.Cliente.<init>(Lbr/com/marmitaria/rest/request/ClienteRequest;)V" the class loader (instance of org/evosuite/instrumentation/NonInstrumentingClassLoader) of the current class, br/com/marmitaria/rest/controller/PublicoCotroller_31_tmp__ESTest, and the class loader (instance of org/evosuite/instrumentation/InstrumentingClassLoader) for the method's defining class, br/com/marmitaria/persistence/model/Cliente, have different Class objects for the type br/com/marmitaria/rest/request/ClienteRequest used in the signature
[MASTER] 14:26:13.459 [pool-2-thread-1] WARN  JUnitAnalyzer - Failing test:
 PublicoCotroller publicoCotroller0 = new PublicoCotroller();
ClienteService clienteService0 = new ClienteService();
ClienteDAO clienteDAO0 = mock(ClienteDAO.class, new ViolatedAssumptionAnswer());
Injector.inject(clienteService0, (Class<?>) ClienteService.class, "dao", (Object) clienteDAO0);
JpaRepository<UsuarioResponse, Metrics> jpaRepository0 = (JpaRepository<UsuarioResponse, Metrics>) mock(JpaRepository.class, new ViolatedAssumptionAnswer());
Injector.inject(clienteService0, (Class<?>) GenericService.class, "dao", (Object) jpaRepository0);
Injector.validateBean(clienteService0, (Class<?>) ClienteService.class);
Injector.inject(publicoCotroller0, (Class<?>) PublicoCotroller.class, "clienteService", (Object) clienteService0);
RecuperacaoService recuperacaoService0 = new RecuperacaoService();
Recuperacao recuperacao0 = mock(Recuperacao.class, new ViolatedAssumptionAnswer());
RecuperacaoDAO recuperacaoDAO0 = mock(RecuperacaoDAO.class, new ViolatedAssumptionAnswer());
doReturn(recuperacao0, (Recuperacao) null).when(recuperacaoDAO0).findByUsuario(any(br.com.marmitaria.persistence.model.Usuario.class));
Injector.inject(recuperacaoService0, (Class<?>) RecuperacaoService.class, "dao", (Object) recuperacaoDAO0);
JpaRepository<Usuario, Boolean> jpaRepository1 = (JpaRepository<Usuario, Boolean>) mock(JpaRepository.class, new ViolatedAssumptionAnswer());
Injector.inject(recuperacaoService0, (Class<?>) GenericService.class, "dao", (Object) jpaRepository1);
Injector.validateBean(recuperacaoService0, (Class<?>) RecuperacaoService.class);
ClienteRequest clienteRequest0 = new ClienteRequest();
Cliente cliente0 = new Cliente(clienteRequest0);
recuperacaoService0.findByUsuario(cliente0);
Injector.inject(publicoCotroller0, (Class<?>) PublicoCotroller.class, "recuperacaoService", (Object) recuperacaoService0);
UsuarioService usuarioService0 = new UsuarioService();
UsuarioDAO usuarioDAO0 = mock(UsuarioDAO.class, new ViolatedAssumptionAnswer());
doReturn(cliente0).when(usuarioDAO0).findByEmail(anyString());
Injector.inject(usuarioService0, (Class<?>) UsuarioService.class, "dao", (Object) usuarioDAO0);
JpaRepository<Cliente, String> jpaRepository2 = (JpaRepository<Cliente, String>) mock(JpaRepository.class, new ViolatedAssumptionAnswer());
Injector.inject(usuarioService0, (Class<?>) GenericService.class, "dao", (Object) jpaRepository2);
Injector.validateBean(usuarioService0, (Class<?>) UsuarioService.class);
Injector.inject(publicoCotroller0, (Class<?>) PublicoCotroller.class, "usuarioService", (Object) usuarioService0);
Injector.validateBean(publicoCotroller0, (Class<?>) PublicoCotroller.class);
RecuperacaoRequest recuperacaoRequest0 = new RecuperacaoRequest();
recuperacaoRequest0.setSenha("uI@jpP");
recuperacaoRequest0.setEmail("uI@jpP");
publicoCotroller0.recuperarSenha(recuperacaoRequest0);

