[MASTER] 14:43:51.904 [pool-2-thread-1] WARN  TestSuiteSerialization - Cannot load tests because file does not exist: /home/rickecr/Documentos/fulano-de-sal/.evosuite/evosuite-seeds/br.com.marmitaria.rest.controller.CategoriaController.seed
[MASTER] 14:43:54.421 [pool-2-thread-1] WARN  TestFactory - Bounded variable issue when calling createVariable()
[MASTER] 14:43:54.421 [pool-2-thread-1] WARN  TestChromosome - Functional mock problem: org.evosuite.ga.ConstructionFailedException: No objects and generators for type class br.com.marmitaria.persistence.service.CategoriaService
[MASTER] 14:43:54.534 [pool-2-thread-1] WARN  TestChromosome - Functional mock problem: org.evosuite.ga.ConstructionFailedException: Have no generator for java.util.function.UnaryOperator<java.lang.Object> canUseFunctionalMocks=false, canBeMocked: true
[MASTER] 14:43:54.536 [pool-2-thread-1] WARN  TestChromosome - Functional mock problem: org.evosuite.ga.ConstructionFailedException: Have no generator for java.util.Optional<java.lang.String> canUseFunctionalMocks=true, canBeMocked: false
[MASTER] 14:43:55.763 [pool-2-thread-1] WARN  TestChromosome - Functional mock problem: org.evosuite.ga.ConstructionFailedException: Have no generator for java.util.function.UnaryOperator<java.lang.String> canUseFunctionalMocks=false, canBeMocked: true
[MASTER] 14:43:56.333 [pool-2-thread-1] WARN  TestChromosome - Functional mock problem: org.evosuite.ga.ConstructionFailedException: Have no generator for java.util.function.UnaryOperator<br.com.marmitaria.persistence.model.Categoria> canUseFunctionalMocks=false, canBeMocked: true
[MASTER] 14:43:56.771 [pool-2-thread-1] WARN  TestChromosome - Functional mock problem: org.evosuite.ga.ConstructionFailedException: Have no generator for java.util.Optional<java.lang.Object> canUseFunctionalMocks=true, canBeMocked: false
[MASTER] 14:43:57.424 [pool-2-thread-1] WARN  TestChromosome - Functional mock problem: org.evosuite.ga.ConstructionFailedException: Have no generator for java.util.Optional<java.sql.SQLTransactionRollbackException> canUseFunctionalMocks=true, canBeMocked: false
[MASTER] 14:43:58.756 [pool-2-thread-1] WARN  TestChromosome - Functional mock problem: org.evosuite.ga.ConstructionFailedException: Failed to add constructor for java.sql.SQLTransactionRollbackException due to org.evosuite.ga.ConstructionFailedException: Failed to add constructor for java.sql.SQLWarning due to org.evosuite.ga.ConstructionFailedException: Failed to add constructor for java.sql.SQLIntegrityConstraintViolationException due to org.evosuite.ga.ConstructionFailedException: Failed to add constructor for java.sql.SQLException due to org.evosuite.ga.ConstructionFailedException: Max recursion depth reached
[MASTER] 14:43:58.951 [pool-2-thread-1] WARN  TestChromosome - Functional mock problem: org.evosuite.ga.ConstructionFailedException: Have no generator for java.util.Optional<br.com.marmitaria.persistence.model.Categoria> canUseFunctionalMocks=true, canBeMocked: false
[MASTER] 14:43:59.413 [pool-2-thread-1] WARN  TestChromosome - Functional mock problem: org.evosuite.ga.ConstructionFailedException: Have no generator for java.util.Optional<java.lang.String> canUseFunctionalMocks=false, canBeMocked: false
[MASTER] 14:43:59.801 [pool-2-thread-1] WARN  TestChromosome - Functional mock problem: org.evosuite.ga.ConstructionFailedException: Max recursion depth reached
[MASTER] 14:44:01.645 [pool-2-thread-1] WARN  TestChromosome - Functional mock problem: org.evosuite.ga.ConstructionFailedException: Failed to add constructor for java.sql.SQLTransactionRollbackException due to org.evosuite.ga.ConstructionFailedException: Failed to add constructor for java.sql.SQLClientInfoException due to org.evosuite.ga.ConstructionFailedException: Failed to add constructor for java.sql.SQLClientInfoException due to org.evosuite.ga.ConstructionFailedException: Max recursion depth reached
[MASTER] 14:44:02.477 [pool-2-thread-1] WARN  TestChromosome - Functional mock problem: org.evosuite.ga.ConstructionFailedException: Have no generator for java.util.Optional<java.lang.Object> canUseFunctionalMocks=false, canBeMocked: false
[MASTER] 14:44:02.880 [pool-2-thread-1] WARN  TestChromosome - Functional mock problem: org.evosuite.ga.ConstructionFailedException: Have no generator for java.util.Optional<br.com.marmitaria.persistence.model.Categoria> canUseFunctionalMocks=false, canBeMocked: false
[MASTER] 14:44:04.234 [pool-2-thread-1] WARN  TestChromosome - Functional mock problem: org.evosuite.ga.ConstructionFailedException: Failed to add constructor for java.sql.SQLTransactionRollbackException due to org.evosuite.ga.ConstructionFailedException: Failed to add constructor for org.evosuite.runtime.mock.java.lang.MockThrowable due to org.evosuite.ga.ConstructionFailedException: Max recursion depth reached
[MASTER] 14:44:05.434 [pool-2-thread-1] WARN  TestChromosome - Functional mock problem: org.evosuite.ga.ConstructionFailedException: Failed to add constructor for java.sql.SQLTransactionRollbackException due to org.evosuite.ga.ConstructionFailedException: Failed to add constructor for java.sql.SQLClientInfoException due to org.evosuite.ga.ConstructionFailedException: Failed to add constructor for java.sql.SQLClientInfoException due to org.evosuite.ga.ConstructionFailedException: Failed to add constructor for java.sql.SQLClientInfoException due to org.evosuite.ga.ConstructionFailedException: Max recursion depth reached
[MASTER] 14:44:06.227 [pool-2-thread-1] WARN  TestChromosome - Functional mock problem: org.evosuite.ga.ConstructionFailedException: Have no generator for java.util.Optional<java.lang.Integer> canUseFunctionalMocks=true, canBeMocked: false
[MASTER] 14:44:07.871 [pool-2-thread-1] WARN  TestChromosome - Functional mock problem: org.evosuite.ga.ConstructionFailedException: Error: VariableReference: Statement 13, type java.util.function.Function<java.lang.Object, java.util.Optional<br.com.marmitaria.persistence.model.Categoria>> is not assignable to java.util.function.Function<? super java.lang.Object, ? extends java.util.Optional<java.util.Optional<java.lang.String>>>
[MASTER] 14:44:07.967 [pool-2-thread-1] WARN  TestChromosome - Functional mock problem: org.evosuite.ga.ConstructionFailedException: Error: VariableReference: Statement 8, type java.util.function.Function<java.lang.Object, org.springframework.data.util.Lazy<java.sql.SQLTransactionRollbackException>> is not assignable to java.util.function.Function<? super java.lang.Object, ? extends org.springframework.data.util.Lazy<java.lang.String>>
[MASTER] 14:44:08.408 [pool-2-thread-1] WARN  TestChromosome - Functional mock problem: org.evosuite.ga.ConstructionFailedException: Error: VariableReference: Statement 12, type java.util.function.Function<java.lang.Object, org.springframework.data.util.Lazy<java.lang.Integer>> is not assignable to java.util.function.Function<? super java.sql.SQLTransactionRollbackException, org.springframework.data.util.Lazy<? extends java.lang.Integer>>
[MASTER] 14:44:08.627 [pool-2-thread-1] WARN  TestChromosome - Functional mock problem: org.evosuite.ga.ConstructionFailedException: Error: VariableReference: Statement 18, type java.util.function.Function<java.lang.Object, org.springframework.data.util.Lazy<java.lang.Integer>> is not assignable to java.util.function.Function<? super java.lang.Integer, org.springframework.data.util.Lazy<? extends java.lang.Integer>>
[MASTER] 14:44:09.618 [pool-2-thread-1] WARN  TestChromosome - Functional mock problem: org.evosuite.ga.ConstructionFailedException: Error: VariableReference: Statement 13, type java.util.function.Function<java.lang.Object, org.springframework.data.util.Lazy<java.sql.SQLTransactionRollbackException>> is not assignable to java.util.function.Function<? super java.lang.Object, ? extends org.springframework.data.util.Lazy<java.lang.String>>
[MASTER] 14:44:10.382 [pool-2-thread-1] WARN  TestChromosome - Functional mock problem: org.evosuite.ga.ConstructionFailedException: Failed to add constructor for java.sql.SQLTransactionRollbackException due to org.evosuite.ga.ConstructionFailedException: Failed to add constructor for java.sql.SQLTransientConnectionException due to org.evosuite.ga.ConstructionFailedException: Failed to add constructor for java.sql.SQLNonTransientConnectionException due to org.evosuite.ga.ConstructionFailedException: Failed to add constructor for java.sql.SQLSyntaxErrorException due to org.evosuite.ga.ConstructionFailedException: Failed to add constructor for java.sql.SQLException due to org.evosuite.ga.ConstructionFailedException: Max recursion depth reached
[MASTER] 14:44:10.453 [pool-2-thread-1] WARN  TestChromosome - Functional mock problem: org.evosuite.ga.ConstructionFailedException: Failed to add constructor for org.springframework.data.util.Lazy due to org.evosuite.ga.ConstructionFailedException: Failed to add constructor for org.springframework.util.function.SingletonSupplier due to org.evosuite.ga.ConstructionFailedException: Max recursion depth reached
[MASTER] 14:44:10.505 [pool-2-thread-1] WARN  TestChromosome - Functional mock problem: org.evosuite.ga.ConstructionFailedException: Error: VariableReference: Statement 13, type java.util.function.Function<java.sql.SQLTransactionRollbackException, org.springframework.data.util.Lazy<java.sql.SQLTransactionRollbackException>> is not assignable to java.util.function.Function<? super java.sql.SQLTransactionRollbackException, org.springframework.data.util.Lazy<? extends java.sql.SQLTransactionRollbackException>>
[MASTER] 14:44:11.302 [pool-2-thread-1] WARN  TestChromosome - Functional mock problem: org.evosuite.ga.ConstructionFailedException: Failed to add constructor for java.sql.SQLTransactionRollbackException due to org.evosuite.ga.ConstructionFailedException: Max recursion depth reached
[MASTER] 14:44:11.455 [pool-2-thread-1] WARN  TestChromosome - Functional mock problem: org.evosuite.ga.ConstructionFailedException: Error: VariableReference: Statement 10, type java.util.function.Function<java.lang.Object, java.util.Optional<br.com.marmitaria.persistence.model.Categoria>> is not assignable to java.util.function.Function<? super br.com.marmitaria.persistence.model.Categoria, ? extends java.util.Optional<java.lang.Integer>>
[MASTER] 14:44:12.003 [pool-2-thread-1] WARN  TestChromosome - Functional mock problem: org.evosuite.ga.ConstructionFailedException: Failed to add constructor for java.sql.SQLTransactionRollbackException due to org.evosuite.ga.ConstructionFailedException: Failed to add constructor for java.sql.SQLInvalidAuthorizationSpecException due to org.evosuite.ga.ConstructionFailedException: Failed to add constructor for java.sql.SQLFeatureNotSupportedException due to org.evosuite.ga.ConstructionFailedException: Max recursion depth reached
[MASTER] 14:44:12.039 [pool-2-thread-1] WARN  TestChromosome - Functional mock problem: org.evosuite.ga.ConstructionFailedException: Error: VariableReference: Statement 14, type java.util.function.Function<java.sql.SQLTransactionRollbackException, org.springframework.data.util.Lazy<java.sql.SQLTransactionRollbackException>> is not assignable to java.util.function.Function<? super java.sql.SQLTransactionRollbackException, org.springframework.data.util.Lazy<? extends java.sql.SQLTransactionRollbackException>>
[MASTER] 14:44:12.212 [pool-2-thread-1] WARN  TestChromosome - Functional mock problem: org.evosuite.ga.ConstructionFailedException: Error: VariableReference: Statement 11, type java.util.function.Function<java.lang.Object, org.springframework.data.util.Lazy<java.sql.SQLTransactionRollbackException>> is not assignable to java.util.function.Function<? super java.sql.SQLTransactionRollbackException, org.springframework.data.util.Lazy<? extends java.sql.SQLTransactionRollbackException>>
[MASTER] 14:44:12.665 [pool-2-thread-1] WARN  TestChromosome - Functional mock problem: org.evosuite.ga.ConstructionFailedException: Error: VariableReference: Statement 20, type java.util.function.Function<java.lang.Object, org.springframework.data.util.Lazy<java.sql.SQLTransactionRollbackException>> is not assignable to java.util.function.Function<? super java.sql.SQLTransactionRollbackException, org.springframework.data.util.Lazy<? extends java.sql.SQLTransactionRollbackException>>
[MASTER] 14:44:13.142 [pool-2-thread-1] WARN  TestChromosome - Functional mock problem: org.evosuite.ga.ConstructionFailedException: Failed to add constructor for org.springframework.util.function.SingletonSupplier due to org.evosuite.ga.ConstructionFailedException: Failed to add constructor for org.springframework.util.function.SingletonSupplier due to org.evosuite.ga.ConstructionFailedException: Max recursion depth reached
[MASTER] 14:44:13.783 [pool-2-thread-1] WARN  TestChromosome - Functional mock problem: org.evosuite.ga.ConstructionFailedException: Error: VariableReference: Statement 22, type java.util.function.Function<java.lang.Object, org.springframework.data.util.Lazy<java.sql.SQLTransactionRollbackException>> is not assignable to java.util.function.Function<? super java.sql.SQLTransactionRollbackException, org.springframework.data.util.Lazy<? extends java.sql.SQLTransactionRollbackException>>
[MASTER] 14:44:13.844 [pool-2-thread-1] WARN  TestChromosome - Functional mock problem: org.evosuite.ga.ConstructionFailedException: Error: VariableReference: Statement 14, type java.util.function.Function<java.lang.Object, org.springframework.data.util.Lazy<org.springframework.data.domain.ExampleMatcher$StringMatcher>> is not assignable to java.util.function.Function<? super java.sql.SQLTransactionRollbackException, org.springframework.data.util.Lazy<? extends org.springframework.data.domain.ExampleMatcher$StringMatcher>>
[MASTER] 14:44:14.439 [pool-2-thread-1] WARN  TestChromosome - Functional mock problem: org.evosuite.ga.ConstructionFailedException: Error: VariableReference: Statement 12, type java.util.function.Function<java.lang.Object, org.springframework.data.util.Lazy<java.sql.SQLTransactionRollbackException>> is not assignable to java.util.function.Function<? super java.sql.SQLTransactionRollbackException, org.springframework.data.util.Lazy<? extends java.sql.SQLTransactionRollbackException>>
[MASTER] 14:44:14.751 [pool-2-thread-1] WARN  TestChromosome - Functional mock problem: org.evosuite.ga.ConstructionFailedException: Error: VariableReference: Statement 10, type java.util.function.Function<java.lang.String, org.springframework.data.util.Lazy<java.lang.String>> is not assignable to java.util.function.Function<? super java.lang.String, org.springframework.data.util.Lazy<? extends java.lang.String>>
[MASTER] 14:44:15.438 [pool-2-thread-1] WARN  TestChromosome - Functional mock problem: org.evosuite.ga.ConstructionFailedException: Error: VariableReference: Statement 8, type java.util.function.Function<java.sql.SQLTransactionRollbackException, org.springframework.data.util.Lazy<java.sql.SQLTransactionRollbackException>> is not assignable to java.util.function.Function<? super java.sql.SQLTransactionRollbackException, org.springframework.data.util.Lazy<? extends java.sql.SQLTransactionRollbackException>>
[MASTER] 14:44:15.694 [pool-2-thread-1] WARN  TestChromosome - Functional mock problem: org.evosuite.ga.ConstructionFailedException: Error: VariableReference: Statement 14, type java.util.function.Function<java.lang.Object, org.springframework.data.util.Lazy<java.sql.SQLTransactionRollbackException>> is not assignable to java.util.function.Function<? super java.sql.SQLTransactionRollbackException, org.springframework.data.util.Lazy<? extends java.sql.SQLTransactionRollbackException>>
[MASTER] 14:44:15.894 [pool-2-thread-1] WARN  TestChromosome - Functional mock problem: org.evosuite.ga.ConstructionFailedException: Failed to add constructor for org.springframework.data.util.Lazy due to org.evosuite.ga.ConstructionFailedException: Failed to add constructor for org.springframework.util.function.SingletonSupplier due to org.evosuite.ga.ConstructionFailedException: Failed to add constructor for java.sql.SQLTransactionRollbackException due to org.evosuite.ga.ConstructionFailedException: Max recursion depth reached
[MASTER] 14:44:16.895 [pool-2-thread-1] WARN  TestChromosome - Functional mock problem: org.evosuite.ga.ConstructionFailedException: Have no generator for java.util.Optional<java.lang.Integer> canUseFunctionalMocks=false, canBeMocked: false
[MASTER] 14:44:16.935 [pool-2-thread-1] WARN  TestChromosome - Functional mock problem: org.evosuite.ga.ConstructionFailedException: Error: VariableReference: Statement 15, type java.util.function.Function<java.lang.Object, org.springframework.data.util.Lazy<java.sql.SQLTransactionRollbackException>> is not assignable to java.util.function.Function<? super java.sql.SQLTransactionRollbackException, org.springframework.data.util.Lazy<? extends java.sql.SQLTransactionRollbackException>>
[MASTER] 14:44:17.091 [pool-2-thread-1] WARN  TestChromosome - Functional mock problem: org.evosuite.ga.ConstructionFailedException: Failed to add constructor for java.sql.SQLTransactionRollbackException due to org.evosuite.ga.ConstructionFailedException: Failed to add constructor for java.sql.SQLSyntaxErrorException due to org.evosuite.ga.ConstructionFailedException: Max recursion depth reached
[MASTER] 14:44:19.266 [pool-2-thread-1] WARN  TestChromosome - Functional mock problem: org.evosuite.ga.ConstructionFailedException: Failed to add constructor for org.springframework.data.util.Lazy due to org.evosuite.ga.ConstructionFailedException: Max recursion depth reached
[MASTER] 14:44:19.462 [pool-2-thread-1] WARN  TestChromosome - Functional mock problem: org.evosuite.ga.ConstructionFailedException: Failed to add constructor for java.sql.SQLTransactionRollbackException due to org.evosuite.ga.ConstructionFailedException: Failed to add constructor for java.sql.BatchUpdateException due to org.evosuite.ga.ConstructionFailedException: Failed to add constructor for java.sql.SQLTransientConnectionException due to org.evosuite.ga.ConstructionFailedException: Max recursion depth reached
[MASTER] 14:44:19.575 [pool-2-thread-1] WARN  TestChromosome - Functional mock problem: org.evosuite.ga.ConstructionFailedException: Error: VariableReference: Statement 13, type java.util.function.Function<java.lang.Object, org.springframework.data.util.Lazy<org.springframework.data.domain.ExampleMatcher$StringMatcher>> is not assignable to java.util.function.Function<? super org.springframework.data.domain.ExampleMatcher$StringMatcher, org.springframework.data.util.Lazy<? extends org.springframework.data.domain.ExampleMatcher$StringMatcher>>
[MASTER] 14:44:19.709 [pool-2-thread-1] WARN  TestChromosome - Functional mock problem: org.evosuite.ga.ConstructionFailedException: Error: VariableReference: Statement 15, type java.util.function.Function<java.lang.Object, org.springframework.data.util.Lazy<br.com.marmitaria.persistence.model.Categoria>> is not assignable to java.util.function.Function<? super br.com.marmitaria.persistence.model.Categoria, org.springframework.data.util.Lazy<? extends br.com.marmitaria.persistence.model.Categoria>>
[MASTER] 14:44:21.587 [pool-2-thread-1] WARN  TestChromosome - Functional mock problem: org.evosuite.ga.ConstructionFailedException: Error: VariableReference: Statement 17, type java.util.function.Function<java.sql.SQLTransactionRollbackException, org.springframework.data.util.Lazy<java.sql.SQLTransactionRollbackException>> is not assignable to java.util.function.Function<? super java.sql.SQLTransactionRollbackException, org.springframework.data.util.Lazy<? extends java.sql.SQLTransactionRollbackException>>
[MASTER] 14:44:22.169 [pool-2-thread-1] WARN  TestChromosome - Functional mock problem: org.evosuite.ga.ConstructionFailedException: Error: VariableReference: Statement 11, type java.util.function.Function<java.lang.Object, org.springframework.data.util.Lazy<java.sql.SQLTransactionRollbackException>> is not assignable to java.util.function.Function<? super java.lang.Object, ? extends org.springframework.data.util.Lazy<java.lang.String>>
[MASTER] 14:44:22.643 [pool-2-thread-1] WARN  TestChromosome - Functional mock problem: org.evosuite.ga.ConstructionFailedException: Error: VariableReference: Statement 16, type java.util.function.Function<org.springframework.data.domain.ExampleMatcher$StringMatcher, org.springframework.data.util.Lazy<org.springframework.data.domain.ExampleMatcher$StringMatcher>> is not assignable to java.util.function.Function<? super org.springframework.data.domain.ExampleMatcher$StringMatcher, org.springframework.data.util.Lazy<? extends org.springframework.data.domain.ExampleMatcher$StringMatcher>>
[MASTER] 14:44:23.018 [pool-2-thread-1] WARN  TestChromosome - Functional mock problem: org.evosuite.ga.ConstructionFailedException: Failed to add constructor for java.sql.SQLTransactionRollbackException due to org.evosuite.ga.ConstructionFailedException: Failed to add constructor for java.sql.SQLNonTransientException due to org.evosuite.ga.ConstructionFailedException: Failed to add constructor for java.sql.SQLTimeoutException due to org.evosuite.ga.ConstructionFailedException: Failed to add constructor for java.sql.BatchUpdateException due to org.evosuite.ga.ConstructionFailedException: Failed to add constructor for java.sql.SQLNonTransientConnectionException due to org.evosuite.ga.ConstructionFailedException: Max recursion depth reached
[MASTER] 14:44:23.525 [pool-2-thread-1] WARN  TestChromosome - Functional mock problem: org.evosuite.ga.ConstructionFailedException: Failed to add constructor for org.springframework.util.function.SingletonSupplier due to org.evosuite.ga.ConstructionFailedException: Failed to add constructor for java.sql.SQLTransactionRollbackException due to org.evosuite.ga.ConstructionFailedException: Max recursion depth reached
[MASTER] 14:44:24.498 [pool-2-thread-1] WARN  TestChromosome - Functional mock problem: org.evosuite.ga.ConstructionFailedException: Failed to add constructor for org.springframework.data.util.Lazy due to org.evosuite.ga.ConstructionFailedException: Error: VariableReference: Statement 23, type java.util.function.Function<java.lang.Object, org.springframework.data.util.Lazy<java.sql.SQLTransactionRollbackException>> is not assignable to java.util.function.Function<? super java.sql.SQLTransactionRollbackException, org.springframework.data.util.Lazy<? extends java.sql.SQLTransactionRollbackException>>
[MASTER] 14:44:24.787 [pool-2-thread-1] WARN  TestChromosome - Functional mock problem: org.evosuite.ga.ConstructionFailedException: Error: VariableReference: Statement 10, type java.util.function.Function<java.sql.SQLTransactionRollbackException, org.springframework.data.util.Lazy<java.sql.SQLTransactionRollbackException>> is not assignable to java.util.function.Function<? super java.sql.SQLTransactionRollbackException, org.springframework.data.util.Lazy<? extends java.sql.SQLTransactionRollbackException>>
[MASTER] 14:44:24.865 [pool-2-thread-1] WARN  TestChromosome - Functional mock problem: org.evosuite.ga.ConstructionFailedException: Failed to add constructor for java.sql.SQLTransactionRollbackException due to org.evosuite.ga.ConstructionFailedException: Failed to add constructor for java.sql.SQLException due to org.evosuite.ga.ConstructionFailedException: Failed to add constructor for java.sql.SQLTransientConnectionException due to org.evosuite.ga.ConstructionFailedException: Max recursion depth reached
[MASTER] 14:44:25.034 [pool-2-thread-1] WARN  TestChromosome - Functional mock problem: org.evosuite.ga.ConstructionFailedException: Failed to add constructor for org.springframework.data.util.Lazy due to org.evosuite.ga.ConstructionFailedException: Error: VariableReference: Statement 10, type java.util.function.Function<java.lang.Object, org.springframework.data.util.Lazy<java.sql.SQLTransactionRollbackException>> is not assignable to java.util.function.Function<? super java.lang.Object, ? extends org.springframework.data.util.Lazy<java.lang.String>>
[MASTER] 14:44:25.060 [pool-2-thread-1] WARN  TestChromosome - Functional mock problem: org.evosuite.ga.ConstructionFailedException: Failed to add constructor for java.sql.SQLTransactionRollbackException due to org.evosuite.ga.ConstructionFailedException: Failed to add constructor for java.sql.SQLSyntaxErrorException due to org.evosuite.ga.ConstructionFailedException: Failed to add constructor for java.sql.SQLTransientConnectionException due to org.evosuite.ga.ConstructionFailedException: Failed to add constructor for java.sql.SQLDataException due to org.evosuite.ga.ConstructionFailedException: Max recursion depth reached
[MASTER] 14:44:25.174 [pool-2-thread-1] WARN  TestChromosome - Functional mock problem: org.evosuite.ga.ConstructionFailedException: Error: VariableReference: Statement 17, type java.util.function.Function<java.lang.Object, org.springframework.data.util.Lazy<org.springframework.data.domain.ExampleMatcher$StringMatcher>> is not assignable to java.util.function.Function<? super java.lang.Object, org.springframework.data.util.Lazy<?>>
[MASTER] 14:44:25.650 [pool-2-thread-1] WARN  TestChromosome - Functional mock problem: org.evosuite.ga.ConstructionFailedException: Error: VariableReference: Statement 14, type java.util.function.Function<java.lang.Object, org.springframework.data.util.Lazy<java.lang.Integer>> is not assignable to java.util.function.Function<? super java.sql.SQLTransactionRollbackException, org.springframework.data.util.Lazy<? extends java.lang.Integer>>
[MASTER] 14:44:25.988 [pool-2-thread-1] WARN  TestChromosome - Functional mock problem: org.evosuite.ga.ConstructionFailedException: Failed to add constructor for java.sql.SQLTransactionRollbackException due to org.evosuite.ga.ConstructionFailedException: Failed to add constructor for java.sql.SQLTransactionRollbackException due to org.evosuite.ga.ConstructionFailedException: Failed to add constructor for java.sql.SQLRecoverableException due to org.evosuite.ga.ConstructionFailedException: Failed to add constructor for java.sql.SQLTimeoutException due to org.evosuite.ga.ConstructionFailedException: Max recursion depth reached
[MASTER] 14:44:26.241 [pool-2-thread-1] WARN  TestChromosome - Functional mock problem: org.evosuite.ga.ConstructionFailedException: Error: VariableReference: Statement 9, type java.util.function.Function<java.lang.Object, org.springframework.data.util.Lazy<org.springframework.data.domain.ExampleMatcher$StringMatcher>> is not assignable to java.util.function.Function<? super java.sql.SQLTransactionRollbackException, org.springframework.data.util.Lazy<? extends org.springframework.data.domain.ExampleMatcher$StringMatcher>>
[MASTER] 14:44:26.245 [pool-2-thread-1] WARN  TestChromosome - Functional mock problem: org.evosuite.ga.ConstructionFailedException: Have no generator for org.springframework.data.util.Lazy<br.com.marmitaria.persistence.model.Categoria> canUseFunctionalMocks=false, canBeMocked: true
[MASTER] 14:44:26.607 [pool-2-thread-1] WARN  TestChromosome - Functional mock problem: org.evosuite.ga.ConstructionFailedException: Error: VariableReference: Statement 14, type java.util.function.Function<java.lang.Object, org.springframework.data.util.Lazy<java.sql.SQLTransactionRollbackException>> is not assignable to java.util.function.Function<? super java.lang.Object, ? extends org.springframework.data.util.Lazy<java.lang.String>>
[MASTER] 14:44:26.722 [pool-2-thread-1] WARN  TestChromosome - Functional mock problem: org.evosuite.ga.ConstructionFailedException: Failed to add constructor for org.springframework.data.util.Lazy due to org.evosuite.ga.ConstructionFailedException: Failed to add constructor for java.sql.SQLTransactionRollbackException due to org.evosuite.ga.ConstructionFailedException: Failed to add constructor for java.sql.SQLDataException due to org.evosuite.ga.ConstructionFailedException: Max recursion depth reached
[MASTER] 14:44:26.972 [pool-2-thread-1] WARN  TestChromosome - Functional mock problem: org.evosuite.ga.ConstructionFailedException: Failed to add constructor for org.springframework.util.function.SingletonSupplier due to org.evosuite.ga.ConstructionFailedException: Error: VariableReference: Statement 8, type org.springframework.util.function.SingletonSupplier<java.util.LinkedList<org.springframework.data.domain.ExampleMatcher$StringMatcher>> is not assignable to java.util.function.Supplier<? extends java.util.LinkedList<java.lang.Object>>
[MASTER] 14:44:27.046 [pool-2-thread-1] WARN  TestChromosome - Functional mock problem: org.evosuite.ga.ConstructionFailedException: Error: VariableReference: Statement 16, type java.util.function.Function<java.sql.SQLTransactionRollbackException, org.springframework.data.util.Lazy<java.sql.SQLTransactionRollbackException>> is not assignable to java.util.function.Function<? super java.sql.SQLTransactionRollbackException, org.springframework.data.util.Lazy<? extends java.sql.SQLTransactionRollbackException>>
[MASTER] 14:44:27.249 [pool-2-thread-1] WARN  TestChromosome - Functional mock problem: org.evosuite.ga.ConstructionFailedException: Error: VariableReference: Statement 14, type java.util.function.Function<java.lang.Object, java.util.Optional<br.com.marmitaria.persistence.model.Categoria>> is not assignable to java.util.function.Function<? super java.sql.SQLTransactionRollbackException, ? extends java.util.Optional<java.sql.SQLTransactionRollbackException>>
[MASTER] 14:44:27.508 [pool-2-thread-1] WARN  TestChromosome - Functional mock problem: org.evosuite.ga.ConstructionFailedException: Failed to add constructor for org.springframework.util.function.SingletonSupplier due to org.evosuite.ga.ConstructionFailedException: Max recursion depth reached
[MASTER] 14:44:28.394 [pool-2-thread-1] WARN  TestChromosome - Functional mock problem: org.evosuite.ga.ConstructionFailedException: Error: VariableReference: Statement 19, type java.util.function.Function<java.lang.Object, org.springframework.data.util.Lazy<java.sql.SQLTransactionRollbackException>> is not assignable to java.util.function.Function<? super java.sql.SQLTransactionRollbackException, org.springframework.data.util.Lazy<? extends java.sql.SQLTransactionRollbackException>>
[MASTER] 14:44:28.437 [pool-2-thread-1] WARN  TestChromosome - Functional mock problem: org.evosuite.ga.ConstructionFailedException: Failed to add constructor for org.springframework.data.util.Lazy due to org.evosuite.ga.ConstructionFailedException: Error: VariableReference: Statement 7, type java.util.function.Function<java.lang.Object, org.springframework.data.util.Lazy<java.sql.SQLTransactionRollbackException>> is not assignable to java.util.function.Function<? super java.sql.SQLTransactionRollbackException, org.springframework.data.util.Lazy<? extends java.sql.SQLTransactionRollbackException>>
[MASTER] 14:44:28.479 [pool-2-thread-1] WARN  TestChromosome - Functional mock problem: org.evosuite.ga.ConstructionFailedException: Failed to add constructor for org.springframework.data.util.Lazy due to org.evosuite.ga.ConstructionFailedException: Error: VariableReference: Statement 10, type java.util.function.Supplier<java.util.LinkedList<java.lang.String>> is not assignable to java.util.function.Supplier<? extends java.util.LinkedList<java.util.Optional<br.com.marmitaria.persistence.model.Categoria>>>
[MASTER] 14:44:28.566 [pool-2-thread-1] WARN  TestChromosome - Functional mock problem: org.evosuite.ga.ConstructionFailedException: Error: VariableReference: Statement 6, type java.util.function.Supplier<java.util.LinkedList<java.lang.Integer>> is not assignable to java.util.function.Supplier<? extends java.util.LinkedList<java.sql.SQLTransactionRollbackException>>
[MASTER] 14:44:28.686 [pool-2-thread-1] WARN  TestChromosome - Functional mock problem: org.evosuite.ga.ConstructionFailedException: Failed to add constructor for org.springframework.data.util.Lazy due to org.evosuite.ga.ConstructionFailedException: Failed to add constructor for java.sql.SQLTransactionRollbackException due to org.evosuite.ga.ConstructionFailedException: Failed to add constructor for java.sql.SQLClientInfoException due to org.evosuite.ga.ConstructionFailedException: Max recursion depth reached
[MASTER] 14:44:29.038 [pool-2-thread-1] WARN  TestChromosome - Functional mock problem: org.evosuite.ga.ConstructionFailedException: Error: VariableReference: Statement 18, type java.util.function.Function<java.lang.Object, org.springframework.data.util.Lazy<java.sql.SQLTransactionRollbackException>> is not assignable to java.util.function.Function<? super java.lang.Object, ? extends org.springframework.data.util.Lazy<java.lang.String>>
[MASTER] 14:44:29.171 [pool-2-thread-1] WARN  TestChromosome - Functional mock problem: org.evosuite.ga.ConstructionFailedException: Failed to add constructor for java.sql.SQLTransactionRollbackException due to org.evosuite.ga.ConstructionFailedException: Failed to add constructor for java.sql.SQLTransactionRollbackException due to org.evosuite.ga.ConstructionFailedException: Max recursion depth reached
[MASTER] 14:44:29.454 [pool-2-thread-1] WARN  TestChromosome - Functional mock problem: org.evosuite.ga.ConstructionFailedException: Error: VariableReference: Statement 12, type java.util.function.Function<java.sql.SQLTransactionRollbackException, org.springframework.data.util.Lazy<java.sql.SQLTransactionRollbackException>> is not assignable to java.util.function.Function<? super java.sql.SQLTransactionRollbackException, org.springframework.data.util.Lazy<? extends java.sql.SQLTransactionRollbackException>>
[MASTER] 14:44:29.490 [pool-2-thread-1] WARN  TestChromosome - Functional mock problem: org.evosuite.ga.ConstructionFailedException: Failed to add constructor for org.springframework.data.util.Lazy due to org.evosuite.ga.ConstructionFailedException: Failed to add constructor for java.sql.SQLTransactionRollbackException due to org.evosuite.ga.ConstructionFailedException: Failed to add constructor for java.sql.SQLWarning due to org.evosuite.ga.ConstructionFailedException: Max recursion depth reached
[MASTER] 14:44:30.415 [pool-2-thread-1] WARN  TestChromosome - Functional mock problem: org.evosuite.ga.ConstructionFailedException: Failed to add constructor for org.springframework.data.util.Lazy due to org.evosuite.ga.ConstructionFailedException: Error: VariableReference: Statement 17, type java.util.function.Function<java.sql.SQLTransactionRollbackException, org.springframework.data.util.Lazy<java.sql.SQLTransactionRollbackException>> is not assignable to java.util.function.Function<? super java.sql.SQLTransactionRollbackException, org.springframework.data.util.Lazy<? extends java.sql.SQLTransactionRollbackException>>
[MASTER] 14:44:30.545 [pool-2-thread-1] WARN  TestChromosome - Functional mock problem: org.evosuite.ga.ConstructionFailedException: Error: VariableReference: Statement 16, type java.util.function.Function<java.lang.Object, org.springframework.data.util.Lazy<br.com.marmitaria.persistence.model.Categoria>> is not assignable to java.util.function.Function<? super br.com.marmitaria.persistence.model.Categoria, org.springframework.data.util.Lazy<? extends br.com.marmitaria.persistence.model.Categoria>>
[MASTER] 14:44:30.873 [pool-2-thread-1] WARN  TestChromosome - Functional mock problem: org.evosuite.ga.ConstructionFailedException: Error: VariableReference: Statement 16, type java.util.function.Function<java.lang.Object, org.springframework.data.util.Lazy<java.sql.SQLTransactionRollbackException>> is not assignable to java.util.function.Function<? super java.sql.SQLTransactionRollbackException, org.springframework.data.util.Lazy<? extends java.sql.SQLTransactionRollbackException>>
[MASTER] 14:44:30.997 [pool-2-thread-1] WARN  TestChromosome - Functional mock problem: org.evosuite.ga.ConstructionFailedException: Error: VariableReference: Statement 4, type java.util.function.Supplier<java.util.LinkedList<java.lang.String>> is not assignable to java.util.function.Supplier<? extends java.util.LinkedList<java.sql.SQLTransactionRollbackException>>
[MASTER] 14:44:31.522 [pool-2-thread-1] WARN  TestChromosome - Functional mock problem: org.evosuite.ga.ConstructionFailedException: Error: VariableReference: Statement 10, type java.util.function.Function<java.lang.Object, org.springframework.data.util.Lazy<br.com.marmitaria.persistence.model.Categoria>> is not assignable to java.util.function.Function<? super br.com.marmitaria.persistence.model.Categoria, org.springframework.data.util.Lazy<? extends br.com.marmitaria.persistence.model.Categoria>>
[MASTER] 14:44:32.040 [pool-2-thread-1] WARN  TestChromosome - Functional mock problem: org.evosuite.ga.ConstructionFailedException: Error: VariableReference: Statement 10, type java.util.function.Function<java.lang.Integer, org.springframework.data.util.Lazy<java.lang.Integer>> is not assignable to java.util.function.Function<? super java.lang.Integer, org.springframework.data.util.Lazy<? extends java.lang.Integer>>
[MASTER] 14:44:32.062 [pool-2-thread-1] WARN  TestChromosome - Functional mock problem: org.evosuite.ga.ConstructionFailedException: Error: VariableReference: Statement 17, type java.util.function.Function<java.lang.Object, org.springframework.data.util.Lazy<java.sql.SQLTransactionRollbackException>> is not assignable to java.util.function.Function<? super java.sql.SQLTransactionRollbackException, org.springframework.data.util.Lazy<? extends java.sql.SQLTransactionRollbackException>>
[MASTER] 14:44:32.916 [pool-2-thread-1] WARN  TestChromosome - Functional mock problem: org.evosuite.ga.ConstructionFailedException: Have no generator for java.util.Optional<org.springframework.data.domain.ExampleMatcher$StringMatcher> canUseFunctionalMocks=false, canBeMocked: false
[MASTER] 14:44:33.094 [pool-2-thread-1] WARN  TestChromosome - Functional mock problem: org.evosuite.ga.ConstructionFailedException: Error: VariableReference: Statement 10, type java.util.function.Function<java.sql.SQLTransactionRollbackException, org.springframework.data.util.Lazy<java.util.Optional<br.com.marmitaria.persistence.model.Categoria>>> is not assignable to java.util.function.Function<? super java.sql.SQLTransactionRollbackException, org.springframework.data.util.Lazy<? extends java.util.Optional<org.springframework.data.domain.ExampleMatcher$StringMatcher>>>
[MASTER] 14:44:33.132 [pool-2-thread-1] WARN  TestChromosome - Functional mock problem: org.evosuite.ga.ConstructionFailedException: Error: VariableReference: Statement 15, type java.util.function.Function<java.lang.Object, org.springframework.data.util.Lazy<java.lang.Object>> is not assignable to java.util.function.Function<? super java.lang.Object, org.springframework.data.util.Lazy<?>>
[MASTER] 14:44:33.191 [pool-2-thread-1] WARN  TestChromosome - Functional mock problem: org.evosuite.ga.ConstructionFailedException: Error: VariableReference: Statement 15, type java.util.function.Function<java.sql.SQLTransactionRollbackException, org.springframework.data.util.Lazy<java.sql.SQLTransactionRollbackException>> is not assignable to java.util.function.Function<? super java.sql.SQLTransactionRollbackException, org.springframework.data.util.Lazy<? extends java.sql.SQLTransactionRollbackException>>
[MASTER] 14:44:33.911 [pool-2-thread-1] WARN  TestChromosome - Functional mock problem: org.evosuite.ga.ConstructionFailedException: Failed to add constructor for java.sql.SQLTransactionRollbackException due to org.evosuite.ga.ConstructionFailedException: Failed to add constructor for java.sql.SQLNonTransientException due to org.evosuite.ga.ConstructionFailedException: Failed to add constructor for java.sql.SQLWarning due to org.evosuite.ga.ConstructionFailedException: Failed to add constructor for java.sql.SQLTransientException due to org.evosuite.ga.ConstructionFailedException: Max recursion depth reached
[MASTER] 14:44:33.973 [pool-2-thread-1] WARN  TestChromosome - Functional mock problem: org.evosuite.ga.ConstructionFailedException: Failed to add constructor for java.sql.SQLTransactionRollbackException due to org.evosuite.ga.ConstructionFailedException: Failed to add constructor for java.sql.SQLIntegrityConstraintViolationException due to org.evosuite.ga.ConstructionFailedException: Failed to add constructor for java.sql.SQLNonTransientException due to org.evosuite.ga.ConstructionFailedException: Failed to add constructor for java.sql.BatchUpdateException due to org.evosuite.ga.ConstructionFailedException: Max recursion depth reached
[MASTER] 14:44:35.883 [pool-2-thread-1] WARN  TestChromosome - Functional mock problem: org.evosuite.ga.ConstructionFailedException: Failed to add constructor for java.sql.SQLTransactionRollbackException due to org.evosuite.ga.ConstructionFailedException: Failed to add constructor for java.sql.SQLFeatureNotSupportedException due to org.evosuite.ga.ConstructionFailedException: Failed to add constructor for java.sql.SQLNonTransientException due to org.evosuite.ga.ConstructionFailedException: Max recursion depth reached
[MASTER] 14:44:35.967 [pool-2-thread-1] WARN  TestChromosome - Functional mock problem: org.evosuite.ga.ConstructionFailedException: Failed to add constructor for java.sql.SQLTransactionRollbackException due to org.evosuite.ga.ConstructionFailedException: Failed to add constructor for java.sql.SQLTransientConnectionException due to org.evosuite.ga.ConstructionFailedException: Max recursion depth reached
[MASTER] 14:44:35.989 [pool-2-thread-1] WARN  TestChromosome - Functional mock problem: org.evosuite.ga.ConstructionFailedException: Failed to add constructor for org.springframework.data.util.Lazy due to org.evosuite.ga.ConstructionFailedException: Error: VariableReference: Statement 16, type java.util.function.Function<java.sql.SQLTransactionRollbackException, org.springframework.data.util.Lazy<java.sql.SQLTransactionRollbackException>> is not assignable to java.util.function.Function<? super java.sql.SQLTransactionRollbackException, org.springframework.data.util.Lazy<? extends java.sql.SQLTransactionRollbackException>>
[MASTER] 14:44:36.076 [pool-2-thread-1] WARN  TestChromosome - Functional mock problem: org.evosuite.ga.ConstructionFailedException: Failed to add constructor for org.springframework.util.function.SingletonSupplier due to org.evosuite.ga.ConstructionFailedException: Failed to add constructor for org.springframework.data.util.Lazy due to org.evosuite.ga.ConstructionFailedException: Max recursion depth reached
[MASTER] 14:44:36.172 [pool-2-thread-1] WARN  TestChromosome - Functional mock problem: org.evosuite.ga.ConstructionFailedException: Failed to add constructor for org.springframework.data.util.Lazy due to org.evosuite.ga.ConstructionFailedException: Error: VariableReference: Statement 12, type java.util.function.Function<java.lang.Object, org.springframework.data.util.Lazy<java.sql.SQLTransactionRollbackException>> is not assignable to java.util.function.Function<? super java.sql.SQLTransactionRollbackException, org.springframework.data.util.Lazy<? extends java.sql.SQLTransactionRollbackException>>
[MASTER] 14:44:36.237 [pool-2-thread-1] WARN  TestChromosome - Functional mock problem: org.evosuite.ga.ConstructionFailedException: Failed to add constructor for java.sql.SQLTransactionRollbackException due to org.evosuite.ga.ConstructionFailedException: Failed to add constructor for java.sql.SQLClientInfoException due to org.evosuite.ga.ConstructionFailedException: Failed to add constructor for java.sql.SQLRecoverableException due to org.evosuite.ga.ConstructionFailedException: Failed to add constructor for java.sql.SQLIntegrityConstraintViolationException due to org.evosuite.ga.ConstructionFailedException: Max recursion depth reached
[MASTER] 14:44:36.416 [pool-2-thread-1] WARN  TestChromosome - Functional mock problem: org.evosuite.ga.ConstructionFailedException: Failed to add constructor for java.sql.SQLTransactionRollbackException due to org.evosuite.ga.ConstructionFailedException: Failed to add constructor for java.sql.SQLTransactionRollbackException due to org.evosuite.ga.ConstructionFailedException: Failed to add constructor for java.sql.SQLRecoverableException due to org.evosuite.ga.ConstructionFailedException: Failed to add constructor for java.sql.SQLClientInfoException due to org.evosuite.ga.ConstructionFailedException: Failed to add constructor for java.sql.SQLClientInfoException due to org.evosuite.ga.ConstructionFailedException: Max recursion depth reached
[MASTER] 14:44:36.583 [pool-2-thread-1] WARN  TestChromosome - Functional mock problem: org.evosuite.ga.ConstructionFailedException: Error: VariableReference: Statement 5, type java.util.function.Function<br.com.marmitaria.persistence.model.Categoria, java.util.LinkedList<br.com.marmitaria.persistence.model.Categoria>> is not assignable to java.util.function.Function<? super br.com.marmitaria.persistence.model.Categoria, ? extends java.util.LinkedList<java.sql.SQLTransactionRollbackException>>
[MASTER] 14:44:36.844 [pool-2-thread-1] WARN  TestChromosome - Functional mock problem: org.evosuite.ga.ConstructionFailedException: Error: VariableReference: Statement 14, type java.util.function.Function<java.lang.Object, org.springframework.data.util.Lazy<java.lang.Integer>> is not assignable to java.util.function.Function<? super java.lang.Integer, org.springframework.data.util.Lazy<? extends java.lang.Integer>>
[MASTER] 14:44:37.254 [pool-2-thread-1] WARN  TestChromosome - Functional mock problem: org.evosuite.ga.ConstructionFailedException: Error: VariableReference: Statement 9, type java.util.function.Function<java.sql.SQLTransactionRollbackException, org.springframework.data.util.Lazy<java.sql.SQLTransactionRollbackException>> is not assignable to java.util.function.Function<? super java.sql.SQLTransactionRollbackException, org.springframework.data.util.Lazy<? extends java.sql.SQLTransactionRollbackException>>
[MASTER] 14:44:37.378 [pool-2-thread-1] WARN  TestChromosome - Functional mock problem: org.evosuite.ga.ConstructionFailedException: Failed to add constructor for java.sql.SQLTransactionRollbackException due to org.evosuite.ga.ConstructionFailedException: Failed to add constructor for java.sql.SQLClientInfoException due to org.evosuite.ga.ConstructionFailedException: Max recursion depth reached
[MASTER] 14:44:37.608 [pool-2-thread-1] WARN  TestChromosome - Functional mock problem: org.evosuite.ga.ConstructionFailedException: Failed to add constructor for java.util.LinkedList due to org.evosuite.ga.ConstructionFailedException: No objects and generators for type class br.com.marmitaria.persistence.service.CategoriaService
[MASTER] 14:44:37.994 [pool-2-thread-1] WARN  TestChromosome - Functional mock problem: org.evosuite.ga.ConstructionFailedException: Failed to add constructor for java.sql.SQLTransactionRollbackException due to org.evosuite.ga.ConstructionFailedException: Failed to add constructor for java.sql.BatchUpdateException due to org.evosuite.ga.ConstructionFailedException: Failed to add constructor for java.sql.SQLRecoverableException due to org.evosuite.ga.ConstructionFailedException: Failed to add constructor for java.sql.SQLNonTransientException due to org.evosuite.ga.ConstructionFailedException: Failed to add constructor for java.sql.SQLDataException due to org.evosuite.ga.ConstructionFailedException: Max recursion depth reached
[MASTER] 14:44:37.996 [pool-2-thread-1] WARN  TestChromosome - Functional mock problem: org.evosuite.ga.ConstructionFailedException: Error: VariableReference: Statement 18, type java.util.function.Function<java.lang.Object, org.springframework.data.util.Lazy<java.util.Optional<br.com.marmitaria.persistence.model.Categoria>>> is not assignable to java.util.function.Function<? super java.util.Optional<br.com.marmitaria.persistence.model.Categoria>, org.springframework.data.util.Lazy<? extends java.util.Optional<br.com.marmitaria.persistence.model.Categoria>>>
[MASTER] 14:44:39.418 [pool-2-thread-1] WARN  TestChromosome - Functional mock problem: org.evosuite.ga.ConstructionFailedException: Error: VariableReference: Statement 11, type org.springframework.util.function.SingletonSupplier<java.util.LinkedList<java.lang.String>> is not assignable to java.util.function.Supplier<? extends java.util.LinkedList<java.sql.SQLTransactionRollbackException>>
[MASTER] 14:44:39.442 [pool-2-thread-1] WARN  TestChromosome - Functional mock problem: org.evosuite.ga.ConstructionFailedException: Error: VariableReference: Statement 11, type java.util.function.Function<java.lang.String, org.springframework.data.util.Lazy<java.lang.String>> is not assignable to java.util.function.Function<? super java.lang.String, org.springframework.data.util.Lazy<? extends java.lang.String>>
[MASTER] 14:44:39.681 [pool-2-thread-1] WARN  TestChromosome - Functional mock problem: org.evosuite.ga.ConstructionFailedException: Error: VariableReference: Statement 13, type java.util.function.Function<org.springframework.data.domain.ExampleMatcher$StringMatcher, org.springframework.data.util.Lazy<org.springframework.data.domain.ExampleMatcher$StringMatcher>> is not assignable to java.util.function.Function<? super org.springframework.data.domain.ExampleMatcher$StringMatcher, org.springframework.data.util.Lazy<? extends org.springframework.data.domain.ExampleMatcher$StringMatcher>>
[MASTER] 14:44:40.345 [pool-2-thread-1] WARN  TestChromosome - Functional mock problem: org.evosuite.ga.ConstructionFailedException: Error: VariableReference: Statement 15, type java.util.function.Function<java.sql.SQLTransactionRollbackException, org.springframework.data.util.Lazy<java.lang.String>> is not assignable to java.util.function.Function<? super java.sql.SQLTransactionRollbackException, org.springframework.data.util.Lazy<? extends java.lang.String>>
[MASTER] 14:44:40.460 [pool-2-thread-1] WARN  TestChromosome - Functional mock problem: org.evosuite.ga.ConstructionFailedException: Failed to add constructor for java.sql.SQLTransactionRollbackException due to org.evosuite.ga.ConstructionFailedException: Failed to add constructor for java.sql.SQLDataException due to org.evosuite.ga.ConstructionFailedException: Max recursion depth reached
[MASTER] 14:44:40.906 [pool-2-thread-1] WARN  TestChromosome - Functional mock problem: org.evosuite.ga.ConstructionFailedException: Error: VariableReference: Statement 21, type java.util.function.Function<java.lang.Object, org.springframework.data.util.Lazy<java.sql.SQLTransactionRollbackException>> is not assignable to java.util.function.Function<? super java.sql.SQLTransactionRollbackException, org.springframework.data.util.Lazy<? extends java.sql.SQLTransactionRollbackException>>
[MASTER] 14:44:41.100 [pool-2-thread-1] WARN  TestChromosome - Functional mock problem: org.evosuite.ga.ConstructionFailedException: Error: VariableReference: Statement 16, type java.util.function.Function<java.lang.Object, org.springframework.data.util.Lazy<java.sql.SQLTransactionRollbackException>> is not assignable to java.util.function.Function<? super org.springframework.data.util.Lazy<java.sql.SQLTransactionRollbackException>, ? extends org.springframework.data.util.Lazy<org.springframework.data.util.Lazy<java.sql.SQLTransactionRollbackException>>>
[MASTER] 14:44:41.198 [pool-2-thread-1] WARN  TestChromosome - Functional mock problem: org.evosuite.ga.ConstructionFailedException: Error: VariableReference: Statement 10, type java.util.function.Function<java.lang.Object, java.util.Optional<br.com.marmitaria.persistence.model.Categoria>> is not assignable to java.util.function.Function<? super java.sql.SQLTransactionRollbackException, ? extends java.util.Optional<java.sql.SQLTransactionRollbackException>>
[MASTER] 14:44:41.766 [pool-2-thread-1] WARN  TestChromosome - Functional mock problem: org.evosuite.ga.ConstructionFailedException: Error: VariableReference: Statement 9, type java.util.function.Function<java.lang.Integer, org.springframework.data.util.Lazy<java.lang.Integer>> is not assignable to java.util.function.Function<? super java.lang.Integer, org.springframework.data.util.Lazy<? extends java.lang.Integer>>
[MASTER] 14:44:42.190 [pool-2-thread-1] WARN  TestChromosome - Functional mock problem: org.evosuite.ga.ConstructionFailedException: Error: VariableReference: Statement 13, type java.util.function.Function<java.lang.Object, org.springframework.data.util.Lazy<java.lang.Integer>> is not assignable to java.util.function.Function<? super java.lang.Integer, org.springframework.data.util.Lazy<? extends java.lang.Integer>>
[MASTER] 14:44:42.220 [pool-2-thread-1] WARN  TestChromosome - Functional mock problem: org.evosuite.ga.ConstructionFailedException: Error: VariableReference: Statement 14, type java.util.function.Function<java.lang.Object, org.springframework.data.util.Lazy<java.util.Optional<br.com.marmitaria.persistence.model.Categoria>>> is not assignable to java.util.function.Function<? super java.sql.SQLTransactionRollbackException, org.springframework.data.util.Lazy<? extends java.util.Optional<br.com.marmitaria.persistence.model.Categoria>>>
[MASTER] 14:44:42.247 [pool-2-thread-1] WARN  TestChromosome - Functional mock problem: org.evosuite.ga.ConstructionFailedException: Error: VariableReference: Statement 25, type java.util.function.Function<java.lang.Object, org.springframework.data.util.Lazy<java.sql.SQLTransactionRollbackException>> is not assignable to java.util.function.Function<? super java.sql.SQLTransactionRollbackException, org.springframework.data.util.Lazy<? extends java.sql.SQLTransactionRollbackException>>
[MASTER] 14:44:42.935 [pool-2-thread-1] WARN  TestChromosome - Functional mock problem: org.evosuite.ga.ConstructionFailedException: Error: VariableReference: Statement 18, type java.util.function.Function<java.lang.Object, org.springframework.data.util.Lazy<java.sql.SQLTransactionRollbackException>> is not assignable to java.util.function.Function<? super java.sql.SQLTransactionRollbackException, org.springframework.data.util.Lazy<? extends java.sql.SQLTransactionRollbackException>>
[MASTER] 14:44:43.336 [pool-2-thread-1] WARN  TestChromosome - Functional mock problem: org.evosuite.ga.ConstructionFailedException: Error: VariableReference: Statement 17, type java.util.function.Function<java.lang.Object, org.springframework.data.util.Lazy<java.lang.String>> is not assignable to java.util.function.Function<? super java.lang.Object, org.springframework.data.util.Lazy<?>>
[MASTER] 14:44:43.429 [pool-2-thread-1] WARN  TestChromosome - Functional mock problem: org.evosuite.ga.ConstructionFailedException: Failed to add constructor for org.springframework.data.util.Lazy due to org.evosuite.ga.ConstructionFailedException: Failed to add constructor for java.sql.SQLTransactionRollbackException due to org.evosuite.ga.ConstructionFailedException: Failed to add constructor for java.sql.BatchUpdateException due to org.evosuite.ga.ConstructionFailedException: Max recursion depth reached
[MASTER] 14:44:43.690 [pool-2-thread-1] WARN  TestChromosome - Functional mock problem: org.evosuite.ga.ConstructionFailedException: Have no generator for java.util.Optional<java.util.Optional<br.com.marmitaria.persistence.model.Categoria>> canUseFunctionalMocks=false, canBeMocked: false
[MASTER] 14:44:43.884 [pool-2-thread-1] WARN  TestChromosome - Functional mock problem: org.evosuite.ga.ConstructionFailedException: Error: VariableReference: Statement 9, type java.util.function.Function<java.lang.Object, org.springframework.data.util.Lazy<java.sql.SQLTransactionRollbackException>> is not assignable to java.util.function.Function<? super java.sql.SQLTransactionRollbackException, org.springframework.data.util.Lazy<? extends java.sql.SQLTransactionRollbackException>>
[MASTER] 14:44:44.747 [pool-2-thread-1] WARN  TestChromosome - Functional mock problem: org.evosuite.ga.ConstructionFailedException: Error: VariableReference: Statement 23, type java.util.function.Function<java.sql.SQLTransactionRollbackException, org.springframework.data.util.Lazy<org.springframework.data.domain.ExampleMatcher$StringMatcher>> is not assignable to java.util.function.Function<? super java.sql.SQLTransactionRollbackException, org.springframework.data.util.Lazy<? extends org.springframework.data.domain.ExampleMatcher$StringMatcher>>
[MASTER] 14:44:46.518 [pool-2-thread-1] WARN  TestChromosome - Functional mock problem: org.evosuite.ga.ConstructionFailedException: Failed to add constructor for java.sql.SQLTransactionRollbackException due to org.evosuite.ga.ConstructionFailedException: Failed to add constructor for java.sql.SQLFeatureNotSupportedException due to org.evosuite.ga.ConstructionFailedException: Failed to add constructor for java.sql.SQLTransientException due to org.evosuite.ga.ConstructionFailedException: Max recursion depth reached
[MASTER] 14:44:46.982 [pool-2-thread-1] WARN  TestChromosome - Functional mock problem: org.evosuite.ga.ConstructionFailedException: Error: VariableReference: Statement 10, type java.util.function.Function<java.lang.Object, org.springframework.data.util.Lazy<java.sql.SQLTransactionRollbackException>> is not assignable to java.util.function.Function<? super java.sql.SQLTransactionRollbackException, org.springframework.data.util.Lazy<? extends java.sql.SQLTransactionRollbackException>>
[MASTER] 14:44:47.137 [pool-2-thread-1] WARN  TestChromosome - Functional mock problem: org.evosuite.ga.ConstructionFailedException: Have no generator for java.util.Optional<java.sql.SQLTransactionRollbackException> canUseFunctionalMocks=false, canBeMocked: false
[MASTER] 14:44:47.388 [pool-2-thread-1] WARN  TestChromosome - Functional mock problem: org.evosuite.ga.ConstructionFailedException: Failed to add constructor for org.springframework.data.util.Lazy due to org.evosuite.ga.ConstructionFailedException: Failed to add constructor for java.sql.SQLTransactionRollbackException due to org.evosuite.ga.ConstructionFailedException: Failed to add constructor for java.sql.BatchUpdateException due to org.evosuite.ga.ConstructionFailedException: Failed to add constructor for java.sql.SQLTransientConnectionException due to org.evosuite.ga.ConstructionFailedException: Max recursion depth reached
[MASTER] 14:44:47.469 [pool-2-thread-1] WARN  TestChromosome - Functional mock problem: org.evosuite.ga.ConstructionFailedException: Error: VariableReference: Statement 17, type java.util.function.Function<java.lang.Object, org.springframework.data.util.Lazy<java.util.Optional<br.com.marmitaria.persistence.model.Categoria>>> is not assignable to java.util.function.Function<? super java.util.Optional<br.com.marmitaria.persistence.model.Categoria>, org.springframework.data.util.Lazy<? extends java.util.Optional<br.com.marmitaria.persistence.model.Categoria>>>
[MASTER] 14:44:47.755 [pool-2-thread-1] WARN  TestChromosome - Functional mock problem: org.evosuite.ga.ConstructionFailedException: Error: VariableReference: Statement 16, type java.util.function.Function<java.lang.Object, org.springframework.data.util.Lazy<java.util.Optional<br.com.marmitaria.persistence.model.Categoria>>> is not assignable to java.util.function.Function<? super java.util.Optional<br.com.marmitaria.persistence.model.Categoria>, org.springframework.data.util.Lazy<? extends java.util.Optional<br.com.marmitaria.persistence.model.Categoria>>>
[MASTER] 14:44:47.867 [pool-2-thread-1] WARN  TestChromosome - Functional mock problem: org.evosuite.ga.ConstructionFailedException: Failed to add constructor for java.sql.SQLTransactionRollbackException due to org.evosuite.ga.ConstructionFailedException: Failed to add constructor for java.sql.SQLNonTransientConnectionException due to org.evosuite.ga.ConstructionFailedException: Failed to add constructor for java.sql.SQLException due to org.evosuite.ga.ConstructionFailedException: Failed to add constructor for java.sql.SQLDataException due to org.evosuite.ga.ConstructionFailedException: Max recursion depth reached
[MASTER] 14:44:48.239 [pool-2-thread-1] WARN  TestChromosome - Functional mock problem: org.evosuite.ga.ConstructionFailedException: Failed to add constructor for java.sql.SQLTransactionRollbackException due to org.evosuite.ga.ConstructionFailedException: Failed to add constructor for java.sql.SQLFeatureNotSupportedException due to org.evosuite.ga.ConstructionFailedException: Failed to add constructor for java.sql.SQLInvalidAuthorizationSpecException due to org.evosuite.ga.ConstructionFailedException: Failed to add constructor for java.sql.SQLWarning due to org.evosuite.ga.ConstructionFailedException: Max recursion depth reached
[MASTER] 14:44:49.078 [pool-2-thread-1] WARN  TestChromosome - Functional mock problem: org.evosuite.ga.ConstructionFailedException: Failed to add constructor for java.sql.SQLTransactionRollbackException due to org.evosuite.ga.ConstructionFailedException: Failed to add constructor for java.sql.SQLWarning due to org.evosuite.ga.ConstructionFailedException: Failed to add constructor for java.sql.DataTruncation due to org.evosuite.ga.ConstructionFailedException: Max recursion depth reached
[MASTER] 14:44:49.177 [pool-2-thread-1] WARN  TestChromosome - Functional mock problem: org.evosuite.ga.ConstructionFailedException: Failed to add constructor for org.springframework.data.util.Lazy due to org.evosuite.ga.ConstructionFailedException: Error: VariableReference: Statement 17, type java.util.function.Function<java.lang.Object, org.springframework.data.util.Lazy<java.sql.SQLTransactionRollbackException>> is not assignable to java.util.function.Function<? super java.sql.SQLTransactionRollbackException, org.springframework.data.util.Lazy<? extends java.sql.SQLTransactionRollbackException>>
[MASTER] 14:44:49.230 [pool-2-thread-1] WARN  TestChromosome - Functional mock problem: org.evosuite.ga.ConstructionFailedException: Failed to add constructor for org.springframework.util.function.SingletonSupplier due to org.evosuite.ga.ConstructionFailedException: Error: VariableReference: Statement 12, type org.springframework.util.function.SingletonSupplier<java.util.LinkedList<java.lang.Object>> is not assignable to java.util.function.Supplier<? extends java.util.LinkedList<java.lang.Integer>>
[MASTER] 14:44:49.346 [pool-2-thread-1] WARN  TestChromosome - Functional mock problem: org.evosuite.ga.ConstructionFailedException: Error: VariableReference: Statement 20, type java.util.function.Function<java.sql.SQLTransactionRollbackException, org.springframework.data.util.Lazy<org.springframework.data.domain.ExampleMatcher$StringMatcher>> is not assignable to java.util.function.Function<? super java.sql.SQLTransactionRollbackException, org.springframework.data.util.Lazy<? extends org.springframework.data.domain.ExampleMatcher$StringMatcher>>
[MASTER] 14:44:49.348 [pool-2-thread-1] WARN  TestChromosome - Functional mock problem: org.evosuite.ga.ConstructionFailedException: Failed to add constructor for java.sql.SQLTransactionRollbackException due to org.evosuite.ga.ConstructionFailedException: Failed to add constructor for java.sql.SQLNonTransientConnectionException due to org.evosuite.ga.ConstructionFailedException: Failed to add constructor for java.sql.SQLClientInfoException due to org.evosuite.ga.ConstructionFailedException: Max recursion depth reached
[MASTER] 14:44:49.389 [pool-2-thread-1] WARN  TestChromosome - Functional mock problem: org.evosuite.ga.ConstructionFailedException: Failed to add constructor for java.sql.SQLTransactionRollbackException due to org.evosuite.ga.ConstructionFailedException: Failed to add constructor for java.sql.SQLRecoverableException due to org.evosuite.ga.ConstructionFailedException: Failed to add constructor for java.sql.SQLNonTransientConnectionException due to org.evosuite.ga.ConstructionFailedException: Failed to add constructor for java.sql.SQLNonTransientException due to org.evosuite.ga.ConstructionFailedException: Failed to add constructor for java.sql.SQLTransactionRollbackException due to org.evosuite.ga.ConstructionFailedException: Max recursion depth reached
[MASTER] 14:44:49.881 [pool-2-thread-1] WARN  TestChromosome - Functional mock problem: org.evosuite.ga.ConstructionFailedException: Failed to add constructor for org.springframework.data.util.Lazy due to org.evosuite.ga.ConstructionFailedException: Failed to add constructor for org.springframework.util.function.SingletonSupplier due to org.evosuite.ga.ConstructionFailedException: Failed to add constructor for org.springframework.util.function.SingletonSupplier due to org.evosuite.ga.ConstructionFailedException: Max recursion depth reached
[MASTER] 14:44:50.173 [pool-2-thread-1] WARN  TestChromosome - Functional mock problem: org.evosuite.ga.ConstructionFailedException: Error: VariableReference: Statement 20, type java.util.function.Function<java.lang.Object, org.springframework.data.util.Lazy<java.sql.SQLTransactionRollbackException>> is not assignable to java.util.function.Function<? super java.lang.Object, ? extends org.springframework.data.util.Lazy<java.lang.String>>
[MASTER] 14:44:51.026 [pool-2-thread-1] WARN  TestChromosome - Functional mock problem: org.evosuite.ga.ConstructionFailedException: Error: VariableReference: Statement 12, type java.util.function.Function<java.lang.Object, org.springframework.data.util.Lazy<org.springframework.data.util.Lazy<java.sql.SQLTransactionRollbackException>>> is not assignable to java.util.function.Function<? super org.springframework.data.util.Lazy<java.sql.SQLTransactionRollbackException>, org.springframework.data.util.Lazy<? extends org.springframework.data.util.Lazy<java.sql.SQLTransactionRollbackException>>>
[MASTER] 14:44:51.395 [pool-2-thread-1] WARN  TestChromosome - Functional mock problem: org.evosuite.ga.ConstructionFailedException: Error: VariableReference: Statement 11, type org.springframework.util.function.SingletonSupplier<java.util.LinkedList<org.springframework.data.domain.ExampleMatcher$StringMatcher>> is not assignable to java.util.function.Supplier<? extends java.util.LinkedList<java.sql.SQLTransactionRollbackException>>
[MASTER] 14:44:51.585 [pool-2-thread-1] WARN  TestChromosome - Functional mock problem: org.evosuite.ga.ConstructionFailedException: Error: VariableReference: Statement 13, type java.util.function.Function<java.lang.Object, org.springframework.data.util.Lazy<br.com.marmitaria.persistence.model.Categoria>> is not assignable to java.util.function.Function<? super br.com.marmitaria.persistence.model.Categoria, org.springframework.data.util.Lazy<? extends br.com.marmitaria.persistence.model.Categoria>>
[MASTER] 14:44:51.904 [pool-2-thread-1] WARN  TestChromosome - Functional mock problem: org.evosuite.ga.ConstructionFailedException: Error: VariableReference: Statement 28, type java.util.function.Function<java.lang.Object, org.springframework.data.util.Lazy<java.sql.SQLTransactionRollbackException>> is not assignable to java.util.function.Function<? super java.sql.SQLTransactionRollbackException, org.springframework.data.util.Lazy<? extends java.sql.SQLTransactionRollbackException>>
[MASTER] 14:44:52.077 [pool-2-thread-1] WARN  TestChromosome - Functional mock problem: org.evosuite.ga.ConstructionFailedException: Failed to add constructor for java.sql.SQLTransactionRollbackException due to org.evosuite.ga.ConstructionFailedException: Failed to add constructor for java.sql.SQLTransientConnectionException due to org.evosuite.ga.ConstructionFailedException: Failed to add constructor for java.sql.SQLInvalidAuthorizationSpecException due to org.evosuite.ga.ConstructionFailedException: Failed to add constructor for java.sql.SQLTransactionRollbackException due to org.evosuite.ga.ConstructionFailedException: Max recursion depth reached
[MASTER] 14:44:52.504 [pool-2-thread-1] WARN  TestChromosome - Functional mock problem: org.evosuite.ga.ConstructionFailedException: Error: VariableReference: Statement 12, type java.util.function.Function<java.lang.Object, org.springframework.data.util.Lazy<java.lang.Integer>> is not assignable to java.util.function.Function<? super java.lang.Object, org.springframework.data.util.Lazy<?>>
[MASTER] 14:44:52.827 [pool-2-thread-1] WARN  TestChromosome - Functional mock problem: org.evosuite.ga.ConstructionFailedException: Failed to add constructor for org.springframework.data.util.Lazy due to org.evosuite.ga.ConstructionFailedException: Failed to add constructor for java.sql.SQLTransactionRollbackException due to org.evosuite.ga.ConstructionFailedException: Max recursion depth reached
[MASTER] 14:44:53.037 [pool-2-thread-1] WARN  TestChromosome - Functional mock problem: org.evosuite.ga.ConstructionFailedException: Failed to add constructor for org.springframework.data.util.Lazy due to org.evosuite.ga.ConstructionFailedException: Error: VariableReference: Statement 14, type java.util.function.Function<java.lang.Object, org.springframework.data.util.Lazy<br.com.marmitaria.persistence.model.Categoria>> is not assignable to java.util.function.Function<? super br.com.marmitaria.persistence.model.Categoria, org.springframework.data.util.Lazy<? extends br.com.marmitaria.persistence.model.Categoria>>
[MASTER] 14:44:53.720 [pool-2-thread-1] WARN  TestChromosome - Functional mock problem: org.evosuite.ga.ConstructionFailedException: Error: VariableReference: Statement 12, type java.util.function.Supplier<java.util.LinkedList<br.com.marmitaria.persistence.model.Categoria>> is not assignable to java.util.function.Supplier<? extends java.util.LinkedList<java.sql.SQLTransactionRollbackException>>
[MASTER] 14:44:53.815 [pool-2-thread-1] WARN  TestChromosome - Functional mock problem: org.evosuite.ga.ConstructionFailedException: Failed to add constructor for java.sql.SQLTransactionRollbackException due to org.evosuite.ga.ConstructionFailedException: Failed to add constructor for java.sql.SQLDataException due to org.evosuite.ga.ConstructionFailedException: Failed to add constructor for java.sql.BatchUpdateException due to org.evosuite.ga.ConstructionFailedException: Max recursion depth reached
[MASTER] 14:44:54.386 [pool-2-thread-1] WARN  TestChromosome - Functional mock problem: org.evosuite.ga.ConstructionFailedException: Failed to add constructor for java.sql.SQLTransactionRollbackException due to org.evosuite.ga.ConstructionFailedException: Failed to add constructor for java.sql.SQLNonTransientException due to org.evosuite.ga.ConstructionFailedException: Failed to add constructor for java.sql.SQLIntegrityConstraintViolationException due to org.evosuite.ga.ConstructionFailedException: Failed to add constructor for java.sql.SQLRecoverableException due to org.evosuite.ga.ConstructionFailedException: Max recursion depth reached
[MASTER] 14:44:54.707 [pool-2-thread-1] WARN  TestChromosome - Functional mock problem: org.evosuite.ga.ConstructionFailedException: Failed to add constructor for org.springframework.data.util.Lazy due to org.evosuite.ga.ConstructionFailedException: Failed to add constructor for java.sql.SQLTransactionRollbackException due to org.evosuite.ga.ConstructionFailedException: Failed to add constructor for java.sql.SQLNonTransientException due to org.evosuite.ga.ConstructionFailedException: Max recursion depth reached
[MASTER] 14:44:54.795 [pool-2-thread-1] WARN  TestChromosome - Functional mock problem: org.evosuite.ga.ConstructionFailedException: Failed to add constructor for java.sql.SQLTransactionRollbackException due to org.evosuite.ga.ConstructionFailedException: Failed to add constructor for java.sql.BatchUpdateException due to org.evosuite.ga.ConstructionFailedException: Failed to add constructor for java.sql.SQLFeatureNotSupportedException due to org.evosuite.ga.ConstructionFailedException: Failed to add constructor for java.sql.SQLClientInfoException due to org.evosuite.ga.ConstructionFailedException: Failed to add constructor for java.sql.SQLRecoverableException due to org.evosuite.ga.ConstructionFailedException: Max recursion depth reached
[MASTER] 14:44:55.681 [pool-2-thread-1] WARN  TestChromosome - Functional mock problem: org.evosuite.ga.ConstructionFailedException: Failed to add constructor for org.springframework.data.util.Lazy due to org.evosuite.ga.ConstructionFailedException: Failed to add constructor for org.springframework.util.function.SingletonSupplier due to org.evosuite.ga.ConstructionFailedException: Failed to add constructor for java.sql.SQLTransactionRollbackException due to org.evosuite.ga.ConstructionFailedException: Failed to add constructor for java.sql.SQLTransientConnectionException due to org.evosuite.ga.ConstructionFailedException: Max recursion depth reached
[MASTER] 14:44:55.914 [pool-2-thread-1] WARN  TestChromosome - Functional mock problem: org.evosuite.ga.ConstructionFailedException: Failed to add constructor for java.sql.SQLTransactionRollbackException due to org.evosuite.ga.ConstructionFailedException: Failed to add constructor for java.sql.BatchUpdateException due to org.evosuite.ga.ConstructionFailedException: Failed to add constructor for java.sql.SQLTransientException due to org.evosuite.ga.ConstructionFailedException: Failed to add constructor for java.sql.SQLInvalidAuthorizationSpecException due to org.evosuite.ga.ConstructionFailedException: Failed to add constructor for java.sql.SQLSyntaxErrorException due to org.evosuite.ga.ConstructionFailedException: Max recursion depth reached
[MASTER] 14:44:56.565 [pool-2-thread-1] WARN  TestChromosome - Functional mock problem: org.evosuite.ga.ConstructionFailedException: Failed to add constructor for java.sql.SQLTransactionRollbackException due to org.evosuite.ga.ConstructionFailedException: Failed to add constructor for java.sql.SQLTransientException due to org.evosuite.ga.ConstructionFailedException: Failed to add constructor for java.sql.SQLWarning due to org.evosuite.ga.ConstructionFailedException: Max recursion depth reached
[MASTER] 14:44:56.924 [pool-2-thread-1] WARN  TestChromosome - Functional mock problem: org.evosuite.ga.ConstructionFailedException: Failed to add constructor for org.springframework.data.util.Lazy due to org.evosuite.ga.ConstructionFailedException: Error: VariableReference: Statement 9, type java.util.function.Function<java.lang.Object, org.springframework.data.util.Lazy<java.lang.Integer>> is not assignable to java.util.function.Function<? super java.lang.Integer, org.springframework.data.util.Lazy<? extends java.lang.Integer>>
[MASTER] 14:44:57.169 [pool-2-thread-1] WARN  TestChromosome - Functional mock problem: org.evosuite.ga.ConstructionFailedException: Have no generator for java.util.Optional<org.springframework.data.domain.ExampleMatcher$StringMatcher> canUseFunctionalMocks=true, canBeMocked: false
[MASTER] 14:44:57.680 [pool-2-thread-1] WARN  TestChromosome - Functional mock problem: org.evosuite.ga.ConstructionFailedException: Error: VariableReference: Statement 12, type java.util.function.Function<java.sql.SQLTransactionRollbackException, org.springframework.data.util.Lazy<org.springframework.data.domain.ExampleMatcher$StringMatcher>> is not assignable to java.util.function.Function<? super java.sql.SQLTransactionRollbackException, org.springframework.data.util.Lazy<? extends org.springframework.data.domain.ExampleMatcher$StringMatcher>>
[MASTER] 14:44:57.738 [pool-2-thread-1] WARN  TestChromosome - Functional mock problem: org.evosuite.ga.ConstructionFailedException: Error: VariableReference: Statement 12, type java.util.function.Function<java.lang.Object, org.springframework.data.util.Lazy<org.springframework.data.domain.ExampleMatcher$StringMatcher>> is not assignable to java.util.function.Function<? super java.sql.SQLTransactionRollbackException, org.springframework.data.util.Lazy<? extends org.springframework.data.domain.ExampleMatcher$StringMatcher>>
[MASTER] 14:44:57.911 [pool-2-thread-1] WARN  TestChromosome - Functional mock problem: org.evosuite.ga.ConstructionFailedException: Error: VariableReference: Statement 7, type java.util.function.Supplier<java.util.LinkedList<org.springframework.data.domain.ExampleMatcher$StringMatcher>> is not assignable to java.util.function.Supplier<? extends java.util.LinkedList<java.sql.SQLTransactionRollbackException>>
[MASTER] 14:44:58.484 [pool-2-thread-1] WARN  TestChromosome - Functional mock problem: org.evosuite.ga.ConstructionFailedException: Failed to add constructor for org.springframework.data.util.Lazy due to org.evosuite.ga.ConstructionFailedException: Error: VariableReference: Statement 14, type java.util.function.Function<br.com.marmitaria.persistence.model.Categoria, org.springframework.data.util.Lazy<br.com.marmitaria.persistence.model.Categoria>> is not assignable to java.util.function.Function<? super br.com.marmitaria.persistence.model.Categoria, org.springframework.data.util.Lazy<? extends br.com.marmitaria.persistence.model.Categoria>>
[MASTER] 14:44:58.656 [pool-2-thread-1] WARN  TestChromosome - Functional mock problem: org.evosuite.ga.ConstructionFailedException: Error: VariableReference: Statement 11, type org.springframework.data.util.Lazy<java.util.LinkedList<java.lang.String>> is not assignable to java.util.function.Supplier<? extends java.util.LinkedList<java.sql.SQLTransactionRollbackException>>
